18:56:52 [AkkaRemoteClient-akka.actor.default-dispatcher-5] INFO  com.i2i.Client - MSISDN: 1|5
18:56:52 [AkkaRemoteClient-akka.actor.default-dispatcher-5] WARN  com.i2i.Client - Location: TURKEY
18:56:52 [AkkaRemoteClient-akka.actor.default-dispatcher-5] ERROR com.i2i.Client - Service: SMS
18:56:52 [AkkaRemoteClient-akka.actor.default-dispatcher-5] FATAL com.i2i.Client - Amount: 1
18:56:52 [AkkaRemoteClient-akka.actor.default-dispatcher-5] INFO  com.i2i.Client - MSISDN: 6|5513852248
18:56:52 [AkkaRemoteClient-akka.actor.default-dispatcher-5] WARN  com.i2i.Client - Location: TURKEY
18:56:52 [AkkaRemoteClient-akka.actor.default-dispatcher-5] ERROR com.i2i.Client - Service: DATA
18:56:52 [AkkaRemoteClient-akka.actor.default-dispatcher-5] FATAL com.i2i.Client - Amount: 659415545
18:56:53 [AkkaRemoteClient-akka.actor.default-dispatcher-5] INFO  com.i2i.Client - MSISDN: 8|5513852248
18:56:53 [AkkaRemoteClient-akka.actor.default-dispatcher-5] WARN  com.i2i.Client - Location: OTHER
18:56:53 [AkkaRemoteClient-akka.actor.default-dispatcher-5] ERROR com.i2i.Client - Service: VOICE
18:56:53 [AkkaRemoteClient-akka.actor.default-dispatcher-5] FATAL com.i2i.Client - Amount: 1601
18:56:53 [AkkaRemoteClient-akka.actor.default-dispatcher-5] INFO  com.i2i.Client - MSISDN: 6|5513852249
18:56:53 [AkkaRemoteClient-akka.actor.default-dispatcher-5] WARN  com.i2i.Client - Location: TURKEY
18:56:53 [AkkaRemoteClient-akka.actor.default-dispatcher-5] ERROR com.i2i.Client - Service: DATA
18:56:53 [AkkaRemoteClient-akka.actor.default-dispatcher-5] FATAL com.i2i.Client - Amount: 135159547
18:56:54 [AkkaRemoteClient-akka.actor.default-dispatcher-5] INFO  com.i2i.Client - MSISDN: 6|11
18:56:54 [AkkaRemoteClient-akka.actor.default-dispatcher-5] WARN  com.i2i.Client - Location: NORTHERNCYPRUS
18:56:54 [AkkaRemoteClient-akka.actor.default-dispatcher-5] ERROR com.i2i.Client - Service: VOICE
18:56:54 [AkkaRemoteClient-akka.actor.default-dispatcher-5] FATAL com.i2i.Client - Amount: 1012
18:56:54 [AkkaRemoteClient-akka.actor.default-dispatcher-5] INFO  com.i2i.Client - MSISDN: 11|4
18:56:54 [AkkaRemoteClient-akka.actor.default-dispatcher-5] WARN  com.i2i.Client - Location: MIDDLEEAST
18:56:54 [AkkaRemoteClient-akka.actor.default-dispatcher-5] ERROR com.i2i.Client - Service: VOICE
18:56:54 [AkkaRemoteClient-akka.actor.default-dispatcher-5] FATAL com.i2i.Client - Amount: 1037
18:56:55 [AkkaRemoteClient-akka.actor.default-dispatcher-5] INFO  com.i2i.Client - MSISDN: 11|2
18:56:55 [AkkaRemoteClient-akka.actor.default-dispatcher-5] WARN  com.i2i.Client - Location: RUSSIA
18:56:55 [AkkaRemoteClient-akka.actor.default-dispatcher-5] ERROR com.i2i.Client - Service: VOICE
18:56:55 [AkkaRemoteClient-akka.actor.default-dispatcher-5] FATAL com.i2i.Client - Amount: 1900
18:56:55 [AkkaRemoteClient-akka.actor.default-dispatcher-5] INFO  com.i2i.Client - MSISDN: 7|3
18:56:55 [AkkaRemoteClient-akka.actor.default-dispatcher-5] WARN  com.i2i.Client - Location: MIDDLEEAST
18:56:55 [AkkaRemoteClient-akka.actor.default-dispatcher-5] ERROR com.i2i.Client - Service: DATA
18:56:55 [AkkaRemoteClient-akka.actor.default-dispatcher-5] FATAL com.i2i.Client - Amount: 430660318
18:56:57 [AkkaRemoteClient-akka.actor.default-dispatcher-5] INFO  com.i2i.Client - MSISDN: 7|4
18:56:57 [AkkaRemoteClient-akka.actor.default-dispatcher-5] WARN  com.i2i.Client - Location: NORTHERNCYPRUS
18:56:57 [AkkaRemoteClient-akka.actor.default-dispatcher-5] ERROR com.i2i.Client - Service: VOICE
18:56:57 [AkkaRemoteClient-akka.actor.default-dispatcher-5] FATAL com.i2i.Client - Amount: 3135
18:56:58 [AkkaRemoteClient-akka.actor.default-dispatcher-5] INFO  com.i2i.Client - MSISDN: 11|5
18:56:58 [AkkaRemoteClient-akka.actor.default-dispatcher-5] WARN  com.i2i.Client - Location: TURKEY
18:56:58 [AkkaRemoteClient-akka.actor.default-dispatcher-5] ERROR com.i2i.Client - Service: SMS
18:56:58 [AkkaRemoteClient-akka.actor.default-dispatcher-5] FATAL com.i2i.Client - Amount: 1
18:56:59 [AkkaRemoteClient-akka.actor.default-dispatcher-5] INFO  com.i2i.Client - MSISDN: 1|6
18:56:59 [AkkaRemoteClient-akka.actor.default-dispatcher-5] WARN  com.i2i.Client - Location: TURKEY
18:56:59 [AkkaRemoteClient-akka.actor.default-dispatcher-5] ERROR com.i2i.Client - Service: DATA
18:56:59 [AkkaRemoteClient-akka.actor.default-dispatcher-5] FATAL com.i2i.Client - Amount: 768566434
18:56:59 [AkkaRemoteClient-akka.actor.default-dispatcher-5] INFO  com.i2i.Client - MSISDN: 5513852248|11
18:56:59 [AkkaRemoteClient-akka.actor.default-dispatcher-5] WARN  com.i2i.Client - Location: TURKEY
18:56:59 [AkkaRemoteClient-akka.actor.default-dispatcher-5] ERROR com.i2i.Client - Service: VOICE
18:56:59 [AkkaRemoteClient-akka.actor.default-dispatcher-5] FATAL com.i2i.Client - Amount: 3281
18:57:00 [AkkaRemoteClient-akka.actor.default-dispatcher-5] INFO  com.i2i.Client - MSISDN: 5513852248|11
18:57:00 [AkkaRemoteClient-akka.actor.default-dispatcher-5] WARN  com.i2i.Client - Location: TURKEY
18:57:00 [AkkaRemoteClient-akka.actor.default-dispatcher-5] ERROR com.i2i.Client - Service: DATA
18:57:00 [AkkaRemoteClient-akka.actor.default-dispatcher-5] FATAL com.i2i.Client - Amount: 293644667
18:57:00 [AkkaRemoteClient-akka.actor.default-dispatcher-5] INFO  com.i2i.Client - MSISDN: 4|5513852248
18:57:00 [AkkaRemoteClient-akka.actor.default-dispatcher-5] WARN  com.i2i.Client - Location: TURKEY
18:57:00 [AkkaRemoteClient-akka.actor.default-dispatcher-5] ERROR com.i2i.Client - Service: SMS
18:57:00 [AkkaRemoteClient-akka.actor.default-dispatcher-5] FATAL com.i2i.Client - Amount: 1
18:57:01 [AkkaRemoteClient-akka.actor.default-dispatcher-5] INFO  com.i2i.Client - MSISDN: 8|3
18:57:01 [AkkaRemoteClient-akka.actor.default-dispatcher-5] WARN  com.i2i.Client - Location: TURKEY
18:57:01 [AkkaRemoteClient-akka.actor.default-dispatcher-5] ERROR com.i2i.Client - Service: SMS
18:57:01 [AkkaRemoteClient-akka.actor.default-dispatcher-5] FATAL com.i2i.Client - Amount: 1
18:57:01 [AkkaRemoteClient-akka.actor.default-dispatcher-5] INFO  com.i2i.Client - MSISDN: 3|4
18:57:01 [AkkaRemoteClient-akka.actor.default-dispatcher-5] WARN  com.i2i.Client - Location: NORTHERNCYPRUS
18:57:01 [AkkaRemoteClient-akka.actor.default-dispatcher-5] ERROR com.i2i.Client - Service: DATA
18:57:01 [AkkaRemoteClient-akka.actor.default-dispatcher-5] FATAL com.i2i.Client - Amount: 668031258
18:57:02 [AkkaRemoteClient-akka.actor.default-dispatcher-5] INFO  com.i2i.Client - MSISDN: 5513852248|1
18:57:02 [AkkaRemoteClient-akka.actor.default-dispatcher-5] WARN  com.i2i.Client - Location: RUSSIA
18:57:02 [AkkaRemoteClient-akka.actor.default-dispatcher-5] ERROR com.i2i.Client - Service: VOICE
18:57:02 [AkkaRemoteClient-akka.actor.default-dispatcher-5] FATAL com.i2i.Client - Amount: 2268
18:57:03 [AkkaRemoteClient-akka.actor.default-dispatcher-5] INFO  com.i2i.Client - MSISDN: 4|7
18:57:03 [AkkaRemoteClient-akka.actor.default-dispatcher-5] WARN  com.i2i.Client - Location: TURKEY
18:57:03 [AkkaRemoteClient-akka.actor.default-dispatcher-5] ERROR com.i2i.Client - Service: VOICE
18:57:03 [AkkaRemoteClient-akka.actor.default-dispatcher-5] FATAL com.i2i.Client - Amount: 272
18:57:06 [AkkaRemoteClient-akka.actor.default-dispatcher-5] INFO  com.i2i.Client - MSISDN: 1|3
18:57:06 [AkkaRemoteClient-akka.actor.default-dispatcher-5] WARN  com.i2i.Client - Location: NORTHERNCYPRUS
18:57:06 [AkkaRemoteClient-akka.actor.default-dispatcher-5] ERROR com.i2i.Client - Service: VOICE
18:57:06 [AkkaRemoteClient-akka.actor.default-dispatcher-5] FATAL com.i2i.Client - Amount: 3202
18:57:08 [AkkaRemoteClient-akka.actor.default-dispatcher-5] INFO  com.i2i.Client - MSISDN: 8|8
18:57:08 [AkkaRemoteClient-akka.actor.default-dispatcher-5] WARN  com.i2i.Client - Location: NORTHAMERICA
18:57:08 [AkkaRemoteClient-akka.actor.default-dispatcher-5] ERROR com.i2i.Client - Service: VOICE
18:57:08 [AkkaRemoteClient-akka.actor.default-dispatcher-5] FATAL com.i2i.Client - Amount: 3190
18:57:09 [AkkaRemoteClient-akka.actor.default-dispatcher-5] INFO  com.i2i.Client - MSISDN: 4|1
18:57:09 [AkkaRemoteClient-akka.actor.default-dispatcher-5] WARN  com.i2i.Client - Location: TURKEY
18:57:09 [AkkaRemoteClient-akka.actor.default-dispatcher-5] ERROR com.i2i.Client - Service: VOICE
18:57:09 [AkkaRemoteClient-akka.actor.default-dispatcher-5] FATAL com.i2i.Client - Amount: 2253
18:57:09 [AkkaRemoteClient-akka.actor.default-dispatcher-5] INFO  com.i2i.Client - MSISDN: 10|3
18:57:09 [AkkaRemoteClient-akka.actor.default-dispatcher-5] WARN  com.i2i.Client - Location: NORTHAMERICA
18:57:09 [AkkaRemoteClient-akka.actor.default-dispatcher-5] ERROR com.i2i.Client - Service: VOICE
18:57:09 [AkkaRemoteClient-akka.actor.default-dispatcher-5] FATAL com.i2i.Client - Amount: 2778
18:57:11 [AkkaRemoteClient-akka.actor.default-dispatcher-5] INFO  com.i2i.Client - MSISDN: 3|1
18:57:11 [AkkaRemoteClient-akka.actor.default-dispatcher-5] WARN  com.i2i.Client - Location: OTHER
18:57:11 [AkkaRemoteClient-akka.actor.default-dispatcher-5] ERROR com.i2i.Client - Service: SMS
18:57:11 [AkkaRemoteClient-akka.actor.default-dispatcher-5] FATAL com.i2i.Client - Amount: 1
18:57:12 [AkkaRemoteClient-akka.actor.default-dispatcher-5] INFO  com.i2i.Client - MSISDN: 4|8
18:57:12 [AkkaRemoteClient-akka.actor.default-dispatcher-5] WARN  com.i2i.Client - Location: TURKEY
18:57:12 [AkkaRemoteClient-akka.actor.default-dispatcher-5] ERROR com.i2i.Client - Service: SMS
18:57:12 [AkkaRemoteClient-akka.actor.default-dispatcher-5] FATAL com.i2i.Client - Amount: 1
18:57:15 [AkkaRemoteClient-akka.actor.default-dispatcher-5] INFO  com.i2i.Client - MSISDN: 11|7
18:57:15 [AkkaRemoteClient-akka.actor.default-dispatcher-5] WARN  com.i2i.Client - Location: TURKEY
18:57:15 [AkkaRemoteClient-akka.actor.default-dispatcher-5] ERROR com.i2i.Client - Service: SMS
18:57:15 [AkkaRemoteClient-akka.actor.default-dispatcher-5] FATAL com.i2i.Client - Amount: 1
18:57:15 [AkkaRemoteClient-akka.actor.default-dispatcher-5] INFO  com.i2i.Client - MSISDN: 6|7
18:57:15 [AkkaRemoteClient-akka.actor.default-dispatcher-5] WARN  com.i2i.Client - Location: TURKEY
18:57:15 [AkkaRemoteClient-akka.actor.default-dispatcher-5] ERROR com.i2i.Client - Service: SMS
18:57:15 [AkkaRemoteClient-akka.actor.default-dispatcher-5] FATAL com.i2i.Client - Amount: 1
18:57:17 [AkkaRemoteClient-akka.actor.default-dispatcher-5] INFO  com.i2i.Client - MSISDN: 1|5
18:57:17 [AkkaRemoteClient-akka.actor.default-dispatcher-5] WARN  com.i2i.Client - Location: TURKEY
18:57:17 [AkkaRemoteClient-akka.actor.default-dispatcher-5] ERROR com.i2i.Client - Service: SMS
18:57:17 [AkkaRemoteClient-akka.actor.default-dispatcher-5] FATAL com.i2i.Client - Amount: 1
18:57:17 [AkkaRemoteClient-akka.actor.default-dispatcher-5] INFO  com.i2i.Client - MSISDN: 8|5
18:57:17 [AkkaRemoteClient-akka.actor.default-dispatcher-5] WARN  com.i2i.Client - Location: TURKEY
18:57:17 [AkkaRemoteClient-akka.actor.default-dispatcher-5] ERROR com.i2i.Client - Service: DATA
18:57:17 [AkkaRemoteClient-akka.actor.default-dispatcher-5] FATAL com.i2i.Client - Amount: 741880280
18:57:18 [AkkaRemoteClient-akka.actor.default-dispatcher-5] INFO  com.i2i.Client - MSISDN: 3|5513852249
18:57:18 [AkkaRemoteClient-akka.actor.default-dispatcher-5] WARN  com.i2i.Client - Location: TURKEY
18:57:18 [AkkaRemoteClient-akka.actor.default-dispatcher-5] ERROR com.i2i.Client - Service: VOICE
18:57:18 [AkkaRemoteClient-akka.actor.default-dispatcher-5] FATAL com.i2i.Client - Amount: 335
18:57:18 [AkkaRemoteClient-akka.actor.default-dispatcher-5] INFO  com.i2i.Client - MSISDN: 2|5513852248
18:57:18 [AkkaRemoteClient-akka.actor.default-dispatcher-5] WARN  com.i2i.Client - Location: EUROPE
18:57:18 [AkkaRemoteClient-akka.actor.default-dispatcher-5] ERROR com.i2i.Client - Service: SMS
18:57:18 [AkkaRemoteClient-akka.actor.default-dispatcher-5] FATAL com.i2i.Client - Amount: 1
18:57:19 [AkkaRemoteClient-akka.actor.default-dispatcher-5] INFO  com.i2i.Client - MSISDN: 11|5513852249
18:57:19 [AkkaRemoteClient-akka.actor.default-dispatcher-5] WARN  com.i2i.Client - Location: OTHER
18:57:19 [AkkaRemoteClient-akka.actor.default-dispatcher-5] ERROR com.i2i.Client - Service: VOICE
18:57:19 [AkkaRemoteClient-akka.actor.default-dispatcher-5] FATAL com.i2i.Client - Amount: 2889
18:57:22 [AkkaRemoteClient-akka.actor.default-dispatcher-5] INFO  com.i2i.Client - MSISDN: 11|1
18:57:22 [AkkaRemoteClient-akka.actor.default-dispatcher-5] WARN  com.i2i.Client - Location: TURKEY
18:57:22 [AkkaRemoteClient-akka.actor.default-dispatcher-5] ERROR com.i2i.Client - Service: SMS
18:57:22 [AkkaRemoteClient-akka.actor.default-dispatcher-5] FATAL com.i2i.Client - Amount: 1
18:57:23 [AkkaRemoteClient-akka.actor.default-dispatcher-5] INFO  com.i2i.Client - MSISDN: 8|8
18:57:23 [AkkaRemoteClient-akka.actor.default-dispatcher-5] WARN  com.i2i.Client - Location: MIDDLEEAST
18:57:23 [AkkaRemoteClient-akka.actor.default-dispatcher-5] ERROR com.i2i.Client - Service: VOICE
18:57:23 [AkkaRemoteClient-akka.actor.default-dispatcher-5] FATAL com.i2i.Client - Amount: 3196
18:57:24 [AkkaRemoteClient-akka.actor.default-dispatcher-5] INFO  com.i2i.Client - MSISDN: 5513852248|10
18:57:24 [AkkaRemoteClient-akka.actor.default-dispatcher-5] WARN  com.i2i.Client - Location: TURKEY
18:57:24 [AkkaRemoteClient-akka.actor.default-dispatcher-5] ERROR com.i2i.Client - Service: DATA
18:57:24 [AkkaRemoteClient-akka.actor.default-dispatcher-5] FATAL com.i2i.Client - Amount: 321272639
18:57:24 [AkkaRemoteClient-akka.actor.default-dispatcher-5] INFO  com.i2i.Client - MSISDN: 6|4
18:57:24 [AkkaRemoteClient-akka.actor.default-dispatcher-5] WARN  com.i2i.Client - Location: TURKEY
18:57:24 [AkkaRemoteClient-akka.actor.default-dispatcher-5] ERROR com.i2i.Client - Service: SMS
18:57:24 [AkkaRemoteClient-akka.actor.default-dispatcher-5] FATAL com.i2i.Client - Amount: 1
18:57:25 [AkkaRemoteClient-akka.actor.default-dispatcher-5] INFO  com.i2i.Client - MSISDN: 3|3
18:57:25 [AkkaRemoteClient-akka.actor.default-dispatcher-5] WARN  com.i2i.Client - Location: EUROPE
18:57:25 [AkkaRemoteClient-akka.actor.default-dispatcher-5] ERROR com.i2i.Client - Service: SMS
18:57:25 [AkkaRemoteClient-akka.actor.default-dispatcher-5] FATAL com.i2i.Client - Amount: 1
18:57:25 [AkkaRemoteClient-akka.actor.default-dispatcher-5] INFO  com.i2i.Client - MSISDN: 1|10
18:57:25 [AkkaRemoteClient-akka.actor.default-dispatcher-5] WARN  com.i2i.Client - Location: TURKEY
18:57:25 [AkkaRemoteClient-akka.actor.default-dispatcher-5] ERROR com.i2i.Client - Service: SMS
18:57:25 [AkkaRemoteClient-akka.actor.default-dispatcher-5] FATAL com.i2i.Client - Amount: 1
18:57:26 [AkkaRemoteClient-akka.actor.default-dispatcher-5] INFO  com.i2i.Client - MSISDN: 1|5513852248
18:57:26 [AkkaRemoteClient-akka.actor.default-dispatcher-5] WARN  com.i2i.Client - Location: NORTHAMERICA
18:57:26 [AkkaRemoteClient-akka.actor.default-dispatcher-5] ERROR com.i2i.Client - Service: SMS
18:57:26 [AkkaRemoteClient-akka.actor.default-dispatcher-5] FATAL com.i2i.Client - Amount: 1
18:57:27 [AkkaRemoteClient-akka.actor.default-dispatcher-5] INFO  com.i2i.Client - MSISDN: 2|4
18:57:27 [AkkaRemoteClient-akka.actor.default-dispatcher-5] WARN  com.i2i.Client - Location: TURKEY
18:57:27 [AkkaRemoteClient-akka.actor.default-dispatcher-5] ERROR com.i2i.Client - Service: VOICE
18:57:27 [AkkaRemoteClient-akka.actor.default-dispatcher-5] FATAL com.i2i.Client - Amount: 3579
18:57:27 [AkkaRemoteClient-akka.actor.default-dispatcher-5] INFO  com.i2i.Client - MSISDN: 4|3
18:57:27 [AkkaRemoteClient-akka.actor.default-dispatcher-5] WARN  com.i2i.Client - Location: TURKEY
18:57:27 [AkkaRemoteClient-akka.actor.default-dispatcher-5] ERROR com.i2i.Client - Service: SMS
18:57:27 [AkkaRemoteClient-akka.actor.default-dispatcher-5] FATAL com.i2i.Client - Amount: 1
18:57:29 [AkkaRemoteClient-akka.actor.default-dispatcher-5] INFO  com.i2i.Client - MSISDN: 11|10
18:57:29 [AkkaRemoteClient-akka.actor.default-dispatcher-5] WARN  com.i2i.Client - Location: TURKEY
18:57:29 [AkkaRemoteClient-akka.actor.default-dispatcher-5] ERROR com.i2i.Client - Service: SMS
18:57:29 [AkkaRemoteClient-akka.actor.default-dispatcher-5] FATAL com.i2i.Client - Amount: 1
18:57:30 [AkkaRemoteClient-akka.actor.default-dispatcher-5] INFO  com.i2i.Client - MSISDN: 5|1
18:57:30 [AkkaRemoteClient-akka.actor.default-dispatcher-5] WARN  com.i2i.Client - Location: EUROPE
18:57:30 [AkkaRemoteClient-akka.actor.default-dispatcher-5] ERROR com.i2i.Client - Service: DATA
18:57:30 [AkkaRemoteClient-akka.actor.default-dispatcher-5] FATAL com.i2i.Client - Amount: 1112806622
18:57:31 [AkkaRemoteClient-akka.actor.default-dispatcher-5] INFO  com.i2i.Client - MSISDN: 3|6
18:57:31 [AkkaRemoteClient-akka.actor.default-dispatcher-5] WARN  com.i2i.Client - Location: EUROPE
18:57:31 [AkkaRemoteClient-akka.actor.default-dispatcher-5] ERROR com.i2i.Client - Service: VOICE
18:57:31 [AkkaRemoteClient-akka.actor.default-dispatcher-5] FATAL com.i2i.Client - Amount: 302
18:57:32 [AkkaRemoteClient-akka.actor.default-dispatcher-5] INFO  com.i2i.Client - MSISDN: 3|11
18:57:32 [AkkaRemoteClient-akka.actor.default-dispatcher-5] WARN  com.i2i.Client - Location: TURKEY
18:57:32 [AkkaRemoteClient-akka.actor.default-dispatcher-5] ERROR com.i2i.Client - Service: SMS
18:57:32 [AkkaRemoteClient-akka.actor.default-dispatcher-5] FATAL com.i2i.Client - Amount: 1
18:57:32 [AkkaRemoteClient-akka.actor.default-dispatcher-5] INFO  com.i2i.Client - MSISDN: 2|10
18:57:32 [AkkaRemoteClient-akka.actor.default-dispatcher-5] WARN  com.i2i.Client - Location: EUROPE
18:57:32 [AkkaRemoteClient-akka.actor.default-dispatcher-5] ERROR com.i2i.Client - Service: DATA
18:57:32 [AkkaRemoteClient-akka.actor.default-dispatcher-5] FATAL com.i2i.Client - Amount: 1196963640
18:57:33 [AkkaRemoteClient-akka.actor.default-dispatcher-5] INFO  com.i2i.Client - MSISDN: 6|11
18:57:33 [AkkaRemoteClient-akka.actor.default-dispatcher-5] WARN  com.i2i.Client - Location: MIDDLEEAST
18:57:33 [AkkaRemoteClient-akka.actor.default-dispatcher-5] ERROR com.i2i.Client - Service: DATA
18:57:33 [AkkaRemoteClient-akka.actor.default-dispatcher-5] FATAL com.i2i.Client - Amount: 109014322
18:57:34 [AkkaRemoteClient-akka.actor.default-dispatcher-5] INFO  com.i2i.Client - MSISDN: 4|7
18:57:34 [AkkaRemoteClient-akka.actor.default-dispatcher-5] WARN  com.i2i.Client - Location: MIDDLEEAST
18:57:34 [AkkaRemoteClient-akka.actor.default-dispatcher-5] ERROR com.i2i.Client - Service: DATA
18:57:34 [AkkaRemoteClient-akka.actor.default-dispatcher-5] FATAL com.i2i.Client - Amount: 335733327
18:57:35 [AkkaRemoteClient-akka.actor.default-dispatcher-5] INFO  com.i2i.Client - MSISDN: 7|5
18:57:35 [AkkaRemoteClient-akka.actor.default-dispatcher-5] WARN  com.i2i.Client - Location: TURKEY
18:57:35 [AkkaRemoteClient-akka.actor.default-dispatcher-5] ERROR com.i2i.Client - Service: DATA
18:57:35 [AkkaRemoteClient-akka.actor.default-dispatcher-5] FATAL com.i2i.Client - Amount: 525308269
18:57:36 [AkkaRemoteClient-akka.actor.default-dispatcher-5] INFO  com.i2i.Client - MSISDN: 5513852249|7
18:57:36 [AkkaRemoteClient-akka.actor.default-dispatcher-5] WARN  com.i2i.Client - Location: TURKEY
18:57:36 [AkkaRemoteClient-akka.actor.default-dispatcher-5] ERROR com.i2i.Client - Service: VOICE
18:57:36 [AkkaRemoteClient-akka.actor.default-dispatcher-5] FATAL com.i2i.Client - Amount: 683
18:57:36 [AkkaRemoteClient-akka.actor.default-dispatcher-5] INFO  com.i2i.Client - MSISDN: 5|3
18:57:36 [AkkaRemoteClient-akka.actor.default-dispatcher-5] WARN  com.i2i.Client - Location: TURKEY
18:57:36 [AkkaRemoteClient-akka.actor.default-dispatcher-5] ERROR com.i2i.Client - Service: SMS
18:57:36 [AkkaRemoteClient-akka.actor.default-dispatcher-5] FATAL com.i2i.Client - Amount: 1
18:57:36 [AkkaRemoteClient-akka.actor.default-dispatcher-5] INFO  com.i2i.Client - MSISDN: 1|5513852249
18:57:36 [AkkaRemoteClient-akka.actor.default-dispatcher-5] WARN  com.i2i.Client - Location: TURKEY
18:57:36 [AkkaRemoteClient-akka.actor.default-dispatcher-5] ERROR com.i2i.Client - Service: VOICE
18:57:36 [AkkaRemoteClient-akka.actor.default-dispatcher-5] FATAL com.i2i.Client - Amount: 2424
18:57:37 [AkkaRemoteClient-akka.actor.default-dispatcher-5] INFO  com.i2i.Client - MSISDN: 2|6
18:57:37 [AkkaRemoteClient-akka.actor.default-dispatcher-5] WARN  com.i2i.Client - Location: TURKEY
18:57:37 [AkkaRemoteClient-akka.actor.default-dispatcher-5] ERROR com.i2i.Client - Service: DATA
18:57:37 [AkkaRemoteClient-akka.actor.default-dispatcher-5] FATAL com.i2i.Client - Amount: 1150672821
18:57:37 [AkkaRemoteClient-akka.actor.default-dispatcher-5] INFO  com.i2i.Client - MSISDN: 4|1
18:57:37 [AkkaRemoteClient-akka.actor.default-dispatcher-5] WARN  com.i2i.Client - Location: NORTHERNCYPRUS
18:57:37 [AkkaRemoteClient-akka.actor.default-dispatcher-5] ERROR com.i2i.Client - Service: SMS
18:57:37 [AkkaRemoteClient-akka.actor.default-dispatcher-5] FATAL com.i2i.Client - Amount: 1
18:57:38 [AkkaRemoteClient-akka.actor.default-dispatcher-5] INFO  com.i2i.Client - MSISDN: 7|11
18:57:38 [AkkaRemoteClient-akka.actor.default-dispatcher-5] WARN  com.i2i.Client - Location: TURKEY
18:57:38 [AkkaRemoteClient-akka.actor.default-dispatcher-5] ERROR com.i2i.Client - Service: VOICE
18:57:38 [AkkaRemoteClient-akka.actor.default-dispatcher-5] FATAL com.i2i.Client - Amount: 457
18:57:38 [AkkaRemoteClient-akka.actor.default-dispatcher-5] INFO  com.i2i.Client - MSISDN: 5|1
18:57:38 [AkkaRemoteClient-akka.actor.default-dispatcher-5] WARN  com.i2i.Client - Location: RUSSIA
18:57:38 [AkkaRemoteClient-akka.actor.default-dispatcher-5] ERROR com.i2i.Client - Service: SMS
18:57:38 [AkkaRemoteClient-akka.actor.default-dispatcher-5] FATAL com.i2i.Client - Amount: 1
18:57:39 [AkkaRemoteClient-akka.actor.default-dispatcher-5] INFO  com.i2i.Client - MSISDN: 5513852249|5513852248
18:57:39 [AkkaRemoteClient-akka.actor.default-dispatcher-5] WARN  com.i2i.Client - Location: TURKEY
18:57:39 [AkkaRemoteClient-akka.actor.default-dispatcher-5] ERROR com.i2i.Client - Service: VOICE
18:57:39 [AkkaRemoteClient-akka.actor.default-dispatcher-5] FATAL com.i2i.Client - Amount: 136
18:57:39 [AkkaRemoteClient-akka.actor.default-dispatcher-5] INFO  com.i2i.Client - MSISDN: 10|4
18:57:39 [AkkaRemoteClient-akka.actor.default-dispatcher-5] WARN  com.i2i.Client - Location: TURKEY
18:57:39 [AkkaRemoteClient-akka.actor.default-dispatcher-5] ERROR com.i2i.Client - Service: DATA
18:57:39 [AkkaRemoteClient-akka.actor.default-dispatcher-5] FATAL com.i2i.Client - Amount: 936771453
18:57:39 [AkkaRemoteClient-akka.actor.default-dispatcher-5] INFO  com.i2i.Client - MSISDN: 6|1
18:57:39 [AkkaRemoteClient-akka.actor.default-dispatcher-5] WARN  com.i2i.Client - Location: TURKEY
18:57:39 [AkkaRemoteClient-akka.actor.default-dispatcher-5] ERROR com.i2i.Client - Service: DATA
18:57:39 [AkkaRemoteClient-akka.actor.default-dispatcher-5] FATAL com.i2i.Client - Amount: 52778051
18:57:41 [AkkaRemoteClient-akka.actor.default-dispatcher-5] INFO  com.i2i.Client - MSISDN: 5513852248|3
18:57:41 [AkkaRemoteClient-akka.actor.default-dispatcher-5] WARN  com.i2i.Client - Location: MIDDLEEAST
18:57:41 [AkkaRemoteClient-akka.actor.default-dispatcher-5] ERROR com.i2i.Client - Service: DATA
18:57:41 [AkkaRemoteClient-akka.actor.default-dispatcher-5] FATAL com.i2i.Client - Amount: 181770387
18:57:41 [AkkaRemoteClient-akka.actor.default-dispatcher-5] INFO  com.i2i.Client - MSISDN: 3|2
18:57:41 [AkkaRemoteClient-akka.actor.default-dispatcher-5] WARN  com.i2i.Client - Location: NORTHERNCYPRUS
18:57:41 [AkkaRemoteClient-akka.actor.default-dispatcher-5] ERROR com.i2i.Client - Service: DATA
18:57:41 [AkkaRemoteClient-akka.actor.default-dispatcher-5] FATAL com.i2i.Client - Amount: 481821234
