16:46:21 [AkkaRemoteClient-akka.actor.default-dispatcher-3] INFO  com.i2i.Client - MSISDN: 542
16:46:21 [AkkaRemoteClient-akka.actor.default-dispatcher-3] WARN  com.i2i.Client - Location: TURKEY
16:46:21 [AkkaRemoteClient-akka.actor.default-dispatcher-3] ERROR com.i2i.Client - Service: VOICE
16:46:21 [AkkaRemoteClient-akka.actor.default-dispatcher-3] FATAL com.i2i.Client - Amount: 2494
16:46:24 [AkkaRemoteClient-akka.actor.default-dispatcher-3] INFO  com.i2i.Client - MSISDN: 542
16:46:24 [AkkaRemoteClient-akka.actor.default-dispatcher-3] WARN  com.i2i.Client - Location: TURKEY
16:46:24 [AkkaRemoteClient-akka.actor.default-dispatcher-3] ERROR com.i2i.Client - Service: DATA
16:46:24 [AkkaRemoteClient-akka.actor.default-dispatcher-3] FATAL com.i2i.Client - Amount: 388493241
16:46:24 [AkkaRemoteClient-akka.actor.default-dispatcher-3] INFO  com.i2i.Client - MSISDN: 542
16:46:24 [AkkaRemoteClient-akka.actor.default-dispatcher-3] WARN  com.i2i.Client - Location: TURKEY
16:46:24 [AkkaRemoteClient-akka.actor.default-dispatcher-3] ERROR com.i2i.Client - Service: DATA
16:46:24 [AkkaRemoteClient-akka.actor.default-dispatcher-3] FATAL com.i2i.Client - Amount: 502500714
16:46:24 [AkkaRemoteClient-akka.actor.default-dispatcher-3] INFO  com.i2i.Client - MSISDN: 542
16:46:24 [AkkaRemoteClient-akka.actor.default-dispatcher-3] WARN  com.i2i.Client - Location: TURKEY
16:46:24 [AkkaRemoteClient-akka.actor.default-dispatcher-3] ERROR com.i2i.Client - Service: DATA
16:46:24 [AkkaRemoteClient-akka.actor.default-dispatcher-3] FATAL com.i2i.Client - Amount: 1275800268
16:46:25 [AkkaRemoteClient-akka.actor.default-dispatcher-3] INFO  com.i2i.Client - MSISDN: 542
16:46:25 [AkkaRemoteClient-akka.actor.default-dispatcher-3] WARN  com.i2i.Client - Location: NORTHERNCYPRUS
16:46:25 [AkkaRemoteClient-akka.actor.default-dispatcher-3] ERROR com.i2i.Client - Service: SMS
16:46:25 [AkkaRemoteClient-akka.actor.default-dispatcher-3] FATAL com.i2i.Client - Amount: 1
16:46:25 [AkkaRemoteClient-akka.actor.default-dispatcher-3] INFO  com.i2i.Client - MSISDN: 542
16:46:25 [AkkaRemoteClient-akka.actor.default-dispatcher-3] WARN  com.i2i.Client - Location: OTHER
16:46:25 [AkkaRemoteClient-akka.actor.default-dispatcher-3] ERROR com.i2i.Client - Service: DATA
16:46:25 [AkkaRemoteClient-akka.actor.default-dispatcher-3] FATAL com.i2i.Client - Amount: 953145052
16:46:26 [AkkaRemoteClient-akka.actor.default-dispatcher-3] INFO  com.i2i.Client - MSISDN: 542
16:46:26 [AkkaRemoteClient-akka.actor.default-dispatcher-3] WARN  com.i2i.Client - Location: TURKEY
16:46:26 [AkkaRemoteClient-akka.actor.default-dispatcher-3] ERROR com.i2i.Client - Service: VOICE
16:46:26 [AkkaRemoteClient-akka.actor.default-dispatcher-3] FATAL com.i2i.Client - Amount: 113
16:46:27 [AkkaRemoteClient-akka.actor.default-dispatcher-3] INFO  com.i2i.Client - MSISDN: 542
16:46:27 [AkkaRemoteClient-akka.actor.default-dispatcher-3] WARN  com.i2i.Client - Location: TURKEY
16:46:27 [AkkaRemoteClient-akka.actor.default-dispatcher-3] ERROR com.i2i.Client - Service: VOICE
16:46:27 [AkkaRemoteClient-akka.actor.default-dispatcher-3] FATAL com.i2i.Client - Amount: 2098
16:46:29 [AkkaRemoteClient-akka.actor.default-dispatcher-3] INFO  com.i2i.Client - MSISDN: 542
16:46:29 [AkkaRemoteClient-akka.actor.default-dispatcher-3] WARN  com.i2i.Client - Location: TURKEY
16:46:29 [AkkaRemoteClient-akka.actor.default-dispatcher-3] ERROR com.i2i.Client - Service: VOICE
16:46:29 [AkkaRemoteClient-akka.actor.default-dispatcher-3] FATAL com.i2i.Client - Amount: 1227
16:46:29 [AkkaRemoteClient-akka.actor.default-dispatcher-3] INFO  com.i2i.Client - MSISDN: 542
16:46:29 [AkkaRemoteClient-akka.actor.default-dispatcher-3] WARN  com.i2i.Client - Location: OTHER
16:46:29 [AkkaRemoteClient-akka.actor.default-dispatcher-3] ERROR com.i2i.Client - Service: DATA
16:46:29 [AkkaRemoteClient-akka.actor.default-dispatcher-3] FATAL com.i2i.Client - Amount: 918134459
16:46:30 [AkkaRemoteClient-akka.actor.default-dispatcher-3] INFO  com.i2i.Client - MSISDN: 542
16:46:30 [AkkaRemoteClient-akka.actor.default-dispatcher-3] WARN  com.i2i.Client - Location: TURKEY
16:46:30 [AkkaRemoteClient-akka.actor.default-dispatcher-3] ERROR com.i2i.Client - Service: SMS
16:46:30 [AkkaRemoteClient-akka.actor.default-dispatcher-3] FATAL com.i2i.Client - Amount: 1
16:46:30 [AkkaRemoteClient-akka.actor.default-dispatcher-3] INFO  com.i2i.Client - MSISDN: 542
16:46:30 [AkkaRemoteClient-akka.actor.default-dispatcher-3] WARN  com.i2i.Client - Location: NORTHERNCYPRUS
16:46:30 [AkkaRemoteClient-akka.actor.default-dispatcher-3] ERROR com.i2i.Client - Service: SMS
16:46:30 [AkkaRemoteClient-akka.actor.default-dispatcher-3] FATAL com.i2i.Client - Amount: 1
16:46:30 [AkkaRemoteClient-akka.actor.default-dispatcher-3] INFO  com.i2i.Client - MSISDN: 542
16:46:30 [AkkaRemoteClient-akka.actor.default-dispatcher-3] WARN  com.i2i.Client - Location: TURKEY
16:46:30 [AkkaRemoteClient-akka.actor.default-dispatcher-3] ERROR com.i2i.Client - Service: SMS
16:46:30 [AkkaRemoteClient-akka.actor.default-dispatcher-3] FATAL com.i2i.Client - Amount: 1
16:46:31 [AkkaRemoteClient-akka.actor.default-dispatcher-3] INFO  com.i2i.Client - MSISDN: 542
16:46:31 [AkkaRemoteClient-akka.actor.default-dispatcher-3] WARN  com.i2i.Client - Location: TURKEY
16:46:31 [AkkaRemoteClient-akka.actor.default-dispatcher-3] ERROR com.i2i.Client - Service: SMS
16:46:31 [AkkaRemoteClient-akka.actor.default-dispatcher-3] FATAL com.i2i.Client - Amount: 1
16:46:31 [AkkaRemoteClient-akka.actor.default-dispatcher-3] INFO  com.i2i.Client - MSISDN: 542
16:46:31 [AkkaRemoteClient-akka.actor.default-dispatcher-3] WARN  com.i2i.Client - Location: MIDDLEEAST
16:46:31 [AkkaRemoteClient-akka.actor.default-dispatcher-3] ERROR com.i2i.Client - Service: DATA
16:46:31 [AkkaRemoteClient-akka.actor.default-dispatcher-3] FATAL com.i2i.Client - Amount: 921058905
16:46:32 [AkkaRemoteClient-akka.actor.default-dispatcher-3] INFO  com.i2i.Client - MSISDN: 542
16:46:32 [AkkaRemoteClient-akka.actor.default-dispatcher-3] WARN  com.i2i.Client - Location: TURKEY
16:46:32 [AkkaRemoteClient-akka.actor.default-dispatcher-3] ERROR com.i2i.Client - Service: VOICE
16:46:32 [AkkaRemoteClient-akka.actor.default-dispatcher-3] FATAL com.i2i.Client - Amount: 1439
16:46:33 [AkkaRemoteClient-akka.actor.default-dispatcher-3] INFO  com.i2i.Client - MSISDN: 542
16:46:33 [AkkaRemoteClient-akka.actor.default-dispatcher-3] WARN  com.i2i.Client - Location: OTHER
16:46:33 [AkkaRemoteClient-akka.actor.default-dispatcher-3] ERROR com.i2i.Client - Service: DATA
16:46:33 [AkkaRemoteClient-akka.actor.default-dispatcher-3] FATAL com.i2i.Client - Amount: 1000568049
16:46:33 [AkkaRemoteClient-akka.actor.default-dispatcher-3] INFO  com.i2i.Client - MSISDN: 542
16:46:33 [AkkaRemoteClient-akka.actor.default-dispatcher-3] WARN  com.i2i.Client - Location: RUSSIA
16:46:33 [AkkaRemoteClient-akka.actor.default-dispatcher-3] ERROR com.i2i.Client - Service: SMS
16:46:33 [AkkaRemoteClient-akka.actor.default-dispatcher-3] FATAL com.i2i.Client - Amount: 1
16:46:35 [AkkaRemoteClient-akka.actor.default-dispatcher-3] INFO  com.i2i.Client - MSISDN: 542
16:46:35 [AkkaRemoteClient-akka.actor.default-dispatcher-3] WARN  com.i2i.Client - Location: TURKEY
16:46:35 [AkkaRemoteClient-akka.actor.default-dispatcher-3] ERROR com.i2i.Client - Service: VOICE
16:46:35 [AkkaRemoteClient-akka.actor.default-dispatcher-3] FATAL com.i2i.Client - Amount: 1909
16:46:35 [AkkaRemoteClient-akka.actor.default-dispatcher-3] INFO  com.i2i.Client - MSISDN: 542
16:46:35 [AkkaRemoteClient-akka.actor.default-dispatcher-3] WARN  com.i2i.Client - Location: TURKEY
16:46:35 [AkkaRemoteClient-akka.actor.default-dispatcher-3] ERROR com.i2i.Client - Service: SMS
16:46:35 [AkkaRemoteClient-akka.actor.default-dispatcher-3] FATAL com.i2i.Client - Amount: 1
16:46:35 [AkkaRemoteClient-akka.actor.default-dispatcher-3] INFO  com.i2i.Client - MSISDN: 542
16:46:35 [AkkaRemoteClient-akka.actor.default-dispatcher-3] WARN  com.i2i.Client - Location: TURKEY
16:46:35 [AkkaRemoteClient-akka.actor.default-dispatcher-3] ERROR com.i2i.Client - Service: VOICE
16:46:35 [AkkaRemoteClient-akka.actor.default-dispatcher-3] FATAL com.i2i.Client - Amount: 708
16:46:37 [AkkaRemoteClient-akka.actor.default-dispatcher-3] INFO  com.i2i.Client - MSISDN: 542
16:46:37 [AkkaRemoteClient-akka.actor.default-dispatcher-3] WARN  com.i2i.Client - Location: TURKEY
16:46:37 [AkkaRemoteClient-akka.actor.default-dispatcher-3] ERROR com.i2i.Client - Service: VOICE
16:46:37 [AkkaRemoteClient-akka.actor.default-dispatcher-3] FATAL com.i2i.Client - Amount: 391
16:46:38 [AkkaRemoteClient-akka.actor.default-dispatcher-3] INFO  com.i2i.Client - MSISDN: 542
16:46:38 [AkkaRemoteClient-akka.actor.default-dispatcher-3] WARN  com.i2i.Client - Location: TURKEY
16:46:38 [AkkaRemoteClient-akka.actor.default-dispatcher-3] ERROR com.i2i.Client - Service: DATA
16:46:38 [AkkaRemoteClient-akka.actor.default-dispatcher-3] FATAL com.i2i.Client - Amount: 428282876
16:46:38 [AkkaRemoteClient-akka.actor.default-dispatcher-3] INFO  com.i2i.Client - MSISDN: 542
16:46:38 [AkkaRemoteClient-akka.actor.default-dispatcher-3] WARN  com.i2i.Client - Location: NORTHERNCYPRUS
16:46:38 [AkkaRemoteClient-akka.actor.default-dispatcher-3] ERROR com.i2i.Client - Service: VOICE
16:46:38 [AkkaRemoteClient-akka.actor.default-dispatcher-3] FATAL com.i2i.Client - Amount: 821
16:46:40 [AkkaRemoteClient-akka.actor.default-dispatcher-3] INFO  com.i2i.Client - MSISDN: 542
16:46:40 [AkkaRemoteClient-akka.actor.default-dispatcher-3] WARN  com.i2i.Client - Location: TURKEY
16:46:40 [AkkaRemoteClient-akka.actor.default-dispatcher-3] ERROR com.i2i.Client - Service: VOICE
16:46:40 [AkkaRemoteClient-akka.actor.default-dispatcher-3] FATAL com.i2i.Client - Amount: 3348
16:46:40 [AkkaRemoteClient-akka.actor.default-dispatcher-3] INFO  com.i2i.Client - MSISDN: 542
16:46:40 [AkkaRemoteClient-akka.actor.default-dispatcher-3] WARN  com.i2i.Client - Location: TURKEY
16:46:40 [AkkaRemoteClient-akka.actor.default-dispatcher-3] ERROR com.i2i.Client - Service: VOICE
16:46:40 [AkkaRemoteClient-akka.actor.default-dispatcher-3] FATAL com.i2i.Client - Amount: 2183
16:46:41 [AkkaRemoteClient-akka.actor.default-dispatcher-3] INFO  com.i2i.Client - MSISDN: 542
16:46:41 [AkkaRemoteClient-akka.actor.default-dispatcher-3] WARN  com.i2i.Client - Location: OTHER
16:46:41 [AkkaRemoteClient-akka.actor.default-dispatcher-3] ERROR com.i2i.Client - Service: SMS
16:46:41 [AkkaRemoteClient-akka.actor.default-dispatcher-3] FATAL com.i2i.Client - Amount: 1
16:46:42 [AkkaRemoteClient-akka.actor.default-dispatcher-3] INFO  com.i2i.Client - MSISDN: 542
16:46:42 [AkkaRemoteClient-akka.actor.default-dispatcher-3] WARN  com.i2i.Client - Location: EUROPE
16:46:42 [AkkaRemoteClient-akka.actor.default-dispatcher-3] ERROR com.i2i.Client - Service: DATA
16:46:42 [AkkaRemoteClient-akka.actor.default-dispatcher-3] FATAL com.i2i.Client - Amount: 496617125
16:46:45 [AkkaRemoteClient-akka.actor.default-dispatcher-3] INFO  com.i2i.Client - MSISDN: 542
16:46:45 [AkkaRemoteClient-akka.actor.default-dispatcher-3] WARN  com.i2i.Client - Location: NORTHERNCYPRUS
16:46:45 [AkkaRemoteClient-akka.actor.default-dispatcher-3] ERROR com.i2i.Client - Service: VOICE
16:46:45 [AkkaRemoteClient-akka.actor.default-dispatcher-3] FATAL com.i2i.Client - Amount: 2120
16:46:46 [AkkaRemoteClient-akka.actor.default-dispatcher-3] INFO  com.i2i.Client - MSISDN: 542
16:46:46 [AkkaRemoteClient-akka.actor.default-dispatcher-3] WARN  com.i2i.Client - Location: TURKEY
16:46:46 [AkkaRemoteClient-akka.actor.default-dispatcher-3] ERROR com.i2i.Client - Service: VOICE
16:46:46 [AkkaRemoteClient-akka.actor.default-dispatcher-3] FATAL com.i2i.Client - Amount: 3194
