19:00:05 [AkkaRemoteClient-akka.actor.default-dispatcher-3] INFO  com.i2i.Client - MSISDN: 5513852249|8
19:00:05 [AkkaRemoteClient-akka.actor.default-dispatcher-3] WARN  com.i2i.Client - Location: NORTHERNCYPRUS
19:00:05 [AkkaRemoteClient-akka.actor.default-dispatcher-3] ERROR com.i2i.Client - Service: SMS
19:00:05 [AkkaRemoteClient-akka.actor.default-dispatcher-3] FATAL com.i2i.Client - Amount: 1
19:00:05 [AkkaRemoteClient-akka.actor.default-dispatcher-3] INFO  com.i2i.Client - MSISDN: 10|8
19:00:05 [AkkaRemoteClient-akka.actor.default-dispatcher-3] WARN  com.i2i.Client - Location: TURKEY
19:00:05 [AkkaRemoteClient-akka.actor.default-dispatcher-3] ERROR com.i2i.Client - Service: DATA
19:00:05 [AkkaRemoteClient-akka.actor.default-dispatcher-3] FATAL com.i2i.Client - Amount: 24081732
19:00:06 [AkkaRemoteClient-akka.actor.default-dispatcher-3] INFO  com.i2i.Client - MSISDN: 4|6
19:00:06 [AkkaRemoteClient-akka.actor.default-dispatcher-3] WARN  com.i2i.Client - Location: TURKEY
19:00:06 [AkkaRemoteClient-akka.actor.default-dispatcher-3] ERROR com.i2i.Client - Service: VOICE
19:00:06 [AkkaRemoteClient-akka.actor.default-dispatcher-3] FATAL com.i2i.Client - Amount: 2164
19:00:06 [AkkaRemoteClient-akka.actor.default-dispatcher-3] INFO  com.i2i.Client - MSISDN: 6|2
19:00:06 [AkkaRemoteClient-akka.actor.default-dispatcher-3] WARN  com.i2i.Client - Location: TURKEY
19:00:06 [AkkaRemoteClient-akka.actor.default-dispatcher-3] ERROR com.i2i.Client - Service: DATA
19:00:06 [AkkaRemoteClient-akka.actor.default-dispatcher-3] FATAL com.i2i.Client - Amount: 139494766
19:00:09 [AkkaRemoteClient-akka.actor.default-dispatcher-3] INFO  com.i2i.Client - MSISDN: 6|1
19:00:09 [AkkaRemoteClient-akka.actor.default-dispatcher-3] WARN  com.i2i.Client - Location: TURKEY
19:00:09 [AkkaRemoteClient-akka.actor.default-dispatcher-3] ERROR com.i2i.Client - Service: SMS
19:00:09 [AkkaRemoteClient-akka.actor.default-dispatcher-3] FATAL com.i2i.Client - Amount: 1
19:00:09 [AkkaRemoteClient-akka.actor.default-dispatcher-3] INFO  com.i2i.Client - MSISDN: 7|8
19:00:09 [AkkaRemoteClient-akka.actor.default-dispatcher-3] WARN  com.i2i.Client - Location: NORTHAMERICA
19:00:09 [AkkaRemoteClient-akka.actor.default-dispatcher-3] ERROR com.i2i.Client - Service: SMS
19:00:09 [AkkaRemoteClient-akka.actor.default-dispatcher-3] FATAL com.i2i.Client - Amount: 1
19:00:09 [AkkaRemoteClient-akka.actor.default-dispatcher-3] INFO  com.i2i.Client - MSISDN: 2|10
19:00:09 [AkkaRemoteClient-akka.actor.default-dispatcher-3] WARN  com.i2i.Client - Location: NORTHAMERICA
19:00:09 [AkkaRemoteClient-akka.actor.default-dispatcher-3] ERROR com.i2i.Client - Service: VOICE
19:00:09 [AkkaRemoteClient-akka.actor.default-dispatcher-3] FATAL com.i2i.Client - Amount: 3559
19:00:11 [AkkaRemoteClient-akka.actor.default-dispatcher-3] INFO  com.i2i.Client - MSISDN: 8|5
19:00:11 [AkkaRemoteClient-akka.actor.default-dispatcher-3] WARN  com.i2i.Client - Location: MIDDLEEAST
19:00:11 [AkkaRemoteClient-akka.actor.default-dispatcher-3] ERROR com.i2i.Client - Service: VOICE
19:00:11 [AkkaRemoteClient-akka.actor.default-dispatcher-3] FATAL com.i2i.Client - Amount: 2168
19:00:11 [AkkaRemoteClient-akka.actor.default-dispatcher-3] INFO  com.i2i.Client - MSISDN: 5513852248|10
19:00:11 [AkkaRemoteClient-akka.actor.default-dispatcher-3] WARN  com.i2i.Client - Location: TURKEY
19:00:11 [AkkaRemoteClient-akka.actor.default-dispatcher-3] ERROR com.i2i.Client - Service: DATA
19:00:11 [AkkaRemoteClient-akka.actor.default-dispatcher-3] FATAL com.i2i.Client - Amount: 100476031
19:00:13 [AkkaRemoteClient-akka.actor.default-dispatcher-3] INFO  com.i2i.Client - MSISDN: 4|10
19:00:13 [AkkaRemoteClient-akka.actor.default-dispatcher-3] WARN  com.i2i.Client - Location: TURKEY
19:00:13 [AkkaRemoteClient-akka.actor.default-dispatcher-3] ERROR com.i2i.Client - Service: DATA
19:00:13 [AkkaRemoteClient-akka.actor.default-dispatcher-3] FATAL com.i2i.Client - Amount: 487792869
19:00:13 [AkkaRemoteClient-akka.actor.default-dispatcher-3] INFO  com.i2i.Client - MSISDN: 10|1
19:00:13 [AkkaRemoteClient-akka.actor.default-dispatcher-3] WARN  com.i2i.Client - Location: TURKEY
19:00:13 [AkkaRemoteClient-akka.actor.default-dispatcher-3] ERROR com.i2i.Client - Service: DATA
19:00:13 [AkkaRemoteClient-akka.actor.default-dispatcher-3] FATAL com.i2i.Client - Amount: 218844297
19:00:14 [AkkaRemoteClient-akka.actor.default-dispatcher-3] INFO  com.i2i.Client - MSISDN: 1|11
19:00:14 [AkkaRemoteClient-akka.actor.default-dispatcher-3] WARN  com.i2i.Client - Location: TURKEY
19:00:14 [AkkaRemoteClient-akka.actor.default-dispatcher-3] ERROR com.i2i.Client - Service: SMS
19:00:14 [AkkaRemoteClient-akka.actor.default-dispatcher-3] FATAL com.i2i.Client - Amount: 1
19:00:16 [AkkaRemoteClient-akka.actor.default-dispatcher-3] INFO  com.i2i.Client - MSISDN: 6|10
19:00:16 [AkkaRemoteClient-akka.actor.default-dispatcher-3] WARN  com.i2i.Client - Location: TURKEY
19:00:16 [AkkaRemoteClient-akka.actor.default-dispatcher-3] ERROR com.i2i.Client - Service: DATA
19:00:16 [AkkaRemoteClient-akka.actor.default-dispatcher-3] FATAL com.i2i.Client - Amount: 77202144
19:00:16 [AkkaRemoteClient-akka.actor.default-dispatcher-3] INFO  com.i2i.Client - MSISDN: 10|2
19:00:16 [AkkaRemoteClient-akka.actor.default-dispatcher-3] WARN  com.i2i.Client - Location: NORTHAMERICA
19:00:16 [AkkaRemoteClient-akka.actor.default-dispatcher-3] ERROR com.i2i.Client - Service: VOICE
19:00:16 [AkkaRemoteClient-akka.actor.default-dispatcher-3] FATAL com.i2i.Client - Amount: 2003
