18:12:02 [AkkaRemoteClient-akka.actor.default-dispatcher-6] INFO  com.i2i.Client - MSISDN: 5513852249
18:12:02 [AkkaRemoteClient-akka.actor.default-dispatcher-6] WARN  com.i2i.Client - Location: TURKEY
18:12:02 [AkkaRemoteClient-akka.actor.default-dispatcher-6] ERROR com.i2i.Client - Service: SMS
18:12:02 [AkkaRemoteClient-akka.actor.default-dispatcher-6] FATAL com.i2i.Client - Amount: 1
18:12:04 [AkkaRemoteClient-akka.actor.default-dispatcher-6] INFO  com.i2i.Client - MSISDN: 5513852249
18:12:04 [AkkaRemoteClient-akka.actor.default-dispatcher-6] WARN  com.i2i.Client - Location: EUROPE
18:12:04 [AkkaRemoteClient-akka.actor.default-dispatcher-6] ERROR com.i2i.Client - Service: VOICE
18:12:04 [AkkaRemoteClient-akka.actor.default-dispatcher-6] FATAL com.i2i.Client - Amount: 3572
18:12:04 [AkkaRemoteClient-akka.actor.default-dispatcher-6] INFO  com.i2i.Client - MSISDN: 5513852249
18:12:04 [AkkaRemoteClient-akka.actor.default-dispatcher-6] WARN  com.i2i.Client - Location: OTHER
18:12:04 [AkkaRemoteClient-akka.actor.default-dispatcher-6] ERROR com.i2i.Client - Service: DATA
18:12:04 [AkkaRemoteClient-akka.actor.default-dispatcher-6] FATAL com.i2i.Client - Amount: 955939187
18:12:06 [AkkaRemoteClient-akka.actor.default-dispatcher-6] INFO  com.i2i.Client - MSISDN: 5513852249
18:12:06 [AkkaRemoteClient-akka.actor.default-dispatcher-6] WARN  com.i2i.Client - Location: TURKEY
18:12:06 [AkkaRemoteClient-akka.actor.default-dispatcher-6] ERROR com.i2i.Client - Service: VOICE
18:12:06 [AkkaRemoteClient-akka.actor.default-dispatcher-6] FATAL com.i2i.Client - Amount: 1097
18:12:06 [AkkaRemoteClient-akka.actor.default-dispatcher-6] INFO  com.i2i.Client - MSISDN: 5513852249
18:12:06 [AkkaRemoteClient-akka.actor.default-dispatcher-6] WARN  com.i2i.Client - Location: RUSSIA
18:12:06 [AkkaRemoteClient-akka.actor.default-dispatcher-6] ERROR com.i2i.Client - Service: DATA
18:12:06 [AkkaRemoteClient-akka.actor.default-dispatcher-6] FATAL com.i2i.Client - Amount: 28725237
18:12:07 [AkkaRemoteClient-akka.actor.default-dispatcher-6] INFO  com.i2i.Client - MSISDN: 5513852249
18:12:07 [AkkaRemoteClient-akka.actor.default-dispatcher-6] WARN  com.i2i.Client - Location: TURKEY
18:12:07 [AkkaRemoteClient-akka.actor.default-dispatcher-6] ERROR com.i2i.Client - Service: VOICE
18:12:07 [AkkaRemoteClient-akka.actor.default-dispatcher-6] FATAL com.i2i.Client - Amount: 2284
18:12:09 [AkkaRemoteClient-akka.actor.default-dispatcher-6] INFO  com.i2i.Client - MSISDN: 5513852249
18:12:09 [AkkaRemoteClient-akka.actor.default-dispatcher-6] WARN  com.i2i.Client - Location: TURKEY
18:12:09 [AkkaRemoteClient-akka.actor.default-dispatcher-6] ERROR com.i2i.Client - Service: VOICE
18:12:09 [AkkaRemoteClient-akka.actor.default-dispatcher-6] FATAL com.i2i.Client - Amount: 386
18:12:09 [AkkaRemoteClient-akka.actor.default-dispatcher-6] INFO  com.i2i.Client - MSISDN: 5513852249
18:12:09 [AkkaRemoteClient-akka.actor.default-dispatcher-6] WARN  com.i2i.Client - Location: OTHER
18:12:09 [AkkaRemoteClient-akka.actor.default-dispatcher-6] ERROR com.i2i.Client - Service: VOICE
18:12:09 [AkkaRemoteClient-akka.actor.default-dispatcher-6] FATAL com.i2i.Client - Amount: 3014
18:12:11 [AkkaRemoteClient-akka.actor.default-dispatcher-6] INFO  com.i2i.Client - MSISDN: 5513852249
18:12:11 [AkkaRemoteClient-akka.actor.default-dispatcher-6] WARN  com.i2i.Client - Location: OTHER
18:12:11 [AkkaRemoteClient-akka.actor.default-dispatcher-6] ERROR com.i2i.Client - Service: SMS
18:12:11 [AkkaRemoteClient-akka.actor.default-dispatcher-6] FATAL com.i2i.Client - Amount: 1
18:12:11 [AkkaRemoteClient-akka.actor.default-dispatcher-6] INFO  com.i2i.Client - MSISDN: 5513852249
18:12:11 [AkkaRemoteClient-akka.actor.default-dispatcher-6] WARN  com.i2i.Client - Location: NORTHERNCYPRUS
18:12:11 [AkkaRemoteClient-akka.actor.default-dispatcher-6] ERROR com.i2i.Client - Service: DATA
18:12:11 [AkkaRemoteClient-akka.actor.default-dispatcher-6] FATAL com.i2i.Client - Amount: 192690532
18:12:14 [AkkaRemoteClient-akka.actor.default-dispatcher-6] INFO  com.i2i.Client - MSISDN: 5513852249
18:12:14 [AkkaRemoteClient-akka.actor.default-dispatcher-6] WARN  com.i2i.Client - Location: TURKEY
18:12:14 [AkkaRemoteClient-akka.actor.default-dispatcher-6] ERROR com.i2i.Client - Service: SMS
18:12:14 [AkkaRemoteClient-akka.actor.default-dispatcher-6] FATAL com.i2i.Client - Amount: 1
18:12:15 [AkkaRemoteClient-akka.actor.default-dispatcher-6] INFO  com.i2i.Client - MSISDN: 5513852249
18:12:15 [AkkaRemoteClient-akka.actor.default-dispatcher-6] WARN  com.i2i.Client - Location: TURKEY
18:12:15 [AkkaRemoteClient-akka.actor.default-dispatcher-6] ERROR com.i2i.Client - Service: VOICE
18:12:15 [AkkaRemoteClient-akka.actor.default-dispatcher-6] FATAL com.i2i.Client - Amount: 1877
18:12:16 [AkkaRemoteClient-akka.actor.default-dispatcher-6] INFO  com.i2i.Client - MSISDN: 5513852249
18:12:16 [AkkaRemoteClient-akka.actor.default-dispatcher-6] WARN  com.i2i.Client - Location: TURKEY
18:12:16 [AkkaRemoteClient-akka.actor.default-dispatcher-6] ERROR com.i2i.Client - Service: SMS
18:12:16 [AkkaRemoteClient-akka.actor.default-dispatcher-6] FATAL com.i2i.Client - Amount: 1
18:12:16 [AkkaRemoteClient-akka.actor.default-dispatcher-6] INFO  com.i2i.Client - MSISDN: 5513852249
18:12:16 [AkkaRemoteClient-akka.actor.default-dispatcher-6] WARN  com.i2i.Client - Location: RUSSIA
18:12:16 [AkkaRemoteClient-akka.actor.default-dispatcher-6] ERROR com.i2i.Client - Service: VOICE
18:12:16 [AkkaRemoteClient-akka.actor.default-dispatcher-6] FATAL com.i2i.Client - Amount: 963
18:12:17 [AkkaRemoteClient-akka.actor.default-dispatcher-6] INFO  com.i2i.Client - MSISDN: 5513852249
18:12:17 [AkkaRemoteClient-akka.actor.default-dispatcher-6] WARN  com.i2i.Client - Location: TURKEY
18:12:17 [AkkaRemoteClient-akka.actor.default-dispatcher-6] ERROR com.i2i.Client - Service: SMS
18:12:17 [AkkaRemoteClient-akka.actor.default-dispatcher-6] FATAL com.i2i.Client - Amount: 1
18:12:17 [AkkaRemoteClient-akka.actor.default-dispatcher-6] INFO  com.i2i.Client - MSISDN: 5513852249
18:12:17 [AkkaRemoteClient-akka.actor.default-dispatcher-6] WARN  com.i2i.Client - Location: EUROPE
18:12:17 [AkkaRemoteClient-akka.actor.default-dispatcher-6] ERROR com.i2i.Client - Service: DATA
18:12:17 [AkkaRemoteClient-akka.actor.default-dispatcher-6] FATAL com.i2i.Client - Amount: 885828859
18:12:19 [AkkaRemoteClient-akka.actor.default-dispatcher-6] INFO  com.i2i.Client - MSISDN: 5513852249
18:12:19 [AkkaRemoteClient-akka.actor.default-dispatcher-6] WARN  com.i2i.Client - Location: NORTHERNCYPRUS
18:12:19 [AkkaRemoteClient-akka.actor.default-dispatcher-6] ERROR com.i2i.Client - Service: DATA
18:12:19 [AkkaRemoteClient-akka.actor.default-dispatcher-6] FATAL com.i2i.Client - Amount: 46205952
18:12:21 [AkkaRemoteClient-akka.actor.default-dispatcher-6] INFO  com.i2i.Client - MSISDN: 5513852249
18:12:21 [AkkaRemoteClient-akka.actor.default-dispatcher-6] WARN  com.i2i.Client - Location: TURKEY
18:12:21 [AkkaRemoteClient-akka.actor.default-dispatcher-6] ERROR com.i2i.Client - Service: SMS
18:12:21 [AkkaRemoteClient-akka.actor.default-dispatcher-6] FATAL com.i2i.Client - Amount: 1
18:12:21 [AkkaRemoteClient-akka.actor.default-dispatcher-6] INFO  com.i2i.Client - MSISDN: 5513852249
18:12:21 [AkkaRemoteClient-akka.actor.default-dispatcher-6] WARN  com.i2i.Client - Location: MIDDLEEAST
18:12:21 [AkkaRemoteClient-akka.actor.default-dispatcher-6] ERROR com.i2i.Client - Service: SMS
18:12:21 [AkkaRemoteClient-akka.actor.default-dispatcher-6] FATAL com.i2i.Client - Amount: 1
18:12:22 [AkkaRemoteClient-akka.actor.default-dispatcher-6] INFO  com.i2i.Client - MSISDN: 5513852249
18:12:22 [AkkaRemoteClient-akka.actor.default-dispatcher-6] WARN  com.i2i.Client - Location: TURKEY
18:12:22 [AkkaRemoteClient-akka.actor.default-dispatcher-6] ERROR com.i2i.Client - Service: SMS
18:12:22 [AkkaRemoteClient-akka.actor.default-dispatcher-6] FATAL com.i2i.Client - Amount: 1
18:12:22 [AkkaRemoteClient-akka.actor.default-dispatcher-6] INFO  com.i2i.Client - MSISDN: 5513852249
18:12:22 [AkkaRemoteClient-akka.actor.default-dispatcher-6] WARN  com.i2i.Client - Location: EUROPE
18:12:22 [AkkaRemoteClient-akka.actor.default-dispatcher-6] ERROR com.i2i.Client - Service: SMS
18:12:22 [AkkaRemoteClient-akka.actor.default-dispatcher-6] FATAL com.i2i.Client - Amount: 1
18:12:24 [AkkaRemoteClient-akka.actor.default-dispatcher-6] INFO  com.i2i.Client - MSISDN: 4
18:12:24 [AkkaRemoteClient-akka.actor.default-dispatcher-6] WARN  com.i2i.Client - Location: TURKEY
18:12:24 [AkkaRemoteClient-akka.actor.default-dispatcher-6] ERROR com.i2i.Client - Service: VOICE
18:12:24 [AkkaRemoteClient-akka.actor.default-dispatcher-6] FATAL com.i2i.Client - Amount: 2799
18:12:25 [AkkaRemoteClient-akka.actor.default-dispatcher-6] INFO  com.i2i.Client - MSISDN: 11
18:12:25 [AkkaRemoteClient-akka.actor.default-dispatcher-6] WARN  com.i2i.Client - Location: TURKEY
18:12:25 [AkkaRemoteClient-akka.actor.default-dispatcher-6] ERROR com.i2i.Client - Service: SMS
18:12:25 [AkkaRemoteClient-akka.actor.default-dispatcher-6] FATAL com.i2i.Client - Amount: 1
18:12:25 [AkkaRemoteClient-akka.actor.default-dispatcher-6] INFO  com.i2i.Client - MSISDN: 11
18:12:25 [AkkaRemoteClient-akka.actor.default-dispatcher-6] WARN  com.i2i.Client - Location: NORTHERNCYPRUS
18:12:25 [AkkaRemoteClient-akka.actor.default-dispatcher-6] ERROR com.i2i.Client - Service: VOICE
18:12:25 [AkkaRemoteClient-akka.actor.default-dispatcher-6] FATAL com.i2i.Client - Amount: 650
18:12:26 [AkkaRemoteClient-akka.actor.default-dispatcher-6] INFO  com.i2i.Client - MSISDN: 11
18:12:26 [AkkaRemoteClient-akka.actor.default-dispatcher-6] WARN  com.i2i.Client - Location: TURKEY
18:12:26 [AkkaRemoteClient-akka.actor.default-dispatcher-6] ERROR com.i2i.Client - Service: VOICE
18:12:26 [AkkaRemoteClient-akka.actor.default-dispatcher-6] FATAL com.i2i.Client - Amount: 990
18:12:27 [AkkaRemoteClient-akka.actor.default-dispatcher-6] INFO  com.i2i.Client - MSISDN: 10
18:12:27 [AkkaRemoteClient-akka.actor.default-dispatcher-6] WARN  com.i2i.Client - Location: OTHER
18:12:27 [AkkaRemoteClient-akka.actor.default-dispatcher-6] ERROR com.i2i.Client - Service: SMS
18:12:27 [AkkaRemoteClient-akka.actor.default-dispatcher-6] FATAL com.i2i.Client - Amount: 1
18:12:29 [AkkaRemoteClient-akka.actor.default-dispatcher-6] INFO  com.i2i.Client - MSISDN: 10
18:12:29 [AkkaRemoteClient-akka.actor.default-dispatcher-6] WARN  com.i2i.Client - Location: TURKEY
18:12:29 [AkkaRemoteClient-akka.actor.default-dispatcher-6] ERROR com.i2i.Client - Service: VOICE
18:12:29 [AkkaRemoteClient-akka.actor.default-dispatcher-6] FATAL com.i2i.Client - Amount: 2672
18:12:29 [AkkaRemoteClient-akka.actor.default-dispatcher-6] INFO  com.i2i.Client - MSISDN: 10
18:12:29 [AkkaRemoteClient-akka.actor.default-dispatcher-6] WARN  com.i2i.Client - Location: TURKEY
18:12:29 [AkkaRemoteClient-akka.actor.default-dispatcher-6] ERROR com.i2i.Client - Service: DATA
18:12:29 [AkkaRemoteClient-akka.actor.default-dispatcher-6] FATAL com.i2i.Client - Amount: 430169317
18:12:29 [AkkaRemoteClient-akka.actor.default-dispatcher-6] INFO  com.i2i.Client - MSISDN: 10
18:12:29 [AkkaRemoteClient-akka.actor.default-dispatcher-6] WARN  com.i2i.Client - Location: TURKEY
18:12:29 [AkkaRemoteClient-akka.actor.default-dispatcher-6] ERROR com.i2i.Client - Service: DATA
18:12:29 [AkkaRemoteClient-akka.actor.default-dispatcher-6] FATAL com.i2i.Client - Amount: 882930735
18:12:30 [AkkaRemoteClient-akka.actor.default-dispatcher-6] INFO  com.i2i.Client - MSISDN: 10
18:12:30 [AkkaRemoteClient-akka.actor.default-dispatcher-6] WARN  com.i2i.Client - Location: MIDDLEEAST
18:12:30 [AkkaRemoteClient-akka.actor.default-dispatcher-6] ERROR com.i2i.Client - Service: DATA
18:12:30 [AkkaRemoteClient-akka.actor.default-dispatcher-6] FATAL com.i2i.Client - Amount: 107279493
18:12:30 [AkkaRemoteClient-akka.actor.default-dispatcher-6] INFO  com.i2i.Client - MSISDN: 10
18:12:30 [AkkaRemoteClient-akka.actor.default-dispatcher-6] WARN  com.i2i.Client - Location: TURKEY
18:12:30 [AkkaRemoteClient-akka.actor.default-dispatcher-6] ERROR com.i2i.Client - Service: SMS
18:12:30 [AkkaRemoteClient-akka.actor.default-dispatcher-6] FATAL com.i2i.Client - Amount: 1
18:12:30 [AkkaRemoteClient-akka.actor.default-dispatcher-6] INFO  com.i2i.Client - MSISDN: 10
18:12:30 [AkkaRemoteClient-akka.actor.default-dispatcher-6] WARN  com.i2i.Client - Location: TURKEY
18:12:30 [AkkaRemoteClient-akka.actor.default-dispatcher-6] ERROR com.i2i.Client - Service: DATA
18:12:30 [AkkaRemoteClient-akka.actor.default-dispatcher-6] FATAL com.i2i.Client - Amount: 898176965
18:12:31 [AkkaRemoteClient-akka.actor.default-dispatcher-6] INFO  com.i2i.Client - MSISDN: 10
18:12:31 [AkkaRemoteClient-akka.actor.default-dispatcher-6] WARN  com.i2i.Client - Location: RUSSIA
18:12:31 [AkkaRemoteClient-akka.actor.default-dispatcher-6] ERROR com.i2i.Client - Service: VOICE
18:12:31 [AkkaRemoteClient-akka.actor.default-dispatcher-6] FATAL com.i2i.Client - Amount: 3458
18:12:32 [AkkaRemoteClient-akka.actor.default-dispatcher-6] INFO  com.i2i.Client - MSISDN: 10
18:12:32 [AkkaRemoteClient-akka.actor.default-dispatcher-6] WARN  com.i2i.Client - Location: TURKEY
18:12:32 [AkkaRemoteClient-akka.actor.default-dispatcher-6] ERROR com.i2i.Client - Service: DATA
18:12:32 [AkkaRemoteClient-akka.actor.default-dispatcher-6] FATAL com.i2i.Client - Amount: 182892372
18:12:33 [AkkaRemoteClient-akka.actor.default-dispatcher-6] INFO  com.i2i.Client - MSISDN: 10
18:12:33 [AkkaRemoteClient-akka.actor.default-dispatcher-6] WARN  com.i2i.Client - Location: EUROPE
18:12:33 [AkkaRemoteClient-akka.actor.default-dispatcher-6] ERROR com.i2i.Client - Service: SMS
18:12:33 [AkkaRemoteClient-akka.actor.default-dispatcher-6] FATAL com.i2i.Client - Amount: 1
18:12:33 [AkkaRemoteClient-akka.actor.default-dispatcher-6] INFO  com.i2i.Client - MSISDN: 10
18:12:33 [AkkaRemoteClient-akka.actor.default-dispatcher-6] WARN  com.i2i.Client - Location: TURKEY
18:12:33 [AkkaRemoteClient-akka.actor.default-dispatcher-6] ERROR com.i2i.Client - Service: VOICE
18:12:33 [AkkaRemoteClient-akka.actor.default-dispatcher-6] FATAL com.i2i.Client - Amount: 2653
18:12:34 [AkkaRemoteClient-akka.actor.default-dispatcher-6] INFO  com.i2i.Client - MSISDN: 10
18:12:34 [AkkaRemoteClient-akka.actor.default-dispatcher-6] WARN  com.i2i.Client - Location: NORTHAMERICA
18:12:34 [AkkaRemoteClient-akka.actor.default-dispatcher-6] ERROR com.i2i.Client - Service: SMS
18:12:34 [AkkaRemoteClient-akka.actor.default-dispatcher-6] FATAL com.i2i.Client - Amount: 1
18:12:34 [AkkaRemoteClient-akka.actor.default-dispatcher-6] INFO  com.i2i.Client - MSISDN: 10
18:12:34 [AkkaRemoteClient-akka.actor.default-dispatcher-6] WARN  com.i2i.Client - Location: RUSSIA
18:12:34 [AkkaRemoteClient-akka.actor.default-dispatcher-6] ERROR com.i2i.Client - Service: DATA
18:12:34 [AkkaRemoteClient-akka.actor.default-dispatcher-6] FATAL com.i2i.Client - Amount: 586682533
18:12:34 [AkkaRemoteClient-akka.actor.default-dispatcher-6] INFO  com.i2i.Client - MSISDN: 8
18:12:34 [AkkaRemoteClient-akka.actor.default-dispatcher-6] WARN  com.i2i.Client - Location: NORTHERNCYPRUS
18:12:34 [AkkaRemoteClient-akka.actor.default-dispatcher-6] ERROR com.i2i.Client - Service: SMS
18:12:34 [AkkaRemoteClient-akka.actor.default-dispatcher-6] FATAL com.i2i.Client - Amount: 1
18:12:38 [AkkaRemoteClient-akka.actor.default-dispatcher-6] INFO  com.i2i.Client - MSISDN: 8
18:12:38 [AkkaRemoteClient-akka.actor.default-dispatcher-6] WARN  com.i2i.Client - Location: TURKEY
18:12:38 [AkkaRemoteClient-akka.actor.default-dispatcher-6] ERROR com.i2i.Client - Service: VOICE
18:12:38 [AkkaRemoteClient-akka.actor.default-dispatcher-6] FATAL com.i2i.Client - Amount: 2533
18:12:39 [AkkaRemoteClient-akka.actor.default-dispatcher-6] INFO  com.i2i.Client - MSISDN: 8
18:12:39 [AkkaRemoteClient-akka.actor.default-dispatcher-6] WARN  com.i2i.Client - Location: TURKEY
18:12:39 [AkkaRemoteClient-akka.actor.default-dispatcher-6] ERROR com.i2i.Client - Service: DATA
18:12:39 [AkkaRemoteClient-akka.actor.default-dispatcher-6] FATAL com.i2i.Client - Amount: 630722394
