16:51:40 [AkkaRemoteClient-akka.actor.default-dispatcher-2] INFO  com.i2i.Client - MSISDN: 535
16:51:40 [AkkaRemoteClient-akka.actor.default-dispatcher-2] WARN  com.i2i.Client - Location: OTHER
16:51:40 [AkkaRemoteClient-akka.actor.default-dispatcher-2] ERROR com.i2i.Client - Service: VOICE
16:51:40 [AkkaRemoteClient-akka.actor.default-dispatcher-2] FATAL com.i2i.Client - Amount: 205
16:51:43 [AkkaRemoteClient-akka.actor.default-dispatcher-2] INFO  com.i2i.Client - MSISDN: 535
16:51:43 [AkkaRemoteClient-akka.actor.default-dispatcher-2] WARN  com.i2i.Client - Location: RUSSIA
16:51:43 [AkkaRemoteClient-akka.actor.default-dispatcher-2] ERROR com.i2i.Client - Service: DATA
16:51:43 [AkkaRemoteClient-akka.actor.default-dispatcher-2] FATAL com.i2i.Client - Amount: 1287544400
16:51:43 [AkkaRemoteClient-akka.actor.default-dispatcher-2] INFO  com.i2i.Client - MSISDN: 535
16:51:43 [AkkaRemoteClient-akka.actor.default-dispatcher-2] WARN  com.i2i.Client - Location: TURKEY
16:51:43 [AkkaRemoteClient-akka.actor.default-dispatcher-2] ERROR com.i2i.Client - Service: DATA
16:51:43 [AkkaRemoteClient-akka.actor.default-dispatcher-2] FATAL com.i2i.Client - Amount: 240549268
16:51:45 [AkkaRemoteClient-akka.actor.default-dispatcher-2] INFO  com.i2i.Client - MSISDN: 535
16:51:45 [AkkaRemoteClient-akka.actor.default-dispatcher-2] WARN  com.i2i.Client - Location: TURKEY
16:51:45 [AkkaRemoteClient-akka.actor.default-dispatcher-2] ERROR com.i2i.Client - Service: DATA
16:51:45 [AkkaRemoteClient-akka.actor.default-dispatcher-2] FATAL com.i2i.Client - Amount: 241064456
16:51:46 [AkkaRemoteClient-akka.actor.default-dispatcher-2] INFO  com.i2i.Client - MSISDN: 535
16:51:46 [AkkaRemoteClient-akka.actor.default-dispatcher-2] WARN  com.i2i.Client - Location: TURKEY
16:51:46 [AkkaRemoteClient-akka.actor.default-dispatcher-2] ERROR com.i2i.Client - Service: DATA
16:51:46 [AkkaRemoteClient-akka.actor.default-dispatcher-2] FATAL com.i2i.Client - Amount: 357388267
16:51:46 [AkkaRemoteClient-akka.actor.default-dispatcher-2] INFO  com.i2i.Client - MSISDN: 535
16:51:46 [AkkaRemoteClient-akka.actor.default-dispatcher-2] WARN  com.i2i.Client - Location: TURKEY
16:51:46 [AkkaRemoteClient-akka.actor.default-dispatcher-2] ERROR com.i2i.Client - Service: DATA
16:51:46 [AkkaRemoteClient-akka.actor.default-dispatcher-2] FATAL com.i2i.Client - Amount: 1217136162
16:51:47 [AkkaRemoteClient-akka.actor.default-dispatcher-2] INFO  com.i2i.Client - MSISDN: 535
16:51:47 [AkkaRemoteClient-akka.actor.default-dispatcher-2] WARN  com.i2i.Client - Location: TURKEY
16:51:47 [AkkaRemoteClient-akka.actor.default-dispatcher-2] ERROR com.i2i.Client - Service: SMS
16:51:47 [AkkaRemoteClient-akka.actor.default-dispatcher-2] FATAL com.i2i.Client - Amount: 1
16:51:47 [AkkaRemoteClient-akka.actor.default-dispatcher-2] INFO  com.i2i.Client - MSISDN: 535
16:51:47 [AkkaRemoteClient-akka.actor.default-dispatcher-2] WARN  com.i2i.Client - Location: RUSSIA
16:51:47 [AkkaRemoteClient-akka.actor.default-dispatcher-2] ERROR com.i2i.Client - Service: SMS
16:51:47 [AkkaRemoteClient-akka.actor.default-dispatcher-2] FATAL com.i2i.Client - Amount: 1
16:51:48 [AkkaRemoteClient-akka.actor.default-dispatcher-2] INFO  com.i2i.Client - MSISDN: 535
16:51:48 [AkkaRemoteClient-akka.actor.default-dispatcher-2] WARN  com.i2i.Client - Location: TURKEY
16:51:48 [AkkaRemoteClient-akka.actor.default-dispatcher-2] ERROR com.i2i.Client - Service: VOICE
16:51:48 [AkkaRemoteClient-akka.actor.default-dispatcher-2] FATAL com.i2i.Client - Amount: 3098
16:51:49 [AkkaRemoteClient-akka.actor.default-dispatcher-2] INFO  com.i2i.Client - MSISDN: 535
16:51:49 [AkkaRemoteClient-akka.actor.default-dispatcher-2] WARN  com.i2i.Client - Location: TURKEY
16:51:49 [AkkaRemoteClient-akka.actor.default-dispatcher-2] ERROR com.i2i.Client - Service: DATA
16:51:49 [AkkaRemoteClient-akka.actor.default-dispatcher-2] FATAL com.i2i.Client - Amount: 1029372722
16:51:50 [AkkaRemoteClient-akka.actor.default-dispatcher-2] INFO  com.i2i.Client - MSISDN: 535
16:51:50 [AkkaRemoteClient-akka.actor.default-dispatcher-2] WARN  com.i2i.Client - Location: TURKEY
16:51:50 [AkkaRemoteClient-akka.actor.default-dispatcher-2] ERROR com.i2i.Client - Service: DATA
16:51:50 [AkkaRemoteClient-akka.actor.default-dispatcher-2] FATAL com.i2i.Client - Amount: 600725789
16:51:52 [AkkaRemoteClient-akka.actor.default-dispatcher-2] INFO  com.i2i.Client - MSISDN: 535
16:51:52 [AkkaRemoteClient-akka.actor.default-dispatcher-2] WARN  com.i2i.Client - Location: EUROPE
16:51:52 [AkkaRemoteClient-akka.actor.default-dispatcher-2] ERROR com.i2i.Client - Service: VOICE
16:51:52 [AkkaRemoteClient-akka.actor.default-dispatcher-2] FATAL com.i2i.Client - Amount: 3496
16:51:52 [AkkaRemoteClient-akka.actor.default-dispatcher-2] INFO  com.i2i.Client - MSISDN: 535
16:51:52 [AkkaRemoteClient-akka.actor.default-dispatcher-2] WARN  com.i2i.Client - Location: TURKEY
16:51:52 [AkkaRemoteClient-akka.actor.default-dispatcher-2] ERROR com.i2i.Client - Service: VOICE
16:51:52 [AkkaRemoteClient-akka.actor.default-dispatcher-2] FATAL com.i2i.Client - Amount: 2875
16:51:52 [AkkaRemoteClient-akka.actor.default-dispatcher-2] INFO  com.i2i.Client - MSISDN: 535
16:51:52 [AkkaRemoteClient-akka.actor.default-dispatcher-2] WARN  com.i2i.Client - Location: TURKEY
16:51:52 [AkkaRemoteClient-akka.actor.default-dispatcher-2] ERROR com.i2i.Client - Service: SMS
16:51:52 [AkkaRemoteClient-akka.actor.default-dispatcher-2] FATAL com.i2i.Client - Amount: 1
16:51:53 [AkkaRemoteClient-akka.actor.default-dispatcher-2] INFO  com.i2i.Client - MSISDN: 535
16:51:53 [AkkaRemoteClient-akka.actor.default-dispatcher-2] WARN  com.i2i.Client - Location: MIDDLEEAST
16:51:53 [AkkaRemoteClient-akka.actor.default-dispatcher-2] ERROR com.i2i.Client - Service: VOICE
16:51:53 [AkkaRemoteClient-akka.actor.default-dispatcher-2] FATAL com.i2i.Client - Amount: 1948
16:51:54 [AkkaRemoteClient-akka.actor.default-dispatcher-2] INFO  com.i2i.Client - MSISDN: 535
16:51:54 [AkkaRemoteClient-akka.actor.default-dispatcher-2] WARN  com.i2i.Client - Location: OTHER
16:51:54 [AkkaRemoteClient-akka.actor.default-dispatcher-2] ERROR com.i2i.Client - Service: SMS
16:51:54 [AkkaRemoteClient-akka.actor.default-dispatcher-2] FATAL com.i2i.Client - Amount: 1
16:51:55 [AkkaRemoteClient-akka.actor.default-dispatcher-2] INFO  com.i2i.Client - MSISDN: 535
16:51:55 [AkkaRemoteClient-akka.actor.default-dispatcher-2] WARN  com.i2i.Client - Location: MIDDLEEAST
16:51:55 [AkkaRemoteClient-akka.actor.default-dispatcher-2] ERROR com.i2i.Client - Service: VOICE
16:51:55 [AkkaRemoteClient-akka.actor.default-dispatcher-2] FATAL com.i2i.Client - Amount: 2294
16:51:56 [AkkaRemoteClient-akka.actor.default-dispatcher-2] INFO  com.i2i.Client - MSISDN: 535
16:51:56 [AkkaRemoteClient-akka.actor.default-dispatcher-2] WARN  com.i2i.Client - Location: NORTHAMERICA
16:51:56 [AkkaRemoteClient-akka.actor.default-dispatcher-2] ERROR com.i2i.Client - Service: DATA
16:51:56 [AkkaRemoteClient-akka.actor.default-dispatcher-2] FATAL com.i2i.Client - Amount: 12587125
16:51:57 [AkkaRemoteClient-akka.actor.default-dispatcher-2] INFO  com.i2i.Client - MSISDN: 535
16:51:57 [AkkaRemoteClient-akka.actor.default-dispatcher-2] WARN  com.i2i.Client - Location: TURKEY
16:51:57 [AkkaRemoteClient-akka.actor.default-dispatcher-2] ERROR com.i2i.Client - Service: DATA
16:51:57 [AkkaRemoteClient-akka.actor.default-dispatcher-2] FATAL com.i2i.Client - Amount: 607355782
16:51:58 [AkkaRemoteClient-akka.actor.default-dispatcher-2] INFO  com.i2i.Client - MSISDN: 535
16:51:58 [AkkaRemoteClient-akka.actor.default-dispatcher-2] WARN  com.i2i.Client - Location: TURKEY
16:51:58 [AkkaRemoteClient-akka.actor.default-dispatcher-2] ERROR com.i2i.Client - Service: DATA
16:51:58 [AkkaRemoteClient-akka.actor.default-dispatcher-2] FATAL com.i2i.Client - Amount: 824585941
16:51:58 [AkkaRemoteClient-akka.actor.default-dispatcher-2] INFO  com.i2i.Client - MSISDN: 535
16:51:58 [AkkaRemoteClient-akka.actor.default-dispatcher-2] WARN  com.i2i.Client - Location: TURKEY
16:51:58 [AkkaRemoteClient-akka.actor.default-dispatcher-2] ERROR com.i2i.Client - Service: SMS
16:51:58 [AkkaRemoteClient-akka.actor.default-dispatcher-2] FATAL com.i2i.Client - Amount: 1
16:51:59 [AkkaRemoteClient-akka.actor.default-dispatcher-2] INFO  com.i2i.Client - MSISDN: 535
16:51:59 [AkkaRemoteClient-akka.actor.default-dispatcher-2] WARN  com.i2i.Client - Location: NORTHERNCYPRUS
16:51:59 [AkkaRemoteClient-akka.actor.default-dispatcher-2] ERROR com.i2i.Client - Service: DATA
16:51:59 [AkkaRemoteClient-akka.actor.default-dispatcher-2] FATAL com.i2i.Client - Amount: 325184002
16:52:00 [AkkaRemoteClient-akka.actor.default-dispatcher-2] INFO  com.i2i.Client - MSISDN: 535
16:52:00 [AkkaRemoteClient-akka.actor.default-dispatcher-2] WARN  com.i2i.Client - Location: TURKEY
16:52:00 [AkkaRemoteClient-akka.actor.default-dispatcher-2] ERROR com.i2i.Client - Service: DATA
16:52:00 [AkkaRemoteClient-akka.actor.default-dispatcher-2] FATAL com.i2i.Client - Amount: 214365558
16:52:01 [AkkaRemoteClient-akka.actor.default-dispatcher-2] INFO  com.i2i.Client - MSISDN: 535
16:52:01 [AkkaRemoteClient-akka.actor.default-dispatcher-2] WARN  com.i2i.Client - Location: EUROPE
16:52:01 [AkkaRemoteClient-akka.actor.default-dispatcher-2] ERROR com.i2i.Client - Service: VOICE
16:52:01 [AkkaRemoteClient-akka.actor.default-dispatcher-2] FATAL com.i2i.Client - Amount: 2329
16:52:02 [AkkaRemoteClient-akka.actor.default-dispatcher-2] INFO  com.i2i.Client - MSISDN: 535
16:52:02 [AkkaRemoteClient-akka.actor.default-dispatcher-2] WARN  com.i2i.Client - Location: MIDDLEEAST
16:52:02 [AkkaRemoteClient-akka.actor.default-dispatcher-2] ERROR com.i2i.Client - Service: SMS
16:52:02 [AkkaRemoteClient-akka.actor.default-dispatcher-2] FATAL com.i2i.Client - Amount: 1
