18:04:26 [AkkaRemoteClient-akka.actor.default-dispatcher-4] INFO  com.i2i.Client - MSISDN: 5513852248
18:04:26 [AkkaRemoteClient-akka.actor.default-dispatcher-4] WARN  com.i2i.Client - Location: NORTHAMERICA
18:04:26 [AkkaRemoteClient-akka.actor.default-dispatcher-4] ERROR com.i2i.Client - Service: SMS
18:04:26 [AkkaRemoteClient-akka.actor.default-dispatcher-4] FATAL com.i2i.Client - Amount: 1
18:04:27 [AkkaRemoteClient-akka.actor.default-dispatcher-4] INFO  com.i2i.Client - MSISDN: 3
18:04:27 [AkkaRemoteClient-akka.actor.default-dispatcher-4] WARN  com.i2i.Client - Location: MIDDLEEAST
18:04:27 [AkkaRemoteClient-akka.actor.default-dispatcher-4] ERROR com.i2i.Client - Service: VOICE
18:04:27 [AkkaRemoteClient-akka.actor.default-dispatcher-4] FATAL com.i2i.Client - Amount: 360
18:04:27 [AkkaRemoteClient-akka.actor.default-dispatcher-4] INFO  com.i2i.Client - MSISDN: 6
18:04:27 [AkkaRemoteClient-akka.actor.default-dispatcher-4] WARN  com.i2i.Client - Location: TURKEY
18:04:27 [AkkaRemoteClient-akka.actor.default-dispatcher-4] ERROR com.i2i.Client - Service: SMS
18:04:27 [AkkaRemoteClient-akka.actor.default-dispatcher-4] FATAL com.i2i.Client - Amount: 1
18:04:27 [AkkaRemoteClient-akka.actor.default-dispatcher-4] INFO  com.i2i.Client - MSISDN: 7
18:04:27 [AkkaRemoteClient-akka.actor.default-dispatcher-4] WARN  com.i2i.Client - Location: TURKEY
18:04:27 [AkkaRemoteClient-akka.actor.default-dispatcher-4] ERROR com.i2i.Client - Service: SMS
18:04:27 [AkkaRemoteClient-akka.actor.default-dispatcher-4] FATAL com.i2i.Client - Amount: 1
18:04:28 [AkkaRemoteClient-akka.actor.default-dispatcher-4] INFO  com.i2i.Client - MSISDN: 4
18:04:28 [AkkaRemoteClient-akka.actor.default-dispatcher-4] WARN  com.i2i.Client - Location: TURKEY
18:04:28 [AkkaRemoteClient-akka.actor.default-dispatcher-4] ERROR com.i2i.Client - Service: DATA
18:04:28 [AkkaRemoteClient-akka.actor.default-dispatcher-4] FATAL com.i2i.Client - Amount: 1063175108
18:04:28 [AkkaRemoteClient-akka.actor.default-dispatcher-4] INFO  com.i2i.Client - MSISDN: 7
18:04:28 [AkkaRemoteClient-akka.actor.default-dispatcher-4] WARN  com.i2i.Client - Location: EUROPE
18:04:28 [AkkaRemoteClient-akka.actor.default-dispatcher-4] ERROR com.i2i.Client - Service: SMS
18:04:28 [AkkaRemoteClient-akka.actor.default-dispatcher-4] FATAL com.i2i.Client - Amount: 1
18:04:28 [AkkaRemoteClient-akka.actor.default-dispatcher-4] INFO  com.i2i.Client - MSISDN: 1
18:04:28 [AkkaRemoteClient-akka.actor.default-dispatcher-4] WARN  com.i2i.Client - Location: TURKEY
18:04:28 [AkkaRemoteClient-akka.actor.default-dispatcher-4] ERROR com.i2i.Client - Service: SMS
18:04:28 [AkkaRemoteClient-akka.actor.default-dispatcher-4] FATAL com.i2i.Client - Amount: 1
18:04:28 [AkkaRemoteClient-akka.actor.default-dispatcher-4] INFO  com.i2i.Client - MSISDN: 5513852249
18:04:28 [AkkaRemoteClient-akka.actor.default-dispatcher-4] WARN  com.i2i.Client - Location: TURKEY
18:04:28 [AkkaRemoteClient-akka.actor.default-dispatcher-4] ERROR com.i2i.Client - Service: VOICE
18:04:28 [AkkaRemoteClient-akka.actor.default-dispatcher-4] FATAL com.i2i.Client - Amount: 1024
18:04:30 [AkkaRemoteClient-akka.actor.default-dispatcher-3] INFO  com.i2i.Client - MSISDN: 5513852248
18:04:30 [AkkaRemoteClient-akka.actor.default-dispatcher-3] WARN  com.i2i.Client - Location: MIDDLEEAST
18:04:30 [AkkaRemoteClient-akka.actor.default-dispatcher-3] ERROR com.i2i.Client - Service: VOICE
18:04:30 [AkkaRemoteClient-akka.actor.default-dispatcher-3] FATAL com.i2i.Client - Amount: 2290
18:04:31 [AkkaRemoteClient-akka.actor.default-dispatcher-3] INFO  com.i2i.Client - MSISDN: 7
18:04:31 [AkkaRemoteClient-akka.actor.default-dispatcher-3] WARN  com.i2i.Client - Location: TURKEY
18:04:31 [AkkaRemoteClient-akka.actor.default-dispatcher-3] ERROR com.i2i.Client - Service: DATA
18:04:31 [AkkaRemoteClient-akka.actor.default-dispatcher-3] FATAL com.i2i.Client - Amount: 602033054
18:04:33 [AkkaRemoteClient-akka.actor.default-dispatcher-2] INFO  com.i2i.Client - MSISDN: 3
18:04:33 [AkkaRemoteClient-akka.actor.default-dispatcher-2] WARN  com.i2i.Client - Location: NORTHERNCYPRUS
18:04:33 [AkkaRemoteClient-akka.actor.default-dispatcher-2] ERROR com.i2i.Client - Service: VOICE
18:04:33 [AkkaRemoteClient-akka.actor.default-dispatcher-2] FATAL com.i2i.Client - Amount: 3191
18:04:35 [AkkaRemoteClient-akka.actor.default-dispatcher-2] INFO  com.i2i.Client - MSISDN: 2
18:04:35 [AkkaRemoteClient-akka.actor.default-dispatcher-2] WARN  com.i2i.Client - Location: MIDDLEEAST
18:04:35 [AkkaRemoteClient-akka.actor.default-dispatcher-2] ERROR com.i2i.Client - Service: SMS
18:04:35 [AkkaRemoteClient-akka.actor.default-dispatcher-2] FATAL com.i2i.Client - Amount: 1
18:04:36 [AkkaRemoteClient-akka.actor.default-dispatcher-2] INFO  com.i2i.Client - MSISDN: 3
18:04:36 [AkkaRemoteClient-akka.actor.default-dispatcher-2] WARN  com.i2i.Client - Location: TURKEY
18:04:36 [AkkaRemoteClient-akka.actor.default-dispatcher-2] ERROR com.i2i.Client - Service: VOICE
18:04:36 [AkkaRemoteClient-akka.actor.default-dispatcher-2] FATAL com.i2i.Client - Amount: 1131
18:04:36 [AkkaRemoteClient-akka.actor.default-dispatcher-2] INFO  com.i2i.Client - MSISDN: 1
18:04:36 [AkkaRemoteClient-akka.actor.default-dispatcher-2] WARN  com.i2i.Client - Location: TURKEY
18:04:36 [AkkaRemoteClient-akka.actor.default-dispatcher-2] ERROR com.i2i.Client - Service: SMS
18:04:36 [AkkaRemoteClient-akka.actor.default-dispatcher-2] FATAL com.i2i.Client - Amount: 1
18:04:36 [AkkaRemoteClient-akka.actor.default-dispatcher-2] INFO  com.i2i.Client - MSISDN: 5
18:04:36 [AkkaRemoteClient-akka.actor.default-dispatcher-2] WARN  com.i2i.Client - Location: EUROPE
18:04:36 [AkkaRemoteClient-akka.actor.default-dispatcher-2] ERROR com.i2i.Client - Service: VOICE
18:04:36 [AkkaRemoteClient-akka.actor.default-dispatcher-2] FATAL com.i2i.Client - Amount: 1415
18:04:37 [AkkaRemoteClient-akka.actor.default-dispatcher-2] INFO  com.i2i.Client - MSISDN: 5513852248
18:04:37 [AkkaRemoteClient-akka.actor.default-dispatcher-2] WARN  com.i2i.Client - Location: TURKEY
18:04:37 [AkkaRemoteClient-akka.actor.default-dispatcher-2] ERROR com.i2i.Client - Service: VOICE
18:04:37 [AkkaRemoteClient-akka.actor.default-dispatcher-2] FATAL com.i2i.Client - Amount: 3307
18:04:38 [AkkaRemoteClient-akka.actor.default-dispatcher-2] INFO  com.i2i.Client - MSISDN: 5513852248
18:04:38 [AkkaRemoteClient-akka.actor.default-dispatcher-2] WARN  com.i2i.Client - Location: TURKEY
18:04:38 [AkkaRemoteClient-akka.actor.default-dispatcher-2] ERROR com.i2i.Client - Service: VOICE
18:04:38 [AkkaRemoteClient-akka.actor.default-dispatcher-2] FATAL com.i2i.Client - Amount: 508
18:04:40 [AkkaRemoteClient-akka.actor.default-dispatcher-2] INFO  com.i2i.Client - MSISDN: 11
18:04:40 [AkkaRemoteClient-akka.actor.default-dispatcher-2] WARN  com.i2i.Client - Location: TURKEY
18:04:40 [AkkaRemoteClient-akka.actor.default-dispatcher-2] ERROR com.i2i.Client - Service: SMS
18:04:40 [AkkaRemoteClient-akka.actor.default-dispatcher-2] FATAL com.i2i.Client - Amount: 1
18:04:41 [AkkaRemoteClient-akka.actor.default-dispatcher-2] INFO  com.i2i.Client - MSISDN: 1
18:04:41 [AkkaRemoteClient-akka.actor.default-dispatcher-2] WARN  com.i2i.Client - Location: OTHER
18:04:41 [AkkaRemoteClient-akka.actor.default-dispatcher-2] ERROR com.i2i.Client - Service: SMS
18:04:41 [AkkaRemoteClient-akka.actor.default-dispatcher-2] FATAL com.i2i.Client - Amount: 1
18:04:41 [AkkaRemoteClient-akka.actor.default-dispatcher-2] INFO  com.i2i.Client - MSISDN: 11
18:04:41 [AkkaRemoteClient-akka.actor.default-dispatcher-2] WARN  com.i2i.Client - Location: EUROPE
18:04:41 [AkkaRemoteClient-akka.actor.default-dispatcher-2] ERROR com.i2i.Client - Service: SMS
18:04:41 [AkkaRemoteClient-akka.actor.default-dispatcher-2] FATAL com.i2i.Client - Amount: 1
18:04:43 [AkkaRemoteClient-akka.actor.default-dispatcher-2] INFO  com.i2i.Client - MSISDN: 7
18:04:43 [AkkaRemoteClient-akka.actor.default-dispatcher-2] WARN  com.i2i.Client - Location: TURKEY
18:04:43 [AkkaRemoteClient-akka.actor.default-dispatcher-2] ERROR com.i2i.Client - Service: SMS
18:04:43 [AkkaRemoteClient-akka.actor.default-dispatcher-2] FATAL com.i2i.Client - Amount: 1
18:04:44 [AkkaRemoteClient-akka.actor.default-dispatcher-2] INFO  com.i2i.Client - MSISDN: 1
18:04:44 [AkkaRemoteClient-akka.actor.default-dispatcher-2] WARN  com.i2i.Client - Location: TURKEY
18:04:44 [AkkaRemoteClient-akka.actor.default-dispatcher-2] ERROR com.i2i.Client - Service: SMS
18:04:44 [AkkaRemoteClient-akka.actor.default-dispatcher-2] FATAL com.i2i.Client - Amount: 1
