16:47:20 [AkkaRemoteClient-akka.actor.default-dispatcher-3] INFO  com.i2i.Client - MSISDN: 535
16:47:20 [AkkaRemoteClient-akka.actor.default-dispatcher-3] WARN  com.i2i.Client - Location: TURKEY
16:47:20 [AkkaRemoteClient-akka.actor.default-dispatcher-3] ERROR com.i2i.Client - Service: SMS
16:47:20 [AkkaRemoteClient-akka.actor.default-dispatcher-3] FATAL com.i2i.Client - Amount: 1
16:47:21 [AkkaRemoteClient-akka.actor.default-dispatcher-3] INFO  com.i2i.Client - MSISDN: 535
16:47:21 [AkkaRemoteClient-akka.actor.default-dispatcher-3] WARN  com.i2i.Client - Location: TURKEY
16:47:21 [AkkaRemoteClient-akka.actor.default-dispatcher-3] ERROR com.i2i.Client - Service: SMS
16:47:21 [AkkaRemoteClient-akka.actor.default-dispatcher-3] FATAL com.i2i.Client - Amount: 1
16:47:22 [AkkaRemoteClient-akka.actor.default-dispatcher-3] INFO  com.i2i.Client - MSISDN: 535
16:47:22 [AkkaRemoteClient-akka.actor.default-dispatcher-3] WARN  com.i2i.Client - Location: TURKEY
16:47:22 [AkkaRemoteClient-akka.actor.default-dispatcher-3] ERROR com.i2i.Client - Service: VOICE
16:47:22 [AkkaRemoteClient-akka.actor.default-dispatcher-3] FATAL com.i2i.Client - Amount: 1859
16:47:22 [AkkaRemoteClient-akka.actor.default-dispatcher-3] INFO  com.i2i.Client - MSISDN: 535
16:47:22 [AkkaRemoteClient-akka.actor.default-dispatcher-3] WARN  com.i2i.Client - Location: OTHER
16:47:22 [AkkaRemoteClient-akka.actor.default-dispatcher-3] ERROR com.i2i.Client - Service: VOICE
16:47:22 [AkkaRemoteClient-akka.actor.default-dispatcher-3] FATAL com.i2i.Client - Amount: 3067
16:47:23 [AkkaRemoteClient-akka.actor.default-dispatcher-3] INFO  com.i2i.Client - MSISDN: 535
16:47:23 [AkkaRemoteClient-akka.actor.default-dispatcher-3] WARN  com.i2i.Client - Location: TURKEY
16:47:23 [AkkaRemoteClient-akka.actor.default-dispatcher-3] ERROR com.i2i.Client - Service: SMS
16:47:23 [AkkaRemoteClient-akka.actor.default-dispatcher-3] FATAL com.i2i.Client - Amount: 1
16:47:26 [AkkaRemoteClient-akka.actor.default-dispatcher-3] INFO  com.i2i.Client - MSISDN: 535
16:47:26 [AkkaRemoteClient-akka.actor.default-dispatcher-3] WARN  com.i2i.Client - Location: TURKEY
16:47:26 [AkkaRemoteClient-akka.actor.default-dispatcher-3] ERROR com.i2i.Client - Service: SMS
16:47:26 [AkkaRemoteClient-akka.actor.default-dispatcher-3] FATAL com.i2i.Client - Amount: 1
16:47:27 [AkkaRemoteClient-akka.actor.default-dispatcher-3] INFO  com.i2i.Client - MSISDN: 535
16:47:27 [AkkaRemoteClient-akka.actor.default-dispatcher-3] WARN  com.i2i.Client - Location: TURKEY
16:47:27 [AkkaRemoteClient-akka.actor.default-dispatcher-3] ERROR com.i2i.Client - Service: SMS
16:47:27 [AkkaRemoteClient-akka.actor.default-dispatcher-3] FATAL com.i2i.Client - Amount: 1
16:47:28 [AkkaRemoteClient-akka.actor.default-dispatcher-3] INFO  com.i2i.Client - MSISDN: 535
16:47:28 [AkkaRemoteClient-akka.actor.default-dispatcher-3] WARN  com.i2i.Client - Location: RUSSIA
16:47:28 [AkkaRemoteClient-akka.actor.default-dispatcher-3] ERROR com.i2i.Client - Service: VOICE
16:47:28 [AkkaRemoteClient-akka.actor.default-dispatcher-3] FATAL com.i2i.Client - Amount: 3136
16:47:28 [AkkaRemoteClient-akka.actor.default-dispatcher-3] INFO  com.i2i.Client - MSISDN: 535
16:47:28 [AkkaRemoteClient-akka.actor.default-dispatcher-3] WARN  com.i2i.Client - Location: EUROPE
16:47:28 [AkkaRemoteClient-akka.actor.default-dispatcher-3] ERROR com.i2i.Client - Service: VOICE
16:47:28 [AkkaRemoteClient-akka.actor.default-dispatcher-3] FATAL com.i2i.Client - Amount: 548
16:47:28 [AkkaRemoteClient-akka.actor.default-dispatcher-3] INFO  com.i2i.Client - MSISDN: 535
16:47:28 [AkkaRemoteClient-akka.actor.default-dispatcher-3] WARN  com.i2i.Client - Location: TURKEY
16:47:28 [AkkaRemoteClient-akka.actor.default-dispatcher-3] ERROR com.i2i.Client - Service: SMS
16:47:28 [AkkaRemoteClient-akka.actor.default-dispatcher-3] FATAL com.i2i.Client - Amount: 1
16:47:28 [AkkaRemoteClient-akka.actor.default-dispatcher-3] INFO  com.i2i.Client - MSISDN: 535
16:47:28 [AkkaRemoteClient-akka.actor.default-dispatcher-3] WARN  com.i2i.Client - Location: NORTHERNCYPRUS
16:47:28 [AkkaRemoteClient-akka.actor.default-dispatcher-3] ERROR com.i2i.Client - Service: DATA
16:47:28 [AkkaRemoteClient-akka.actor.default-dispatcher-3] FATAL com.i2i.Client - Amount: 1093493878
16:47:28 [AkkaRemoteClient-akka.actor.default-dispatcher-3] INFO  com.i2i.Client - MSISDN: 535
16:47:28 [AkkaRemoteClient-akka.actor.default-dispatcher-3] WARN  com.i2i.Client - Location: TURKEY
16:47:28 [AkkaRemoteClient-akka.actor.default-dispatcher-3] ERROR com.i2i.Client - Service: SMS
16:47:28 [AkkaRemoteClient-akka.actor.default-dispatcher-3] FATAL com.i2i.Client - Amount: 1
16:47:28 [AkkaRemoteClient-akka.actor.default-dispatcher-3] INFO  com.i2i.Client - MSISDN: 535
16:47:28 [AkkaRemoteClient-akka.actor.default-dispatcher-3] WARN  com.i2i.Client - Location: OTHER
16:47:28 [AkkaRemoteClient-akka.actor.default-dispatcher-3] ERROR com.i2i.Client - Service: VOICE
16:47:28 [AkkaRemoteClient-akka.actor.default-dispatcher-3] FATAL com.i2i.Client - Amount: 1968
16:47:29 [AkkaRemoteClient-akka.actor.default-dispatcher-3] INFO  com.i2i.Client - MSISDN: 535
16:47:29 [AkkaRemoteClient-akka.actor.default-dispatcher-3] WARN  com.i2i.Client - Location: TURKEY
16:47:29 [AkkaRemoteClient-akka.actor.default-dispatcher-3] ERROR com.i2i.Client - Service: DATA
16:47:29 [AkkaRemoteClient-akka.actor.default-dispatcher-3] FATAL com.i2i.Client - Amount: 512977008
16:47:29 [AkkaRemoteClient-akka.actor.default-dispatcher-3] INFO  com.i2i.Client - MSISDN: 535
16:47:29 [AkkaRemoteClient-akka.actor.default-dispatcher-3] WARN  com.i2i.Client - Location: TURKEY
16:47:29 [AkkaRemoteClient-akka.actor.default-dispatcher-3] ERROR com.i2i.Client - Service: SMS
16:47:29 [AkkaRemoteClient-akka.actor.default-dispatcher-3] FATAL com.i2i.Client - Amount: 1
16:47:31 [AkkaRemoteClient-akka.actor.default-dispatcher-3] INFO  com.i2i.Client - MSISDN: 535
16:47:31 [AkkaRemoteClient-akka.actor.default-dispatcher-3] WARN  com.i2i.Client - Location: RUSSIA
16:47:31 [AkkaRemoteClient-akka.actor.default-dispatcher-3] ERROR com.i2i.Client - Service: DATA
16:47:31 [AkkaRemoteClient-akka.actor.default-dispatcher-3] FATAL com.i2i.Client - Amount: 49363412
16:47:31 [AkkaRemoteClient-akka.actor.default-dispatcher-3] INFO  com.i2i.Client - MSISDN: 535
16:47:31 [AkkaRemoteClient-akka.actor.default-dispatcher-3] WARN  com.i2i.Client - Location: OTHER
16:47:31 [AkkaRemoteClient-akka.actor.default-dispatcher-3] ERROR com.i2i.Client - Service: SMS
16:47:31 [AkkaRemoteClient-akka.actor.default-dispatcher-3] FATAL com.i2i.Client - Amount: 1
16:47:32 [AkkaRemoteClient-akka.actor.default-dispatcher-3] INFO  com.i2i.Client - MSISDN: 535
16:47:32 [AkkaRemoteClient-akka.actor.default-dispatcher-3] WARN  com.i2i.Client - Location: OTHER
16:47:32 [AkkaRemoteClient-akka.actor.default-dispatcher-3] ERROR com.i2i.Client - Service: VOICE
16:47:32 [AkkaRemoteClient-akka.actor.default-dispatcher-3] FATAL com.i2i.Client - Amount: 1195
16:47:32 [AkkaRemoteClient-akka.actor.default-dispatcher-3] INFO  com.i2i.Client - MSISDN: 535
16:47:32 [AkkaRemoteClient-akka.actor.default-dispatcher-3] WARN  com.i2i.Client - Location: TURKEY
16:47:32 [AkkaRemoteClient-akka.actor.default-dispatcher-3] ERROR com.i2i.Client - Service: VOICE
16:47:32 [AkkaRemoteClient-akka.actor.default-dispatcher-3] FATAL com.i2i.Client - Amount: 2550
16:47:37 [AkkaRemoteClient-akka.actor.default-dispatcher-3] INFO  com.i2i.Client - MSISDN: 535
16:47:37 [AkkaRemoteClient-akka.actor.default-dispatcher-3] WARN  com.i2i.Client - Location: NORTHERNCYPRUS
16:47:37 [AkkaRemoteClient-akka.actor.default-dispatcher-3] ERROR com.i2i.Client - Service: VOICE
16:47:37 [AkkaRemoteClient-akka.actor.default-dispatcher-3] FATAL com.i2i.Client - Amount: 3517
16:47:38 [AkkaRemoteClient-akka.actor.default-dispatcher-3] INFO  com.i2i.Client - MSISDN: 535
16:47:38 [AkkaRemoteClient-akka.actor.default-dispatcher-3] WARN  com.i2i.Client - Location: TURKEY
16:47:38 [AkkaRemoteClient-akka.actor.default-dispatcher-3] ERROR com.i2i.Client - Service: VOICE
16:47:38 [AkkaRemoteClient-akka.actor.default-dispatcher-3] FATAL com.i2i.Client - Amount: 1963
16:47:38 [AkkaRemoteClient-akka.actor.default-dispatcher-3] INFO  com.i2i.Client - MSISDN: 535
16:47:38 [AkkaRemoteClient-akka.actor.default-dispatcher-3] WARN  com.i2i.Client - Location: TURKEY
16:47:38 [AkkaRemoteClient-akka.actor.default-dispatcher-3] ERROR com.i2i.Client - Service: VOICE
16:47:38 [AkkaRemoteClient-akka.actor.default-dispatcher-3] FATAL com.i2i.Client - Amount: 2538
16:47:38 [AkkaRemoteClient-akka.actor.default-dispatcher-3] INFO  com.i2i.Client - MSISDN: 535
16:47:38 [AkkaRemoteClient-akka.actor.default-dispatcher-3] WARN  com.i2i.Client - Location: TURKEY
16:47:38 [AkkaRemoteClient-akka.actor.default-dispatcher-3] ERROR com.i2i.Client - Service: VOICE
16:47:38 [AkkaRemoteClient-akka.actor.default-dispatcher-3] FATAL com.i2i.Client - Amount: 2485
16:47:38 [AkkaRemoteClient-akka.actor.default-dispatcher-3] INFO  com.i2i.Client - MSISDN: 535
16:47:38 [AkkaRemoteClient-akka.actor.default-dispatcher-3] WARN  com.i2i.Client - Location: TURKEY
16:47:38 [AkkaRemoteClient-akka.actor.default-dispatcher-3] ERROR com.i2i.Client - Service: SMS
16:47:38 [AkkaRemoteClient-akka.actor.default-dispatcher-3] FATAL com.i2i.Client - Amount: 1
16:47:39 [AkkaRemoteClient-akka.actor.default-dispatcher-3] INFO  com.i2i.Client - MSISDN: 535
16:47:39 [AkkaRemoteClient-akka.actor.default-dispatcher-3] WARN  com.i2i.Client - Location: TURKEY
16:47:39 [AkkaRemoteClient-akka.actor.default-dispatcher-3] ERROR com.i2i.Client - Service: SMS
16:47:39 [AkkaRemoteClient-akka.actor.default-dispatcher-3] FATAL com.i2i.Client - Amount: 1
16:47:41 [AkkaRemoteClient-akka.actor.default-dispatcher-3] INFO  com.i2i.Client - MSISDN: 535
16:47:41 [AkkaRemoteClient-akka.actor.default-dispatcher-3] WARN  com.i2i.Client - Location: TURKEY
16:47:41 [AkkaRemoteClient-akka.actor.default-dispatcher-3] ERROR com.i2i.Client - Service: VOICE
16:47:41 [AkkaRemoteClient-akka.actor.default-dispatcher-3] FATAL com.i2i.Client - Amount: 1634
16:47:43 [AkkaRemoteClient-akka.actor.default-dispatcher-3] INFO  com.i2i.Client - MSISDN: 535
16:47:43 [AkkaRemoteClient-akka.actor.default-dispatcher-3] WARN  com.i2i.Client - Location: TURKEY
16:47:43 [AkkaRemoteClient-akka.actor.default-dispatcher-3] ERROR com.i2i.Client - Service: VOICE
16:47:43 [AkkaRemoteClient-akka.actor.default-dispatcher-3] FATAL com.i2i.Client - Amount: 1136
16:47:44 [AkkaRemoteClient-akka.actor.default-dispatcher-3] INFO  com.i2i.Client - MSISDN: 535
16:47:44 [AkkaRemoteClient-akka.actor.default-dispatcher-3] WARN  com.i2i.Client - Location: TURKEY
16:47:44 [AkkaRemoteClient-akka.actor.default-dispatcher-3] ERROR com.i2i.Client - Service: VOICE
16:47:44 [AkkaRemoteClient-akka.actor.default-dispatcher-3] FATAL com.i2i.Client - Amount: 2320
16:47:44 [AkkaRemoteClient-akka.actor.default-dispatcher-3] INFO  com.i2i.Client - MSISDN: 535
16:47:44 [AkkaRemoteClient-akka.actor.default-dispatcher-3] WARN  com.i2i.Client - Location: TURKEY
16:47:44 [AkkaRemoteClient-akka.actor.default-dispatcher-3] ERROR com.i2i.Client - Service: VOICE
16:47:44 [AkkaRemoteClient-akka.actor.default-dispatcher-3] FATAL com.i2i.Client - Amount: 770
16:47:45 [AkkaRemoteClient-akka.actor.default-dispatcher-3] INFO  com.i2i.Client - MSISDN: 535
16:47:45 [AkkaRemoteClient-akka.actor.default-dispatcher-3] WARN  com.i2i.Client - Location: TURKEY
16:47:45 [AkkaRemoteClient-akka.actor.default-dispatcher-3] ERROR com.i2i.Client - Service: DATA
16:47:45 [AkkaRemoteClient-akka.actor.default-dispatcher-3] FATAL com.i2i.Client - Amount: 35621154
16:47:45 [AkkaRemoteClient-akka.actor.default-dispatcher-3] INFO  com.i2i.Client - MSISDN: 535
16:47:45 [AkkaRemoteClient-akka.actor.default-dispatcher-3] WARN  com.i2i.Client - Location: TURKEY
16:47:45 [AkkaRemoteClient-akka.actor.default-dispatcher-3] ERROR com.i2i.Client - Service: VOICE
16:47:45 [AkkaRemoteClient-akka.actor.default-dispatcher-3] FATAL com.i2i.Client - Amount: 1886
16:47:45 [AkkaRemoteClient-akka.actor.default-dispatcher-3] INFO  com.i2i.Client - MSISDN: 535
16:47:45 [AkkaRemoteClient-akka.actor.default-dispatcher-3] WARN  com.i2i.Client - Location: OTHER
16:47:45 [AkkaRemoteClient-akka.actor.default-dispatcher-3] ERROR com.i2i.Client - Service: DATA
16:47:45 [AkkaRemoteClient-akka.actor.default-dispatcher-3] FATAL com.i2i.Client - Amount: 150383433
16:47:46 [AkkaRemoteClient-akka.actor.default-dispatcher-3] INFO  com.i2i.Client - MSISDN: 535
16:47:46 [AkkaRemoteClient-akka.actor.default-dispatcher-3] WARN  com.i2i.Client - Location: TURKEY
16:47:46 [AkkaRemoteClient-akka.actor.default-dispatcher-3] ERROR com.i2i.Client - Service: SMS
16:47:46 [AkkaRemoteClient-akka.actor.default-dispatcher-3] FATAL com.i2i.Client - Amount: 1
16:47:46 [AkkaRemoteClient-akka.actor.default-dispatcher-3] INFO  com.i2i.Client - MSISDN: 535
16:47:46 [AkkaRemoteClient-akka.actor.default-dispatcher-3] WARN  com.i2i.Client - Location: TURKEY
16:47:46 [AkkaRemoteClient-akka.actor.default-dispatcher-3] ERROR com.i2i.Client - Service: SMS
16:47:46 [AkkaRemoteClient-akka.actor.default-dispatcher-3] FATAL com.i2i.Client - Amount: 1
16:47:47 [AkkaRemoteClient-akka.actor.default-dispatcher-3] INFO  com.i2i.Client - MSISDN: 535
16:47:47 [AkkaRemoteClient-akka.actor.default-dispatcher-3] WARN  com.i2i.Client - Location: TURKEY
16:47:47 [AkkaRemoteClient-akka.actor.default-dispatcher-3] ERROR com.i2i.Client - Service: DATA
16:47:47 [AkkaRemoteClient-akka.actor.default-dispatcher-3] FATAL com.i2i.Client - Amount: 172894367
16:47:50 [AkkaRemoteClient-akka.actor.default-dispatcher-3] INFO  com.i2i.Client - MSISDN: 535
16:47:50 [AkkaRemoteClient-akka.actor.default-dispatcher-3] WARN  com.i2i.Client - Location: TURKEY
16:47:50 [AkkaRemoteClient-akka.actor.default-dispatcher-3] ERROR com.i2i.Client - Service: DATA
16:47:50 [AkkaRemoteClient-akka.actor.default-dispatcher-3] FATAL com.i2i.Client - Amount: 463270586
16:47:50 [AkkaRemoteClient-akka.actor.default-dispatcher-3] INFO  com.i2i.Client - MSISDN: 535
16:47:50 [AkkaRemoteClient-akka.actor.default-dispatcher-3] WARN  com.i2i.Client - Location: TURKEY
16:47:50 [AkkaRemoteClient-akka.actor.default-dispatcher-3] ERROR com.i2i.Client - Service: DATA
16:47:50 [AkkaRemoteClient-akka.actor.default-dispatcher-3] FATAL com.i2i.Client - Amount: 116013963
16:47:50 [AkkaRemoteClient-akka.actor.default-dispatcher-3] INFO  com.i2i.Client - MSISDN: 535
16:47:50 [AkkaRemoteClient-akka.actor.default-dispatcher-3] WARN  com.i2i.Client - Location: TURKEY
16:47:50 [AkkaRemoteClient-akka.actor.default-dispatcher-3] ERROR com.i2i.Client - Service: DATA
16:47:50 [AkkaRemoteClient-akka.actor.default-dispatcher-3] FATAL com.i2i.Client - Amount: 713873814
16:47:51 [AkkaRemoteClient-akka.actor.default-dispatcher-3] INFO  com.i2i.Client - MSISDN: 535
16:47:51 [AkkaRemoteClient-akka.actor.default-dispatcher-3] WARN  com.i2i.Client - Location: TURKEY
16:47:51 [AkkaRemoteClient-akka.actor.default-dispatcher-3] ERROR com.i2i.Client - Service: DATA
16:47:51 [AkkaRemoteClient-akka.actor.default-dispatcher-3] FATAL com.i2i.Client - Amount: 583899413
16:47:51 [AkkaRemoteClient-akka.actor.default-dispatcher-3] INFO  com.i2i.Client - MSISDN: 535
16:47:51 [AkkaRemoteClient-akka.actor.default-dispatcher-3] WARN  com.i2i.Client - Location: TURKEY
16:47:51 [AkkaRemoteClient-akka.actor.default-dispatcher-3] ERROR com.i2i.Client - Service: DATA
16:47:51 [AkkaRemoteClient-akka.actor.default-dispatcher-3] FATAL com.i2i.Client - Amount: 1146984449
16:47:51 [AkkaRemoteClient-akka.actor.default-dispatcher-3] INFO  com.i2i.Client - MSISDN: 535
16:47:51 [AkkaRemoteClient-akka.actor.default-dispatcher-3] WARN  com.i2i.Client - Location: TURKEY
16:47:51 [AkkaRemoteClient-akka.actor.default-dispatcher-3] ERROR com.i2i.Client - Service: VOICE
16:47:51 [AkkaRemoteClient-akka.actor.default-dispatcher-3] FATAL com.i2i.Client - Amount: 358
16:47:51 [AkkaRemoteClient-akka.actor.default-dispatcher-3] INFO  com.i2i.Client - MSISDN: 535
16:47:51 [AkkaRemoteClient-akka.actor.default-dispatcher-3] WARN  com.i2i.Client - Location: TURKEY
16:47:51 [AkkaRemoteClient-akka.actor.default-dispatcher-3] ERROR com.i2i.Client - Service: VOICE
16:47:51 [AkkaRemoteClient-akka.actor.default-dispatcher-3] FATAL com.i2i.Client - Amount: 855
16:47:52 [AkkaRemoteClient-akka.actor.default-dispatcher-3] INFO  com.i2i.Client - MSISDN: 535
16:47:52 [AkkaRemoteClient-akka.actor.default-dispatcher-3] WARN  com.i2i.Client - Location: TURKEY
16:47:52 [AkkaRemoteClient-akka.actor.default-dispatcher-3] ERROR com.i2i.Client - Service: VOICE
16:47:52 [AkkaRemoteClient-akka.actor.default-dispatcher-3] FATAL com.i2i.Client - Amount: 257
16:47:53 [AkkaRemoteClient-akka.actor.default-dispatcher-3] INFO  com.i2i.Client - MSISDN: 535
16:47:53 [AkkaRemoteClient-akka.actor.default-dispatcher-3] WARN  com.i2i.Client - Location: RUSSIA
16:47:53 [AkkaRemoteClient-akka.actor.default-dispatcher-3] ERROR com.i2i.Client - Service: DATA
16:47:53 [AkkaRemoteClient-akka.actor.default-dispatcher-3] FATAL com.i2i.Client - Amount: 511809630
16:47:53 [AkkaRemoteClient-akka.actor.default-dispatcher-3] INFO  com.i2i.Client - MSISDN: 535
16:47:53 [AkkaRemoteClient-akka.actor.default-dispatcher-3] WARN  com.i2i.Client - Location: MIDDLEEAST
16:47:53 [AkkaRemoteClient-akka.actor.default-dispatcher-3] ERROR com.i2i.Client - Service: SMS
16:47:53 [AkkaRemoteClient-akka.actor.default-dispatcher-3] FATAL com.i2i.Client - Amount: 1
16:47:53 [AkkaRemoteClient-akka.actor.default-dispatcher-3] INFO  com.i2i.Client - MSISDN: 535
16:47:53 [AkkaRemoteClient-akka.actor.default-dispatcher-3] WARN  com.i2i.Client - Location: EUROPE
16:47:53 [AkkaRemoteClient-akka.actor.default-dispatcher-3] ERROR com.i2i.Client - Service: VOICE
16:47:53 [AkkaRemoteClient-akka.actor.default-dispatcher-3] FATAL com.i2i.Client - Amount: 776
16:47:53 [AkkaRemoteClient-akka.actor.default-dispatcher-3] INFO  com.i2i.Client - MSISDN: 535
16:47:53 [AkkaRemoteClient-akka.actor.default-dispatcher-3] WARN  com.i2i.Client - Location: TURKEY
16:47:53 [AkkaRemoteClient-akka.actor.default-dispatcher-3] ERROR com.i2i.Client - Service: SMS
16:47:53 [AkkaRemoteClient-akka.actor.default-dispatcher-3] FATAL com.i2i.Client - Amount: 1
16:47:56 [AkkaRemoteClient-akka.actor.default-dispatcher-3] INFO  com.i2i.Client - MSISDN: 535
16:47:56 [AkkaRemoteClient-akka.actor.default-dispatcher-3] WARN  com.i2i.Client - Location: RUSSIA
16:47:56 [AkkaRemoteClient-akka.actor.default-dispatcher-3] ERROR com.i2i.Client - Service: SMS
16:47:56 [AkkaRemoteClient-akka.actor.default-dispatcher-3] FATAL com.i2i.Client - Amount: 1
16:47:56 [AkkaRemoteClient-akka.actor.default-dispatcher-3] INFO  com.i2i.Client - MSISDN: 535
16:47:56 [AkkaRemoteClient-akka.actor.default-dispatcher-3] WARN  com.i2i.Client - Location: TURKEY
16:47:56 [AkkaRemoteClient-akka.actor.default-dispatcher-3] ERROR com.i2i.Client - Service: DATA
16:47:56 [AkkaRemoteClient-akka.actor.default-dispatcher-3] FATAL com.i2i.Client - Amount: 309370055
16:47:57 [AkkaRemoteClient-akka.actor.default-dispatcher-3] INFO  com.i2i.Client - MSISDN: 535
16:47:57 [AkkaRemoteClient-akka.actor.default-dispatcher-3] WARN  com.i2i.Client - Location: NORTHERNCYPRUS
16:47:57 [AkkaRemoteClient-akka.actor.default-dispatcher-3] ERROR com.i2i.Client - Service: DATA
16:47:57 [AkkaRemoteClient-akka.actor.default-dispatcher-3] FATAL com.i2i.Client - Amount: 148417051
16:47:57 [AkkaRemoteClient-akka.actor.default-dispatcher-3] INFO  com.i2i.Client - MSISDN: 535
16:47:57 [AkkaRemoteClient-akka.actor.default-dispatcher-3] WARN  com.i2i.Client - Location: TURKEY
16:47:57 [AkkaRemoteClient-akka.actor.default-dispatcher-3] ERROR com.i2i.Client - Service: VOICE
16:47:57 [AkkaRemoteClient-akka.actor.default-dispatcher-3] FATAL com.i2i.Client - Amount: 1039
16:47:59 [AkkaRemoteClient-akka.actor.default-dispatcher-3] INFO  com.i2i.Client - MSISDN: 535
16:47:59 [AkkaRemoteClient-akka.actor.default-dispatcher-3] WARN  com.i2i.Client - Location: TURKEY
16:47:59 [AkkaRemoteClient-akka.actor.default-dispatcher-3] ERROR com.i2i.Client - Service: VOICE
16:47:59 [AkkaRemoteClient-akka.actor.default-dispatcher-3] FATAL com.i2i.Client - Amount: 1108
16:47:59 [AkkaRemoteClient-akka.actor.default-dispatcher-3] INFO  com.i2i.Client - MSISDN: 535
16:47:59 [AkkaRemoteClient-akka.actor.default-dispatcher-3] WARN  com.i2i.Client - Location: TURKEY
16:47:59 [AkkaRemoteClient-akka.actor.default-dispatcher-3] ERROR com.i2i.Client - Service: SMS
16:47:59 [AkkaRemoteClient-akka.actor.default-dispatcher-3] FATAL com.i2i.Client - Amount: 1
16:48:01 [AkkaRemoteClient-akka.actor.default-dispatcher-3] INFO  com.i2i.Client - MSISDN: 535
16:48:01 [AkkaRemoteClient-akka.actor.default-dispatcher-3] WARN  com.i2i.Client - Location: RUSSIA
16:48:01 [AkkaRemoteClient-akka.actor.default-dispatcher-3] ERROR com.i2i.Client - Service: VOICE
16:48:01 [AkkaRemoteClient-akka.actor.default-dispatcher-3] FATAL com.i2i.Client - Amount: 1206
16:48:04 [AkkaRemoteClient-akka.actor.default-dispatcher-3] INFO  com.i2i.Client - MSISDN: 535
16:48:04 [AkkaRemoteClient-akka.actor.default-dispatcher-3] WARN  com.i2i.Client - Location: TURKEY
16:48:04 [AkkaRemoteClient-akka.actor.default-dispatcher-3] ERROR com.i2i.Client - Service: SMS
16:48:04 [AkkaRemoteClient-akka.actor.default-dispatcher-3] FATAL com.i2i.Client - Amount: 1
16:48:05 [AkkaRemoteClient-akka.actor.default-dispatcher-3] INFO  com.i2i.Client - MSISDN: 535
16:48:05 [AkkaRemoteClient-akka.actor.default-dispatcher-3] WARN  com.i2i.Client - Location: TURKEY
16:48:05 [AkkaRemoteClient-akka.actor.default-dispatcher-3] ERROR com.i2i.Client - Service: SMS
16:48:05 [AkkaRemoteClient-akka.actor.default-dispatcher-3] FATAL com.i2i.Client - Amount: 1
16:48:05 [AkkaRemoteClient-akka.actor.default-dispatcher-3] INFO  com.i2i.Client - MSISDN: 535
16:48:05 [AkkaRemoteClient-akka.actor.default-dispatcher-3] WARN  com.i2i.Client - Location: TURKEY
16:48:05 [AkkaRemoteClient-akka.actor.default-dispatcher-3] ERROR com.i2i.Client - Service: DATA
16:48:05 [AkkaRemoteClient-akka.actor.default-dispatcher-3] FATAL com.i2i.Client - Amount: 1222326306
16:48:05 [AkkaRemoteClient-akka.actor.default-dispatcher-3] INFO  com.i2i.Client - MSISDN: 535
16:48:05 [AkkaRemoteClient-akka.actor.default-dispatcher-3] WARN  com.i2i.Client - Location: TURKEY
16:48:05 [AkkaRemoteClient-akka.actor.default-dispatcher-3] ERROR com.i2i.Client - Service: VOICE
16:48:05 [AkkaRemoteClient-akka.actor.default-dispatcher-3] FATAL com.i2i.Client - Amount: 3535
16:48:06 [AkkaRemoteClient-akka.actor.default-dispatcher-3] INFO  com.i2i.Client - MSISDN: 535
16:48:06 [AkkaRemoteClient-akka.actor.default-dispatcher-3] WARN  com.i2i.Client - Location: TURKEY
16:48:06 [AkkaRemoteClient-akka.actor.default-dispatcher-3] ERROR com.i2i.Client - Service: SMS
16:48:06 [AkkaRemoteClient-akka.actor.default-dispatcher-3] FATAL com.i2i.Client - Amount: 1
16:48:07 [AkkaRemoteClient-akka.actor.default-dispatcher-3] INFO  com.i2i.Client - MSISDN: 535
16:48:07 [AkkaRemoteClient-akka.actor.default-dispatcher-3] WARN  com.i2i.Client - Location: TURKEY
16:48:07 [AkkaRemoteClient-akka.actor.default-dispatcher-3] ERROR com.i2i.Client - Service: SMS
16:48:07 [AkkaRemoteClient-akka.actor.default-dispatcher-3] FATAL com.i2i.Client - Amount: 1
16:48:07 [AkkaRemoteClient-akka.actor.default-dispatcher-3] INFO  com.i2i.Client - MSISDN: 535
16:48:07 [AkkaRemoteClient-akka.actor.default-dispatcher-3] WARN  com.i2i.Client - Location: TURKEY
16:48:07 [AkkaRemoteClient-akka.actor.default-dispatcher-3] ERROR com.i2i.Client - Service: VOICE
16:48:07 [AkkaRemoteClient-akka.actor.default-dispatcher-3] FATAL com.i2i.Client - Amount: 424
16:48:07 [AkkaRemoteClient-akka.actor.default-dispatcher-3] INFO  com.i2i.Client - MSISDN: 535
16:48:07 [AkkaRemoteClient-akka.actor.default-dispatcher-3] WARN  com.i2i.Client - Location: EUROPE
16:48:07 [AkkaRemoteClient-akka.actor.default-dispatcher-3] ERROR com.i2i.Client - Service: VOICE
16:48:07 [AkkaRemoteClient-akka.actor.default-dispatcher-3] FATAL com.i2i.Client - Amount: 71
16:48:07 [AkkaRemoteClient-akka.actor.default-dispatcher-3] INFO  com.i2i.Client - MSISDN: 535
16:48:07 [AkkaRemoteClient-akka.actor.default-dispatcher-3] WARN  com.i2i.Client - Location: EUROPE
16:48:07 [AkkaRemoteClient-akka.actor.default-dispatcher-3] ERROR com.i2i.Client - Service: DATA
16:48:07 [AkkaRemoteClient-akka.actor.default-dispatcher-3] FATAL com.i2i.Client - Amount: 696630089
16:48:09 [AkkaRemoteClient-akka.actor.default-dispatcher-3] INFO  com.i2i.Client - MSISDN: 535
16:48:09 [AkkaRemoteClient-akka.actor.default-dispatcher-3] WARN  com.i2i.Client - Location: OTHER
16:48:09 [AkkaRemoteClient-akka.actor.default-dispatcher-3] ERROR com.i2i.Client - Service: DATA
16:48:09 [AkkaRemoteClient-akka.actor.default-dispatcher-3] FATAL com.i2i.Client - Amount: 142376107
16:48:10 [AkkaRemoteClient-akka.actor.default-dispatcher-3] INFO  com.i2i.Client - MSISDN: 535
16:48:10 [AkkaRemoteClient-akka.actor.default-dispatcher-3] WARN  com.i2i.Client - Location: TURKEY
16:48:10 [AkkaRemoteClient-akka.actor.default-dispatcher-3] ERROR com.i2i.Client - Service: SMS
16:48:10 [AkkaRemoteClient-akka.actor.default-dispatcher-3] FATAL com.i2i.Client - Amount: 1
16:48:13 [AkkaRemoteClient-akka.actor.default-dispatcher-3] INFO  com.i2i.Client - MSISDN: 535
16:48:13 [AkkaRemoteClient-akka.actor.default-dispatcher-3] WARN  com.i2i.Client - Location: TURKEY
16:48:13 [AkkaRemoteClient-akka.actor.default-dispatcher-3] ERROR com.i2i.Client - Service: VOICE
16:48:13 [AkkaRemoteClient-akka.actor.default-dispatcher-3] FATAL com.i2i.Client - Amount: 999
16:48:13 [AkkaRemoteClient-akka.actor.default-dispatcher-3] INFO  com.i2i.Client - MSISDN: 535
16:48:13 [AkkaRemoteClient-akka.actor.default-dispatcher-3] WARN  com.i2i.Client - Location: TURKEY
16:48:13 [AkkaRemoteClient-akka.actor.default-dispatcher-3] ERROR com.i2i.Client - Service: VOICE
16:48:13 [AkkaRemoteClient-akka.actor.default-dispatcher-3] FATAL com.i2i.Client - Amount: 1915
16:48:13 [AkkaRemoteClient-akka.actor.default-dispatcher-3] INFO  com.i2i.Client - MSISDN: 535
16:48:13 [AkkaRemoteClient-akka.actor.default-dispatcher-3] WARN  com.i2i.Client - Location: TURKEY
16:48:13 [AkkaRemoteClient-akka.actor.default-dispatcher-3] ERROR com.i2i.Client - Service: SMS
16:48:13 [AkkaRemoteClient-akka.actor.default-dispatcher-3] FATAL com.i2i.Client - Amount: 1
16:48:14 [AkkaRemoteClient-akka.actor.default-dispatcher-3] INFO  com.i2i.Client - MSISDN: 535
16:48:14 [AkkaRemoteClient-akka.actor.default-dispatcher-3] WARN  com.i2i.Client - Location: TURKEY
16:48:14 [AkkaRemoteClient-akka.actor.default-dispatcher-3] ERROR com.i2i.Client - Service: SMS
16:48:14 [AkkaRemoteClient-akka.actor.default-dispatcher-3] FATAL com.i2i.Client - Amount: 1
16:48:15 [AkkaRemoteClient-akka.actor.default-dispatcher-3] INFO  com.i2i.Client - MSISDN: 535
16:48:15 [AkkaRemoteClient-akka.actor.default-dispatcher-3] WARN  com.i2i.Client - Location: EUROPE
16:48:15 [AkkaRemoteClient-akka.actor.default-dispatcher-3] ERROR com.i2i.Client - Service: VOICE
16:48:15 [AkkaRemoteClient-akka.actor.default-dispatcher-3] FATAL com.i2i.Client - Amount: 1221
16:48:18 [AkkaRemoteClient-akka.actor.default-dispatcher-3] INFO  com.i2i.Client - MSISDN: 535
16:48:18 [AkkaRemoteClient-akka.actor.default-dispatcher-3] WARN  com.i2i.Client - Location: RUSSIA
16:48:18 [AkkaRemoteClient-akka.actor.default-dispatcher-3] ERROR com.i2i.Client - Service: VOICE
16:48:18 [AkkaRemoteClient-akka.actor.default-dispatcher-3] FATAL com.i2i.Client - Amount: 3344
16:48:19 [AkkaRemoteClient-akka.actor.default-dispatcher-3] INFO  com.i2i.Client - MSISDN: 535
16:48:19 [AkkaRemoteClient-akka.actor.default-dispatcher-3] WARN  com.i2i.Client - Location: NORTHERNCYPRUS
16:48:19 [AkkaRemoteClient-akka.actor.default-dispatcher-3] ERROR com.i2i.Client - Service: SMS
16:48:19 [AkkaRemoteClient-akka.actor.default-dispatcher-3] FATAL com.i2i.Client - Amount: 1
16:48:19 [AkkaRemoteClient-akka.actor.default-dispatcher-3] INFO  com.i2i.Client - MSISDN: 535
16:48:19 [AkkaRemoteClient-akka.actor.default-dispatcher-3] WARN  com.i2i.Client - Location: EUROPE
16:48:19 [AkkaRemoteClient-akka.actor.default-dispatcher-3] ERROR com.i2i.Client - Service: DATA
16:48:19 [AkkaRemoteClient-akka.actor.default-dispatcher-3] FATAL com.i2i.Client - Amount: 204745069
16:48:19 [AkkaRemoteClient-akka.actor.default-dispatcher-3] INFO  com.i2i.Client - MSISDN: 535
16:48:19 [AkkaRemoteClient-akka.actor.default-dispatcher-3] WARN  com.i2i.Client - Location: TURKEY
16:48:19 [AkkaRemoteClient-akka.actor.default-dispatcher-3] ERROR com.i2i.Client - Service: VOICE
16:48:19 [AkkaRemoteClient-akka.actor.default-dispatcher-3] FATAL com.i2i.Client - Amount: 2844
16:48:20 [AkkaRemoteClient-akka.actor.default-dispatcher-3] INFO  com.i2i.Client - MSISDN: 535
16:48:20 [AkkaRemoteClient-akka.actor.default-dispatcher-3] WARN  com.i2i.Client - Location: TURKEY
16:48:20 [AkkaRemoteClient-akka.actor.default-dispatcher-3] ERROR com.i2i.Client - Service: VOICE
16:48:20 [AkkaRemoteClient-akka.actor.default-dispatcher-3] FATAL com.i2i.Client - Amount: 1158
16:48:21 [AkkaRemoteClient-akka.actor.default-dispatcher-3] INFO  com.i2i.Client - MSISDN: 535
16:48:21 [AkkaRemoteClient-akka.actor.default-dispatcher-3] WARN  com.i2i.Client - Location: MIDDLEEAST
16:48:21 [AkkaRemoteClient-akka.actor.default-dispatcher-3] ERROR com.i2i.Client - Service: SMS
16:48:21 [AkkaRemoteClient-akka.actor.default-dispatcher-3] FATAL com.i2i.Client - Amount: 1
16:48:21 [AkkaRemoteClient-akka.actor.default-dispatcher-3] INFO  com.i2i.Client - MSISDN: 535
16:48:21 [AkkaRemoteClient-akka.actor.default-dispatcher-3] WARN  com.i2i.Client - Location: MIDDLEEAST
16:48:21 [AkkaRemoteClient-akka.actor.default-dispatcher-3] ERROR com.i2i.Client - Service: SMS
16:48:21 [AkkaRemoteClient-akka.actor.default-dispatcher-3] FATAL com.i2i.Client - Amount: 1
16:48:23 [AkkaRemoteClient-akka.actor.default-dispatcher-3] INFO  com.i2i.Client - MSISDN: 535
16:48:23 [AkkaRemoteClient-akka.actor.default-dispatcher-3] WARN  com.i2i.Client - Location: TURKEY
16:48:23 [AkkaRemoteClient-akka.actor.default-dispatcher-3] ERROR com.i2i.Client - Service: VOICE
16:48:23 [AkkaRemoteClient-akka.actor.default-dispatcher-3] FATAL com.i2i.Client - Amount: 2166
16:48:24 [AkkaRemoteClient-akka.actor.default-dispatcher-3] INFO  com.i2i.Client - MSISDN: 535
16:48:24 [AkkaRemoteClient-akka.actor.default-dispatcher-3] WARN  com.i2i.Client - Location: NORTHAMERICA
16:48:24 [AkkaRemoteClient-akka.actor.default-dispatcher-3] ERROR com.i2i.Client - Service: DATA
16:48:24 [AkkaRemoteClient-akka.actor.default-dispatcher-3] FATAL com.i2i.Client - Amount: 273361161
16:48:26 [AkkaRemoteClient-akka.actor.default-dispatcher-3] INFO  com.i2i.Client - MSISDN: 535
16:48:26 [AkkaRemoteClient-akka.actor.default-dispatcher-3] WARN  com.i2i.Client - Location: TURKEY
16:48:26 [AkkaRemoteClient-akka.actor.default-dispatcher-3] ERROR com.i2i.Client - Service: DATA
16:48:26 [AkkaRemoteClient-akka.actor.default-dispatcher-3] FATAL com.i2i.Client - Amount: 868120465
16:48:27 [AkkaRemoteClient-akka.actor.default-dispatcher-3] INFO  com.i2i.Client - MSISDN: 535
16:48:27 [AkkaRemoteClient-akka.actor.default-dispatcher-3] WARN  com.i2i.Client - Location: TURKEY
16:48:27 [AkkaRemoteClient-akka.actor.default-dispatcher-3] ERROR com.i2i.Client - Service: SMS
16:48:27 [AkkaRemoteClient-akka.actor.default-dispatcher-3] FATAL com.i2i.Client - Amount: 1
16:48:28 [AkkaRemoteClient-akka.actor.default-dispatcher-3] INFO  com.i2i.Client - MSISDN: 535
16:48:28 [AkkaRemoteClient-akka.actor.default-dispatcher-3] WARN  com.i2i.Client - Location: RUSSIA
16:48:28 [AkkaRemoteClient-akka.actor.default-dispatcher-3] ERROR com.i2i.Client - Service: DATA
16:48:28 [AkkaRemoteClient-akka.actor.default-dispatcher-3] FATAL com.i2i.Client - Amount: 933567343
16:48:28 [AkkaRemoteClient-akka.actor.default-dispatcher-3] INFO  com.i2i.Client - MSISDN: 535
16:48:28 [AkkaRemoteClient-akka.actor.default-dispatcher-3] WARN  com.i2i.Client - Location: OTHER
16:48:28 [AkkaRemoteClient-akka.actor.default-dispatcher-3] ERROR com.i2i.Client - Service: DATA
16:48:28 [AkkaRemoteClient-akka.actor.default-dispatcher-3] FATAL com.i2i.Client - Amount: 975607948
16:48:31 [AkkaRemoteClient-akka.actor.default-dispatcher-3] INFO  com.i2i.Client - MSISDN: 535
16:48:31 [AkkaRemoteClient-akka.actor.default-dispatcher-3] WARN  com.i2i.Client - Location: RUSSIA
16:48:31 [AkkaRemoteClient-akka.actor.default-dispatcher-3] ERROR com.i2i.Client - Service: DATA
16:48:31 [AkkaRemoteClient-akka.actor.default-dispatcher-3] FATAL com.i2i.Client - Amount: 29726921
16:48:31 [AkkaRemoteClient-akka.actor.default-dispatcher-3] INFO  com.i2i.Client - MSISDN: 535
16:48:31 [AkkaRemoteClient-akka.actor.default-dispatcher-3] WARN  com.i2i.Client - Location: MIDDLEEAST
16:48:31 [AkkaRemoteClient-akka.actor.default-dispatcher-3] ERROR com.i2i.Client - Service: SMS
16:48:31 [AkkaRemoteClient-akka.actor.default-dispatcher-3] FATAL com.i2i.Client - Amount: 1
16:48:32 [AkkaRemoteClient-akka.actor.default-dispatcher-3] INFO  com.i2i.Client - MSISDN: 535
16:48:32 [AkkaRemoteClient-akka.actor.default-dispatcher-3] WARN  com.i2i.Client - Location: EUROPE
16:48:32 [AkkaRemoteClient-akka.actor.default-dispatcher-3] ERROR com.i2i.Client - Service: DATA
16:48:32 [AkkaRemoteClient-akka.actor.default-dispatcher-3] FATAL com.i2i.Client - Amount: 129103688
16:48:33 [AkkaRemoteClient-akka.actor.default-dispatcher-3] INFO  com.i2i.Client - MSISDN: 535
16:48:33 [AkkaRemoteClient-akka.actor.default-dispatcher-3] WARN  com.i2i.Client - Location: MIDDLEEAST
16:48:33 [AkkaRemoteClient-akka.actor.default-dispatcher-3] ERROR com.i2i.Client - Service: VOICE
16:48:33 [AkkaRemoteClient-akka.actor.default-dispatcher-3] FATAL com.i2i.Client - Amount: 398
16:48:33 [AkkaRemoteClient-akka.actor.default-dispatcher-3] INFO  com.i2i.Client - MSISDN: 535
16:48:33 [AkkaRemoteClient-akka.actor.default-dispatcher-3] WARN  com.i2i.Client - Location: OTHER
16:48:33 [AkkaRemoteClient-akka.actor.default-dispatcher-3] ERROR com.i2i.Client - Service: VOICE
16:48:33 [AkkaRemoteClient-akka.actor.default-dispatcher-3] FATAL com.i2i.Client - Amount: 3560
16:48:34 [AkkaRemoteClient-akka.actor.default-dispatcher-3] INFO  com.i2i.Client - MSISDN: 535
16:48:34 [AkkaRemoteClient-akka.actor.default-dispatcher-3] WARN  com.i2i.Client - Location: RUSSIA
16:48:34 [AkkaRemoteClient-akka.actor.default-dispatcher-3] ERROR com.i2i.Client - Service: SMS
16:48:34 [AkkaRemoteClient-akka.actor.default-dispatcher-3] FATAL com.i2i.Client - Amount: 1
16:48:36 [AkkaRemoteClient-akka.actor.default-dispatcher-3] INFO  com.i2i.Client - MSISDN: 535
16:48:36 [AkkaRemoteClient-akka.actor.default-dispatcher-3] WARN  com.i2i.Client - Location: TURKEY
16:48:36 [AkkaRemoteClient-akka.actor.default-dispatcher-3] ERROR com.i2i.Client - Service: VOICE
16:48:36 [AkkaRemoteClient-akka.actor.default-dispatcher-3] FATAL com.i2i.Client - Amount: 616
16:48:38 [AkkaRemoteClient-akka.actor.default-dispatcher-3] INFO  com.i2i.Client - MSISDN: 535
16:48:38 [AkkaRemoteClient-akka.actor.default-dispatcher-3] WARN  com.i2i.Client - Location: NORTHAMERICA
16:48:38 [AkkaRemoteClient-akka.actor.default-dispatcher-3] ERROR com.i2i.Client - Service: DATA
16:48:38 [AkkaRemoteClient-akka.actor.default-dispatcher-3] FATAL com.i2i.Client - Amount: 1263904621
16:48:39 [AkkaRemoteClient-akka.actor.default-dispatcher-3] INFO  com.i2i.Client - MSISDN: 535
16:48:39 [AkkaRemoteClient-akka.actor.default-dispatcher-3] WARN  com.i2i.Client - Location: TURKEY
16:48:39 [AkkaRemoteClient-akka.actor.default-dispatcher-3] ERROR com.i2i.Client - Service: SMS
16:48:39 [AkkaRemoteClient-akka.actor.default-dispatcher-3] FATAL com.i2i.Client - Amount: 1
16:48:40 [AkkaRemoteClient-akka.actor.default-dispatcher-3] INFO  com.i2i.Client - MSISDN: 535
16:48:40 [AkkaRemoteClient-akka.actor.default-dispatcher-3] WARN  com.i2i.Client - Location: TURKEY
16:48:40 [AkkaRemoteClient-akka.actor.default-dispatcher-3] ERROR com.i2i.Client - Service: VOICE
16:48:40 [AkkaRemoteClient-akka.actor.default-dispatcher-3] FATAL com.i2i.Client - Amount: 147
16:48:41 [AkkaRemoteClient-akka.actor.default-dispatcher-3] INFO  com.i2i.Client - MSISDN: 535
16:48:41 [AkkaRemoteClient-akka.actor.default-dispatcher-3] WARN  com.i2i.Client - Location: MIDDLEEAST
16:48:41 [AkkaRemoteClient-akka.actor.default-dispatcher-3] ERROR com.i2i.Client - Service: DATA
16:48:41 [AkkaRemoteClient-akka.actor.default-dispatcher-3] FATAL com.i2i.Client - Amount: 220650149
16:48:41 [AkkaRemoteClient-akka.actor.default-dispatcher-3] INFO  com.i2i.Client - MSISDN: 535
16:48:41 [AkkaRemoteClient-akka.actor.default-dispatcher-3] WARN  com.i2i.Client - Location: TURKEY
16:48:41 [AkkaRemoteClient-akka.actor.default-dispatcher-3] ERROR com.i2i.Client - Service: SMS
16:48:41 [AkkaRemoteClient-akka.actor.default-dispatcher-3] FATAL com.i2i.Client - Amount: 1
16:48:46 [AkkaRemoteClient-akka.actor.default-dispatcher-3] INFO  com.i2i.Client - MSISDN: 535
16:48:46 [AkkaRemoteClient-akka.actor.default-dispatcher-3] WARN  com.i2i.Client - Location: MIDDLEEAST
16:48:46 [AkkaRemoteClient-akka.actor.default-dispatcher-3] ERROR com.i2i.Client - Service: VOICE
16:48:46 [AkkaRemoteClient-akka.actor.default-dispatcher-3] FATAL com.i2i.Client - Amount: 95
16:48:48 [AkkaRemoteClient-akka.actor.default-dispatcher-3] INFO  com.i2i.Client - MSISDN: 535
16:48:48 [AkkaRemoteClient-akka.actor.default-dispatcher-3] WARN  com.i2i.Client - Location: TURKEY
16:48:48 [AkkaRemoteClient-akka.actor.default-dispatcher-3] ERROR com.i2i.Client - Service: DATA
16:48:48 [AkkaRemoteClient-akka.actor.default-dispatcher-3] FATAL com.i2i.Client - Amount: 45492402
16:48:48 [AkkaRemoteClient-akka.actor.default-dispatcher-3] INFO  com.i2i.Client - MSISDN: 535
16:48:48 [AkkaRemoteClient-akka.actor.default-dispatcher-3] WARN  com.i2i.Client - Location: TURKEY
16:48:48 [AkkaRemoteClient-akka.actor.default-dispatcher-3] ERROR com.i2i.Client - Service: SMS
16:48:48 [AkkaRemoteClient-akka.actor.default-dispatcher-3] FATAL com.i2i.Client - Amount: 1
16:48:51 [AkkaRemoteClient-akka.actor.default-dispatcher-3] INFO  com.i2i.Client - MSISDN: 535
16:48:51 [AkkaRemoteClient-akka.actor.default-dispatcher-3] WARN  com.i2i.Client - Location: TURKEY
16:48:51 [AkkaRemoteClient-akka.actor.default-dispatcher-3] ERROR com.i2i.Client - Service: DATA
16:48:51 [AkkaRemoteClient-akka.actor.default-dispatcher-3] FATAL com.i2i.Client - Amount: 432212032
16:48:56 [AkkaRemoteClient-akka.actor.default-dispatcher-3] INFO  com.i2i.Client - MSISDN: 535
16:48:56 [AkkaRemoteClient-akka.actor.default-dispatcher-3] WARN  com.i2i.Client - Location: OTHER
16:48:56 [AkkaRemoteClient-akka.actor.default-dispatcher-3] ERROR com.i2i.Client - Service: DATA
16:48:56 [AkkaRemoteClient-akka.actor.default-dispatcher-3] FATAL com.i2i.Client - Amount: 80876929
16:48:56 [AkkaRemoteClient-akka.actor.default-dispatcher-3] INFO  com.i2i.Client - MSISDN: 535
16:48:56 [AkkaRemoteClient-akka.actor.default-dispatcher-3] WARN  com.i2i.Client - Location: TURKEY
16:48:56 [AkkaRemoteClient-akka.actor.default-dispatcher-3] ERROR com.i2i.Client - Service: VOICE
16:48:56 [AkkaRemoteClient-akka.actor.default-dispatcher-3] FATAL com.i2i.Client - Amount: 1093
16:48:57 [AkkaRemoteClient-akka.actor.default-dispatcher-3] INFO  com.i2i.Client - MSISDN: 535
16:48:57 [AkkaRemoteClient-akka.actor.default-dispatcher-3] WARN  com.i2i.Client - Location: OTHER
16:48:57 [AkkaRemoteClient-akka.actor.default-dispatcher-3] ERROR com.i2i.Client - Service: DATA
16:48:57 [AkkaRemoteClient-akka.actor.default-dispatcher-3] FATAL com.i2i.Client - Amount: 350979991
16:48:58 [AkkaRemoteClient-akka.actor.default-dispatcher-3] INFO  com.i2i.Client - MSISDN: 535
16:48:58 [AkkaRemoteClient-akka.actor.default-dispatcher-3] WARN  com.i2i.Client - Location: NORTHERNCYPRUS
16:48:58 [AkkaRemoteClient-akka.actor.default-dispatcher-3] ERROR com.i2i.Client - Service: SMS
16:48:58 [AkkaRemoteClient-akka.actor.default-dispatcher-3] FATAL com.i2i.Client - Amount: 1
16:48:59 [AkkaRemoteClient-akka.actor.default-dispatcher-3] INFO  com.i2i.Client - MSISDN: 535
16:48:59 [AkkaRemoteClient-akka.actor.default-dispatcher-3] WARN  com.i2i.Client - Location: TURKEY
16:48:59 [AkkaRemoteClient-akka.actor.default-dispatcher-3] ERROR com.i2i.Client - Service: DATA
16:48:59 [AkkaRemoteClient-akka.actor.default-dispatcher-3] FATAL com.i2i.Client - Amount: 641042406
16:49:00 [AkkaRemoteClient-akka.actor.default-dispatcher-3] INFO  com.i2i.Client - MSISDN: 535
16:49:00 [AkkaRemoteClient-akka.actor.default-dispatcher-3] WARN  com.i2i.Client - Location: TURKEY
16:49:00 [AkkaRemoteClient-akka.actor.default-dispatcher-3] ERROR com.i2i.Client - Service: SMS
16:49:00 [AkkaRemoteClient-akka.actor.default-dispatcher-3] FATAL com.i2i.Client - Amount: 1
16:49:00 [AkkaRemoteClient-akka.actor.default-dispatcher-3] INFO  com.i2i.Client - MSISDN: 535
16:49:00 [AkkaRemoteClient-akka.actor.default-dispatcher-3] WARN  com.i2i.Client - Location: TURKEY
16:49:00 [AkkaRemoteClient-akka.actor.default-dispatcher-3] ERROR com.i2i.Client - Service: SMS
16:49:00 [AkkaRemoteClient-akka.actor.default-dispatcher-3] FATAL com.i2i.Client - Amount: 1
16:49:00 [AkkaRemoteClient-akka.actor.default-dispatcher-3] INFO  com.i2i.Client - MSISDN: 535
16:49:00 [AkkaRemoteClient-akka.actor.default-dispatcher-3] WARN  com.i2i.Client - Location: TURKEY
16:49:00 [AkkaRemoteClient-akka.actor.default-dispatcher-3] ERROR com.i2i.Client - Service: SMS
16:49:00 [AkkaRemoteClient-akka.actor.default-dispatcher-3] FATAL com.i2i.Client - Amount: 1
16:49:00 [AkkaRemoteClient-akka.actor.default-dispatcher-3] INFO  com.i2i.Client - MSISDN: 535
16:49:00 [AkkaRemoteClient-akka.actor.default-dispatcher-3] WARN  com.i2i.Client - Location: TURKEY
16:49:00 [AkkaRemoteClient-akka.actor.default-dispatcher-3] ERROR com.i2i.Client - Service: DATA
16:49:00 [AkkaRemoteClient-akka.actor.default-dispatcher-3] FATAL com.i2i.Client - Amount: 1195072229
16:49:02 [AkkaRemoteClient-akka.actor.default-dispatcher-3] INFO  com.i2i.Client - MSISDN: 535
16:49:02 [AkkaRemoteClient-akka.actor.default-dispatcher-3] WARN  com.i2i.Client - Location: TURKEY
16:49:02 [AkkaRemoteClient-akka.actor.default-dispatcher-3] ERROR com.i2i.Client - Service: SMS
16:49:02 [AkkaRemoteClient-akka.actor.default-dispatcher-3] FATAL com.i2i.Client - Amount: 1
16:49:02 [AkkaRemoteClient-akka.actor.default-dispatcher-3] INFO  com.i2i.Client - MSISDN: 535
16:49:02 [AkkaRemoteClient-akka.actor.default-dispatcher-3] WARN  com.i2i.Client - Location: NORTHAMERICA
16:49:02 [AkkaRemoteClient-akka.actor.default-dispatcher-3] ERROR com.i2i.Client - Service: DATA
16:49:02 [AkkaRemoteClient-akka.actor.default-dispatcher-3] FATAL com.i2i.Client - Amount: 492299975
16:49:02 [AkkaRemoteClient-akka.actor.default-dispatcher-3] INFO  com.i2i.Client - MSISDN: 535
16:49:02 [AkkaRemoteClient-akka.actor.default-dispatcher-3] WARN  com.i2i.Client - Location: TURKEY
16:49:02 [AkkaRemoteClient-akka.actor.default-dispatcher-3] ERROR com.i2i.Client - Service: VOICE
16:49:02 [AkkaRemoteClient-akka.actor.default-dispatcher-3] FATAL com.i2i.Client - Amount: 981
16:49:03 [AkkaRemoteClient-akka.actor.default-dispatcher-3] INFO  com.i2i.Client - MSISDN: 535
16:49:03 [AkkaRemoteClient-akka.actor.default-dispatcher-3] WARN  com.i2i.Client - Location: NORTHAMERICA
16:49:03 [AkkaRemoteClient-akka.actor.default-dispatcher-3] ERROR com.i2i.Client - Service: SMS
16:49:03 [AkkaRemoteClient-akka.actor.default-dispatcher-3] FATAL com.i2i.Client - Amount: 1
16:49:03 [AkkaRemoteClient-akka.actor.default-dispatcher-3] INFO  com.i2i.Client - MSISDN: 535
16:49:03 [AkkaRemoteClient-akka.actor.default-dispatcher-3] WARN  com.i2i.Client - Location: TURKEY
16:49:03 [AkkaRemoteClient-akka.actor.default-dispatcher-3] ERROR com.i2i.Client - Service: VOICE
16:49:03 [AkkaRemoteClient-akka.actor.default-dispatcher-3] FATAL com.i2i.Client - Amount: 2170
16:49:04 [AkkaRemoteClient-akka.actor.default-dispatcher-3] INFO  com.i2i.Client - MSISDN: 535
16:49:04 [AkkaRemoteClient-akka.actor.default-dispatcher-3] WARN  com.i2i.Client - Location: MIDDLEEAST
16:49:04 [AkkaRemoteClient-akka.actor.default-dispatcher-3] ERROR com.i2i.Client - Service: DATA
16:49:04 [AkkaRemoteClient-akka.actor.default-dispatcher-3] FATAL com.i2i.Client - Amount: 786132934
16:49:05 [AkkaRemoteClient-akka.actor.default-dispatcher-3] INFO  com.i2i.Client - MSISDN: 535
16:49:05 [AkkaRemoteClient-akka.actor.default-dispatcher-3] WARN  com.i2i.Client - Location: TURKEY
16:49:05 [AkkaRemoteClient-akka.actor.default-dispatcher-3] ERROR com.i2i.Client - Service: DATA
16:49:05 [AkkaRemoteClient-akka.actor.default-dispatcher-3] FATAL com.i2i.Client - Amount: 553541012
16:49:06 [AkkaRemoteClient-akka.actor.default-dispatcher-3] INFO  com.i2i.Client - MSISDN: 535
16:49:06 [AkkaRemoteClient-akka.actor.default-dispatcher-3] WARN  com.i2i.Client - Location: TURKEY
16:49:06 [AkkaRemoteClient-akka.actor.default-dispatcher-3] ERROR com.i2i.Client - Service: VOICE
16:49:06 [AkkaRemoteClient-akka.actor.default-dispatcher-3] FATAL com.i2i.Client - Amount: 1064
16:49:08 [AkkaRemoteClient-akka.actor.default-dispatcher-3] INFO  com.i2i.Client - MSISDN: 535
16:49:08 [AkkaRemoteClient-akka.actor.default-dispatcher-3] WARN  com.i2i.Client - Location: NORTHAMERICA
16:49:08 [AkkaRemoteClient-akka.actor.default-dispatcher-3] ERROR com.i2i.Client - Service: VOICE
16:49:08 [AkkaRemoteClient-akka.actor.default-dispatcher-3] FATAL com.i2i.Client - Amount: 1620
16:49:09 [AkkaRemoteClient-akka.actor.default-dispatcher-3] INFO  com.i2i.Client - MSISDN: 535
16:49:09 [AkkaRemoteClient-akka.actor.default-dispatcher-3] WARN  com.i2i.Client - Location: NORTHAMERICA
16:49:09 [AkkaRemoteClient-akka.actor.default-dispatcher-3] ERROR com.i2i.Client - Service: DATA
16:49:09 [AkkaRemoteClient-akka.actor.default-dispatcher-3] FATAL com.i2i.Client - Amount: 283671674
16:49:09 [AkkaRemoteClient-akka.actor.default-dispatcher-3] INFO  com.i2i.Client - MSISDN: 535
16:49:09 [AkkaRemoteClient-akka.actor.default-dispatcher-3] WARN  com.i2i.Client - Location: NORTHAMERICA
16:49:09 [AkkaRemoteClient-akka.actor.default-dispatcher-3] ERROR com.i2i.Client - Service: VOICE
16:49:09 [AkkaRemoteClient-akka.actor.default-dispatcher-3] FATAL com.i2i.Client - Amount: 30
16:49:12 [AkkaRemoteClient-akka.actor.default-dispatcher-3] INFO  com.i2i.Client - MSISDN: 535
16:49:12 [AkkaRemoteClient-akka.actor.default-dispatcher-3] WARN  com.i2i.Client - Location: NORTHERNCYPRUS
16:49:12 [AkkaRemoteClient-akka.actor.default-dispatcher-3] ERROR com.i2i.Client - Service: DATA
16:49:12 [AkkaRemoteClient-akka.actor.default-dispatcher-3] FATAL com.i2i.Client - Amount: 869043873
16:49:13 [AkkaRemoteClient-akka.actor.default-dispatcher-3] INFO  com.i2i.Client - MSISDN: 535
16:49:13 [AkkaRemoteClient-akka.actor.default-dispatcher-3] WARN  com.i2i.Client - Location: TURKEY
16:49:13 [AkkaRemoteClient-akka.actor.default-dispatcher-3] ERROR com.i2i.Client - Service: SMS
16:49:13 [AkkaRemoteClient-akka.actor.default-dispatcher-3] FATAL com.i2i.Client - Amount: 1
16:49:13 [AkkaRemoteClient-akka.actor.default-dispatcher-3] INFO  com.i2i.Client - MSISDN: 535
16:49:13 [AkkaRemoteClient-akka.actor.default-dispatcher-3] WARN  com.i2i.Client - Location: TURKEY
16:49:13 [AkkaRemoteClient-akka.actor.default-dispatcher-3] ERROR com.i2i.Client - Service: VOICE
16:49:13 [AkkaRemoteClient-akka.actor.default-dispatcher-3] FATAL com.i2i.Client - Amount: 844
16:49:13 [AkkaRemoteClient-akka.actor.default-dispatcher-3] INFO  com.i2i.Client - MSISDN: 535
16:49:13 [AkkaRemoteClient-akka.actor.default-dispatcher-3] WARN  com.i2i.Client - Location: TURKEY
16:49:13 [AkkaRemoteClient-akka.actor.default-dispatcher-3] ERROR com.i2i.Client - Service: DATA
16:49:13 [AkkaRemoteClient-akka.actor.default-dispatcher-3] FATAL com.i2i.Client - Amount: 638143194
16:49:14 [AkkaRemoteClient-akka.actor.default-dispatcher-3] INFO  com.i2i.Client - MSISDN: 535
16:49:14 [AkkaRemoteClient-akka.actor.default-dispatcher-3] WARN  com.i2i.Client - Location: TURKEY
16:49:14 [AkkaRemoteClient-akka.actor.default-dispatcher-3] ERROR com.i2i.Client - Service: VOICE
16:49:14 [AkkaRemoteClient-akka.actor.default-dispatcher-3] FATAL com.i2i.Client - Amount: 770
16:49:15 [AkkaRemoteClient-akka.actor.default-dispatcher-3] INFO  com.i2i.Client - MSISDN: 535
16:49:15 [AkkaRemoteClient-akka.actor.default-dispatcher-3] WARN  com.i2i.Client - Location: NORTHAMERICA
16:49:15 [AkkaRemoteClient-akka.actor.default-dispatcher-3] ERROR com.i2i.Client - Service: DATA
16:49:15 [AkkaRemoteClient-akka.actor.default-dispatcher-3] FATAL com.i2i.Client - Amount: 302170957
16:49:15 [AkkaRemoteClient-akka.actor.default-dispatcher-3] INFO  com.i2i.Client - MSISDN: 535
16:49:15 [AkkaRemoteClient-akka.actor.default-dispatcher-3] WARN  com.i2i.Client - Location: NORTHERNCYPRUS
16:49:15 [AkkaRemoteClient-akka.actor.default-dispatcher-3] ERROR com.i2i.Client - Service: VOICE
16:49:15 [AkkaRemoteClient-akka.actor.default-dispatcher-3] FATAL com.i2i.Client - Amount: 3384
16:49:15 [AkkaRemoteClient-akka.actor.default-dispatcher-3] INFO  com.i2i.Client - MSISDN: 535
16:49:15 [AkkaRemoteClient-akka.actor.default-dispatcher-3] WARN  com.i2i.Client - Location: TURKEY
16:49:15 [AkkaRemoteClient-akka.actor.default-dispatcher-3] ERROR com.i2i.Client - Service: VOICE
16:49:15 [AkkaRemoteClient-akka.actor.default-dispatcher-3] FATAL com.i2i.Client - Amount: 685
16:49:16 [AkkaRemoteClient-akka.actor.default-dispatcher-3] INFO  com.i2i.Client - MSISDN: 535
16:49:16 [AkkaRemoteClient-akka.actor.default-dispatcher-3] WARN  com.i2i.Client - Location: MIDDLEEAST
16:49:16 [AkkaRemoteClient-akka.actor.default-dispatcher-3] ERROR com.i2i.Client - Service: SMS
16:49:16 [AkkaRemoteClient-akka.actor.default-dispatcher-3] FATAL com.i2i.Client - Amount: 1
16:49:17 [AkkaRemoteClient-akka.actor.default-dispatcher-3] INFO  com.i2i.Client - MSISDN: 535
16:49:17 [AkkaRemoteClient-akka.actor.default-dispatcher-3] WARN  com.i2i.Client - Location: TURKEY
16:49:17 [AkkaRemoteClient-akka.actor.default-dispatcher-3] ERROR com.i2i.Client - Service: VOICE
16:49:17 [AkkaRemoteClient-akka.actor.default-dispatcher-3] FATAL com.i2i.Client - Amount: 1804
16:49:17 [AkkaRemoteClient-akka.actor.default-dispatcher-3] INFO  com.i2i.Client - MSISDN: 535
16:49:17 [AkkaRemoteClient-akka.actor.default-dispatcher-3] WARN  com.i2i.Client - Location: TURKEY
16:49:17 [AkkaRemoteClient-akka.actor.default-dispatcher-3] ERROR com.i2i.Client - Service: DATA
16:49:17 [AkkaRemoteClient-akka.actor.default-dispatcher-3] FATAL com.i2i.Client - Amount: 610058874
16:49:18 [AkkaRemoteClient-akka.actor.default-dispatcher-3] INFO  com.i2i.Client - MSISDN: 535
16:49:18 [AkkaRemoteClient-akka.actor.default-dispatcher-3] WARN  com.i2i.Client - Location: OTHER
16:49:18 [AkkaRemoteClient-akka.actor.default-dispatcher-3] ERROR com.i2i.Client - Service: VOICE
16:49:18 [AkkaRemoteClient-akka.actor.default-dispatcher-3] FATAL com.i2i.Client - Amount: 1724
16:49:18 [AkkaRemoteClient-akka.actor.default-dispatcher-3] INFO  com.i2i.Client - MSISDN: 535
16:49:18 [AkkaRemoteClient-akka.actor.default-dispatcher-3] WARN  com.i2i.Client - Location: MIDDLEEAST
16:49:18 [AkkaRemoteClient-akka.actor.default-dispatcher-3] ERROR com.i2i.Client - Service: SMS
16:49:18 [AkkaRemoteClient-akka.actor.default-dispatcher-3] FATAL com.i2i.Client - Amount: 1
16:49:18 [AkkaRemoteClient-akka.actor.default-dispatcher-3] INFO  com.i2i.Client - MSISDN: 535
16:49:18 [AkkaRemoteClient-akka.actor.default-dispatcher-3] WARN  com.i2i.Client - Location: TURKEY
16:49:18 [AkkaRemoteClient-akka.actor.default-dispatcher-3] ERROR com.i2i.Client - Service: SMS
16:49:18 [AkkaRemoteClient-akka.actor.default-dispatcher-3] FATAL com.i2i.Client - Amount: 1
16:49:19 [AkkaRemoteClient-akka.actor.default-dispatcher-3] INFO  com.i2i.Client - MSISDN: 535
16:49:19 [AkkaRemoteClient-akka.actor.default-dispatcher-3] WARN  com.i2i.Client - Location: TURKEY
16:49:19 [AkkaRemoteClient-akka.actor.default-dispatcher-3] ERROR com.i2i.Client - Service: DATA
16:49:19 [AkkaRemoteClient-akka.actor.default-dispatcher-3] FATAL com.i2i.Client - Amount: 344542708
16:49:19 [AkkaRemoteClient-akka.actor.default-dispatcher-3] INFO  com.i2i.Client - MSISDN: 535
16:49:19 [AkkaRemoteClient-akka.actor.default-dispatcher-3] WARN  com.i2i.Client - Location: MIDDLEEAST
16:49:19 [AkkaRemoteClient-akka.actor.default-dispatcher-3] ERROR com.i2i.Client - Service: DATA
16:49:19 [AkkaRemoteClient-akka.actor.default-dispatcher-3] FATAL com.i2i.Client - Amount: 1016087260
16:49:21 [AkkaRemoteClient-akka.actor.default-dispatcher-3] INFO  com.i2i.Client - MSISDN: 535
16:49:21 [AkkaRemoteClient-akka.actor.default-dispatcher-3] WARN  com.i2i.Client - Location: TURKEY
16:49:21 [AkkaRemoteClient-akka.actor.default-dispatcher-3] ERROR com.i2i.Client - Service: SMS
16:49:21 [AkkaRemoteClient-akka.actor.default-dispatcher-3] FATAL com.i2i.Client - Amount: 1
16:49:21 [AkkaRemoteClient-akka.actor.default-dispatcher-3] INFO  com.i2i.Client - MSISDN: 535
16:49:21 [AkkaRemoteClient-akka.actor.default-dispatcher-3] WARN  com.i2i.Client - Location: TURKEY
16:49:21 [AkkaRemoteClient-akka.actor.default-dispatcher-3] ERROR com.i2i.Client - Service: VOICE
16:49:21 [AkkaRemoteClient-akka.actor.default-dispatcher-3] FATAL com.i2i.Client - Amount: 195
16:49:22 [AkkaRemoteClient-akka.actor.default-dispatcher-3] INFO  com.i2i.Client - MSISDN: 535
16:49:22 [AkkaRemoteClient-akka.actor.default-dispatcher-3] WARN  com.i2i.Client - Location: TURKEY
16:49:22 [AkkaRemoteClient-akka.actor.default-dispatcher-3] ERROR com.i2i.Client - Service: DATA
16:49:22 [AkkaRemoteClient-akka.actor.default-dispatcher-3] FATAL com.i2i.Client - Amount: 31043856
16:49:23 [AkkaRemoteClient-akka.actor.default-dispatcher-3] INFO  com.i2i.Client - MSISDN: 535
16:49:23 [AkkaRemoteClient-akka.actor.default-dispatcher-3] WARN  com.i2i.Client - Location: TURKEY
16:49:23 [AkkaRemoteClient-akka.actor.default-dispatcher-3] ERROR com.i2i.Client - Service: VOICE
16:49:23 [AkkaRemoteClient-akka.actor.default-dispatcher-3] FATAL com.i2i.Client - Amount: 218
16:49:25 [AkkaRemoteClient-akka.actor.default-dispatcher-3] INFO  com.i2i.Client - MSISDN: 535
16:49:25 [AkkaRemoteClient-akka.actor.default-dispatcher-3] WARN  com.i2i.Client - Location: TURKEY
16:49:25 [AkkaRemoteClient-akka.actor.default-dispatcher-3] ERROR com.i2i.Client - Service: VOICE
16:49:25 [AkkaRemoteClient-akka.actor.default-dispatcher-3] FATAL com.i2i.Client - Amount: 2607
16:49:27 [AkkaRemoteClient-akka.actor.default-dispatcher-3] INFO  com.i2i.Client - MSISDN: 535
16:49:27 [AkkaRemoteClient-akka.actor.default-dispatcher-3] WARN  com.i2i.Client - Location: NORTHAMERICA
16:49:27 [AkkaRemoteClient-akka.actor.default-dispatcher-3] ERROR com.i2i.Client - Service: VOICE
16:49:27 [AkkaRemoteClient-akka.actor.default-dispatcher-3] FATAL com.i2i.Client - Amount: 1705
16:49:29 [AkkaRemoteClient-akka.actor.default-dispatcher-3] INFO  com.i2i.Client - MSISDN: 535
16:49:29 [AkkaRemoteClient-akka.actor.default-dispatcher-3] WARN  com.i2i.Client - Location: TURKEY
16:49:29 [AkkaRemoteClient-akka.actor.default-dispatcher-3] ERROR com.i2i.Client - Service: VOICE
16:49:29 [AkkaRemoteClient-akka.actor.default-dispatcher-3] FATAL com.i2i.Client - Amount: 1687
16:49:30 [AkkaRemoteClient-akka.actor.default-dispatcher-3] INFO  com.i2i.Client - MSISDN: 535
16:49:30 [AkkaRemoteClient-akka.actor.default-dispatcher-3] WARN  com.i2i.Client - Location: TURKEY
16:49:30 [AkkaRemoteClient-akka.actor.default-dispatcher-3] ERROR com.i2i.Client - Service: DATA
16:49:30 [AkkaRemoteClient-akka.actor.default-dispatcher-3] FATAL com.i2i.Client - Amount: 493292276
16:49:31 [AkkaRemoteClient-akka.actor.default-dispatcher-3] INFO  com.i2i.Client - MSISDN: 535
16:49:31 [AkkaRemoteClient-akka.actor.default-dispatcher-3] WARN  com.i2i.Client - Location: NORTHAMERICA
16:49:31 [AkkaRemoteClient-akka.actor.default-dispatcher-3] ERROR com.i2i.Client - Service: DATA
16:49:31 [AkkaRemoteClient-akka.actor.default-dispatcher-3] FATAL com.i2i.Client - Amount: 316677837
16:49:31 [AkkaRemoteClient-akka.actor.default-dispatcher-3] INFO  com.i2i.Client - MSISDN: 535
16:49:31 [AkkaRemoteClient-akka.actor.default-dispatcher-3] WARN  com.i2i.Client - Location: EUROPE
16:49:31 [AkkaRemoteClient-akka.actor.default-dispatcher-3] ERROR com.i2i.Client - Service: SMS
16:49:31 [AkkaRemoteClient-akka.actor.default-dispatcher-3] FATAL com.i2i.Client - Amount: 1
16:49:32 [AkkaRemoteClient-akka.actor.default-dispatcher-3] INFO  com.i2i.Client - MSISDN: 535
16:49:32 [AkkaRemoteClient-akka.actor.default-dispatcher-3] WARN  com.i2i.Client - Location: TURKEY
16:49:32 [AkkaRemoteClient-akka.actor.default-dispatcher-3] ERROR com.i2i.Client - Service: VOICE
16:49:32 [AkkaRemoteClient-akka.actor.default-dispatcher-3] FATAL com.i2i.Client - Amount: 258
16:49:34 [AkkaRemoteClient-akka.actor.default-dispatcher-3] INFO  com.i2i.Client - MSISDN: 535
16:49:34 [AkkaRemoteClient-akka.actor.default-dispatcher-3] WARN  com.i2i.Client - Location: TURKEY
16:49:34 [AkkaRemoteClient-akka.actor.default-dispatcher-3] ERROR com.i2i.Client - Service: SMS
16:49:34 [AkkaRemoteClient-akka.actor.default-dispatcher-3] FATAL com.i2i.Client - Amount: 1
16:49:36 [AkkaRemoteClient-akka.actor.default-dispatcher-3] INFO  com.i2i.Client - MSISDN: 535
16:49:36 [AkkaRemoteClient-akka.actor.default-dispatcher-3] WARN  com.i2i.Client - Location: TURKEY
16:49:36 [AkkaRemoteClient-akka.actor.default-dispatcher-3] ERROR com.i2i.Client - Service: DATA
16:49:36 [AkkaRemoteClient-akka.actor.default-dispatcher-3] FATAL com.i2i.Client - Amount: 1247991946
16:49:36 [AkkaRemoteClient-akka.actor.default-dispatcher-3] INFO  com.i2i.Client - MSISDN: 535
16:49:36 [AkkaRemoteClient-akka.actor.default-dispatcher-3] WARN  com.i2i.Client - Location: TURKEY
16:49:36 [AkkaRemoteClient-akka.actor.default-dispatcher-3] ERROR com.i2i.Client - Service: SMS
16:49:36 [AkkaRemoteClient-akka.actor.default-dispatcher-3] FATAL com.i2i.Client - Amount: 1
16:49:37 [AkkaRemoteClient-akka.actor.default-dispatcher-3] INFO  com.i2i.Client - MSISDN: 535
16:49:37 [AkkaRemoteClient-akka.actor.default-dispatcher-3] WARN  com.i2i.Client - Location: TURKEY
16:49:37 [AkkaRemoteClient-akka.actor.default-dispatcher-3] ERROR com.i2i.Client - Service: VOICE
16:49:37 [AkkaRemoteClient-akka.actor.default-dispatcher-3] FATAL com.i2i.Client - Amount: 713
16:49:37 [AkkaRemoteClient-akka.actor.default-dispatcher-3] INFO  com.i2i.Client - MSISDN: 535
16:49:37 [AkkaRemoteClient-akka.actor.default-dispatcher-3] WARN  com.i2i.Client - Location: TURKEY
16:49:37 [AkkaRemoteClient-akka.actor.default-dispatcher-3] ERROR com.i2i.Client - Service: DATA
16:49:37 [AkkaRemoteClient-akka.actor.default-dispatcher-3] FATAL com.i2i.Client - Amount: 523127562
16:49:38 [AkkaRemoteClient-akka.actor.default-dispatcher-3] INFO  com.i2i.Client - MSISDN: 535
16:49:38 [AkkaRemoteClient-akka.actor.default-dispatcher-3] WARN  com.i2i.Client - Location: TURKEY
16:49:38 [AkkaRemoteClient-akka.actor.default-dispatcher-3] ERROR com.i2i.Client - Service: VOICE
16:49:38 [AkkaRemoteClient-akka.actor.default-dispatcher-3] FATAL com.i2i.Client - Amount: 1447
16:49:38 [AkkaRemoteClient-akka.actor.default-dispatcher-3] INFO  com.i2i.Client - MSISDN: 535
16:49:38 [AkkaRemoteClient-akka.actor.default-dispatcher-3] WARN  com.i2i.Client - Location: MIDDLEEAST
16:49:38 [AkkaRemoteClient-akka.actor.default-dispatcher-3] ERROR com.i2i.Client - Service: SMS
16:49:38 [AkkaRemoteClient-akka.actor.default-dispatcher-3] FATAL com.i2i.Client - Amount: 1
16:49:39 [AkkaRemoteClient-akka.actor.default-dispatcher-3] INFO  com.i2i.Client - MSISDN: 535
16:49:39 [AkkaRemoteClient-akka.actor.default-dispatcher-3] WARN  com.i2i.Client - Location: TURKEY
16:49:39 [AkkaRemoteClient-akka.actor.default-dispatcher-3] ERROR com.i2i.Client - Service: VOICE
16:49:39 [AkkaRemoteClient-akka.actor.default-dispatcher-3] FATAL com.i2i.Client - Amount: 1170
16:49:40 [AkkaRemoteClient-akka.actor.default-dispatcher-3] INFO  com.i2i.Client - MSISDN: 535
16:49:40 [AkkaRemoteClient-akka.actor.default-dispatcher-3] WARN  com.i2i.Client - Location: TURKEY
16:49:40 [AkkaRemoteClient-akka.actor.default-dispatcher-3] ERROR com.i2i.Client - Service: VOICE
16:49:40 [AkkaRemoteClient-akka.actor.default-dispatcher-3] FATAL com.i2i.Client - Amount: 1537
16:49:41 [AkkaRemoteClient-akka.actor.default-dispatcher-3] INFO  com.i2i.Client - MSISDN: 535
16:49:41 [AkkaRemoteClient-akka.actor.default-dispatcher-3] WARN  com.i2i.Client - Location: NORTHAMERICA
16:49:41 [AkkaRemoteClient-akka.actor.default-dispatcher-3] ERROR com.i2i.Client - Service: VOICE
16:49:41 [AkkaRemoteClient-akka.actor.default-dispatcher-3] FATAL com.i2i.Client - Amount: 2531
16:49:42 [AkkaRemoteClient-akka.actor.default-dispatcher-3] INFO  com.i2i.Client - MSISDN: 535
16:49:42 [AkkaRemoteClient-akka.actor.default-dispatcher-3] WARN  com.i2i.Client - Location: NORTHERNCYPRUS
16:49:42 [AkkaRemoteClient-akka.actor.default-dispatcher-3] ERROR com.i2i.Client - Service: VOICE
16:49:42 [AkkaRemoteClient-akka.actor.default-dispatcher-3] FATAL com.i2i.Client - Amount: 2123
16:49:42 [AkkaRemoteClient-akka.actor.default-dispatcher-3] INFO  com.i2i.Client - MSISDN: 535
16:49:42 [AkkaRemoteClient-akka.actor.default-dispatcher-3] WARN  com.i2i.Client - Location: OTHER
16:49:42 [AkkaRemoteClient-akka.actor.default-dispatcher-3] ERROR com.i2i.Client - Service: DATA
16:49:42 [AkkaRemoteClient-akka.actor.default-dispatcher-3] FATAL com.i2i.Client - Amount: 904392608
16:49:42 [AkkaRemoteClient-akka.actor.default-dispatcher-3] INFO  com.i2i.Client - MSISDN: 535
16:49:42 [AkkaRemoteClient-akka.actor.default-dispatcher-3] WARN  com.i2i.Client - Location: TURKEY
16:49:42 [AkkaRemoteClient-akka.actor.default-dispatcher-3] ERROR com.i2i.Client - Service: VOICE
16:49:42 [AkkaRemoteClient-akka.actor.default-dispatcher-3] FATAL com.i2i.Client - Amount: 107
16:49:43 [AkkaRemoteClient-akka.actor.default-dispatcher-3] INFO  com.i2i.Client - MSISDN: 535
16:49:43 [AkkaRemoteClient-akka.actor.default-dispatcher-3] WARN  com.i2i.Client - Location: NORTHAMERICA
16:49:43 [AkkaRemoteClient-akka.actor.default-dispatcher-3] ERROR com.i2i.Client - Service: DATA
16:49:43 [AkkaRemoteClient-akka.actor.default-dispatcher-3] FATAL com.i2i.Client - Amount: 589431941
16:49:44 [AkkaRemoteClient-akka.actor.default-dispatcher-3] INFO  com.i2i.Client - MSISDN: 535
16:49:44 [AkkaRemoteClient-akka.actor.default-dispatcher-3] WARN  com.i2i.Client - Location: TURKEY
16:49:44 [AkkaRemoteClient-akka.actor.default-dispatcher-3] ERROR com.i2i.Client - Service: VOICE
16:49:44 [AkkaRemoteClient-akka.actor.default-dispatcher-3] FATAL com.i2i.Client - Amount: 268
16:49:45 [AkkaRemoteClient-akka.actor.default-dispatcher-3] INFO  com.i2i.Client - MSISDN: 535
16:49:45 [AkkaRemoteClient-akka.actor.default-dispatcher-3] WARN  com.i2i.Client - Location: TURKEY
16:49:45 [AkkaRemoteClient-akka.actor.default-dispatcher-3] ERROR com.i2i.Client - Service: DATA
16:49:45 [AkkaRemoteClient-akka.actor.default-dispatcher-3] FATAL com.i2i.Client - Amount: 1121020026
16:49:47 [AkkaRemoteClient-akka.actor.default-dispatcher-3] INFO  com.i2i.Client - MSISDN: 535
16:49:47 [AkkaRemoteClient-akka.actor.default-dispatcher-3] WARN  com.i2i.Client - Location: NORTHERNCYPRUS
16:49:47 [AkkaRemoteClient-akka.actor.default-dispatcher-3] ERROR com.i2i.Client - Service: SMS
16:49:47 [AkkaRemoteClient-akka.actor.default-dispatcher-3] FATAL com.i2i.Client - Amount: 1
16:49:49 [AkkaRemoteClient-akka.actor.default-dispatcher-3] INFO  com.i2i.Client - MSISDN: 535
16:49:49 [AkkaRemoteClient-akka.actor.default-dispatcher-3] WARN  com.i2i.Client - Location: EUROPE
16:49:49 [AkkaRemoteClient-akka.actor.default-dispatcher-3] ERROR com.i2i.Client - Service: DATA
16:49:49 [AkkaRemoteClient-akka.actor.default-dispatcher-3] FATAL com.i2i.Client - Amount: 226923468
16:49:50 [AkkaRemoteClient-akka.actor.default-dispatcher-3] INFO  com.i2i.Client - MSISDN: 535
16:49:50 [AkkaRemoteClient-akka.actor.default-dispatcher-3] WARN  com.i2i.Client - Location: TURKEY
16:49:50 [AkkaRemoteClient-akka.actor.default-dispatcher-3] ERROR com.i2i.Client - Service: VOICE
16:49:50 [AkkaRemoteClient-akka.actor.default-dispatcher-3] FATAL com.i2i.Client - Amount: 3377
16:49:52 [AkkaRemoteClient-akka.actor.default-dispatcher-3] INFO  com.i2i.Client - MSISDN: 535
16:49:52 [AkkaRemoteClient-akka.actor.default-dispatcher-3] WARN  com.i2i.Client - Location: TURKEY
16:49:52 [AkkaRemoteClient-akka.actor.default-dispatcher-3] ERROR com.i2i.Client - Service: DATA
16:49:52 [AkkaRemoteClient-akka.actor.default-dispatcher-3] FATAL com.i2i.Client - Amount: 768445603
16:49:52 [AkkaRemoteClient-akka.actor.default-dispatcher-3] INFO  com.i2i.Client - MSISDN: 535
16:49:52 [AkkaRemoteClient-akka.actor.default-dispatcher-3] WARN  com.i2i.Client - Location: OTHER
16:49:52 [AkkaRemoteClient-akka.actor.default-dispatcher-3] ERROR com.i2i.Client - Service: SMS
16:49:52 [AkkaRemoteClient-akka.actor.default-dispatcher-3] FATAL com.i2i.Client - Amount: 1
16:49:53 [AkkaRemoteClient-akka.actor.default-dispatcher-3] INFO  com.i2i.Client - MSISDN: 535
16:49:53 [AkkaRemoteClient-akka.actor.default-dispatcher-3] WARN  com.i2i.Client - Location: TURKEY
16:49:53 [AkkaRemoteClient-akka.actor.default-dispatcher-3] ERROR com.i2i.Client - Service: VOICE
16:49:53 [AkkaRemoteClient-akka.actor.default-dispatcher-3] FATAL com.i2i.Client - Amount: 716
16:49:55 [AkkaRemoteClient-akka.actor.default-dispatcher-3] INFO  com.i2i.Client - MSISDN: 535
16:49:55 [AkkaRemoteClient-akka.actor.default-dispatcher-3] WARN  com.i2i.Client - Location: OTHER
16:49:55 [AkkaRemoteClient-akka.actor.default-dispatcher-3] ERROR com.i2i.Client - Service: DATA
16:49:55 [AkkaRemoteClient-akka.actor.default-dispatcher-3] FATAL com.i2i.Client - Amount: 515732571
16:49:56 [AkkaRemoteClient-akka.actor.default-dispatcher-3] INFO  com.i2i.Client - MSISDN: 535
16:49:56 [AkkaRemoteClient-akka.actor.default-dispatcher-3] WARN  com.i2i.Client - Location: TURKEY
16:49:56 [AkkaRemoteClient-akka.actor.default-dispatcher-3] ERROR com.i2i.Client - Service: SMS
16:49:56 [AkkaRemoteClient-akka.actor.default-dispatcher-3] FATAL com.i2i.Client - Amount: 1
16:49:58 [AkkaRemoteClient-akka.actor.default-dispatcher-3] INFO  com.i2i.Client - MSISDN: 535
16:49:58 [AkkaRemoteClient-akka.actor.default-dispatcher-3] WARN  com.i2i.Client - Location: MIDDLEEAST
16:49:58 [AkkaRemoteClient-akka.actor.default-dispatcher-3] ERROR com.i2i.Client - Service: VOICE
16:49:58 [AkkaRemoteClient-akka.actor.default-dispatcher-3] FATAL com.i2i.Client - Amount: 2265
16:49:59 [AkkaRemoteClient-akka.actor.default-dispatcher-3] INFO  com.i2i.Client - MSISDN: 535
16:49:59 [AkkaRemoteClient-akka.actor.default-dispatcher-3] WARN  com.i2i.Client - Location: TURKEY
16:49:59 [AkkaRemoteClient-akka.actor.default-dispatcher-3] ERROR com.i2i.Client - Service: SMS
16:49:59 [AkkaRemoteClient-akka.actor.default-dispatcher-3] FATAL com.i2i.Client - Amount: 1
16:49:59 [AkkaRemoteClient-akka.actor.default-dispatcher-3] INFO  com.i2i.Client - MSISDN: 535
16:49:59 [AkkaRemoteClient-akka.actor.default-dispatcher-3] WARN  com.i2i.Client - Location: NORTHAMERICA
16:49:59 [AkkaRemoteClient-akka.actor.default-dispatcher-3] ERROR com.i2i.Client - Service: DATA
16:49:59 [AkkaRemoteClient-akka.actor.default-dispatcher-3] FATAL com.i2i.Client - Amount: 435569992
16:50:00 [AkkaRemoteClient-akka.actor.default-dispatcher-3] INFO  com.i2i.Client - MSISDN: 535
16:50:00 [AkkaRemoteClient-akka.actor.default-dispatcher-3] WARN  com.i2i.Client - Location: NORTHAMERICA
16:50:00 [AkkaRemoteClient-akka.actor.default-dispatcher-3] ERROR com.i2i.Client - Service: VOICE
16:50:00 [AkkaRemoteClient-akka.actor.default-dispatcher-3] FATAL com.i2i.Client - Amount: 2393
16:50:02 [AkkaRemoteClient-akka.actor.default-dispatcher-3] INFO  com.i2i.Client - MSISDN: 535
16:50:02 [AkkaRemoteClient-akka.actor.default-dispatcher-3] WARN  com.i2i.Client - Location: TURKEY
16:50:02 [AkkaRemoteClient-akka.actor.default-dispatcher-3] ERROR com.i2i.Client - Service: VOICE
16:50:02 [AkkaRemoteClient-akka.actor.default-dispatcher-3] FATAL com.i2i.Client - Amount: 1275
16:50:02 [AkkaRemoteClient-akka.actor.default-dispatcher-3] INFO  com.i2i.Client - MSISDN: 535
16:50:02 [AkkaRemoteClient-akka.actor.default-dispatcher-3] WARN  com.i2i.Client - Location: TURKEY
16:50:02 [AkkaRemoteClient-akka.actor.default-dispatcher-3] ERROR com.i2i.Client - Service: DATA
16:50:02 [AkkaRemoteClient-akka.actor.default-dispatcher-3] FATAL com.i2i.Client - Amount: 59530422
16:50:08 [AkkaRemoteClient-akka.actor.default-dispatcher-3] INFO  com.i2i.Client - MSISDN: 535
16:50:08 [AkkaRemoteClient-akka.actor.default-dispatcher-3] WARN  com.i2i.Client - Location: MIDDLEEAST
16:50:08 [AkkaRemoteClient-akka.actor.default-dispatcher-3] ERROR com.i2i.Client - Service: VOICE
16:50:08 [AkkaRemoteClient-akka.actor.default-dispatcher-3] FATAL com.i2i.Client - Amount: 1626
16:50:09 [AkkaRemoteClient-akka.actor.default-dispatcher-3] INFO  com.i2i.Client - MSISDN: 535
16:50:09 [AkkaRemoteClient-akka.actor.default-dispatcher-3] WARN  com.i2i.Client - Location: TURKEY
16:50:09 [AkkaRemoteClient-akka.actor.default-dispatcher-3] ERROR com.i2i.Client - Service: DATA
16:50:09 [AkkaRemoteClient-akka.actor.default-dispatcher-3] FATAL com.i2i.Client - Amount: 750613006
16:50:09 [AkkaRemoteClient-akka.actor.default-dispatcher-3] INFO  com.i2i.Client - MSISDN: 535
16:50:09 [AkkaRemoteClient-akka.actor.default-dispatcher-3] WARN  com.i2i.Client - Location: TURKEY
16:50:09 [AkkaRemoteClient-akka.actor.default-dispatcher-3] ERROR com.i2i.Client - Service: VOICE
16:50:09 [AkkaRemoteClient-akka.actor.default-dispatcher-3] FATAL com.i2i.Client - Amount: 3240
16:50:09 [AkkaRemoteClient-akka.actor.default-dispatcher-3] INFO  com.i2i.Client - MSISDN: 535
16:50:09 [AkkaRemoteClient-akka.actor.default-dispatcher-3] WARN  com.i2i.Client - Location: TURKEY
16:50:09 [AkkaRemoteClient-akka.actor.default-dispatcher-3] ERROR com.i2i.Client - Service: SMS
16:50:09 [AkkaRemoteClient-akka.actor.default-dispatcher-3] FATAL com.i2i.Client - Amount: 1
16:50:10 [AkkaRemoteClient-akka.actor.default-dispatcher-3] INFO  com.i2i.Client - MSISDN: 535
16:50:10 [AkkaRemoteClient-akka.actor.default-dispatcher-3] WARN  com.i2i.Client - Location: TURKEY
16:50:10 [AkkaRemoteClient-akka.actor.default-dispatcher-3] ERROR com.i2i.Client - Service: SMS
16:50:10 [AkkaRemoteClient-akka.actor.default-dispatcher-3] FATAL com.i2i.Client - Amount: 1
16:50:10 [AkkaRemoteClient-akka.actor.default-dispatcher-3] INFO  com.i2i.Client - MSISDN: 535
16:50:10 [AkkaRemoteClient-akka.actor.default-dispatcher-3] WARN  com.i2i.Client - Location: NORTHERNCYPRUS
16:50:10 [AkkaRemoteClient-akka.actor.default-dispatcher-3] ERROR com.i2i.Client - Service: VOICE
16:50:10 [AkkaRemoteClient-akka.actor.default-dispatcher-3] FATAL com.i2i.Client - Amount: 61
16:50:11 [AkkaRemoteClient-akka.actor.default-dispatcher-3] INFO  com.i2i.Client - MSISDN: 535
16:50:11 [AkkaRemoteClient-akka.actor.default-dispatcher-3] WARN  com.i2i.Client - Location: TURKEY
16:50:11 [AkkaRemoteClient-akka.actor.default-dispatcher-3] ERROR com.i2i.Client - Service: DATA
16:50:11 [AkkaRemoteClient-akka.actor.default-dispatcher-3] FATAL com.i2i.Client - Amount: 245282171
16:50:12 [AkkaRemoteClient-akka.actor.default-dispatcher-3] INFO  com.i2i.Client - MSISDN: 535
16:50:12 [AkkaRemoteClient-akka.actor.default-dispatcher-3] WARN  com.i2i.Client - Location: TURKEY
16:50:12 [AkkaRemoteClient-akka.actor.default-dispatcher-3] ERROR com.i2i.Client - Service: DATA
16:50:12 [AkkaRemoteClient-akka.actor.default-dispatcher-3] FATAL com.i2i.Client - Amount: 689423385
16:50:18 [AkkaRemoteClient-akka.actor.default-dispatcher-3] INFO  com.i2i.Client - MSISDN: 535
16:50:18 [AkkaRemoteClient-akka.actor.default-dispatcher-3] WARN  com.i2i.Client - Location: RUSSIA
16:50:18 [AkkaRemoteClient-akka.actor.default-dispatcher-3] ERROR com.i2i.Client - Service: VOICE
16:50:18 [AkkaRemoteClient-akka.actor.default-dispatcher-3] FATAL com.i2i.Client - Amount: 1248
16:50:20 [AkkaRemoteClient-akka.actor.default-dispatcher-3] INFO  com.i2i.Client - MSISDN: 535
16:50:20 [AkkaRemoteClient-akka.actor.default-dispatcher-3] WARN  com.i2i.Client - Location: TURKEY
16:50:20 [AkkaRemoteClient-akka.actor.default-dispatcher-3] ERROR com.i2i.Client - Service: SMS
16:50:20 [AkkaRemoteClient-akka.actor.default-dispatcher-3] FATAL com.i2i.Client - Amount: 1
16:50:20 [AkkaRemoteClient-akka.actor.default-dispatcher-3] INFO  com.i2i.Client - MSISDN: 535
16:50:20 [AkkaRemoteClient-akka.actor.default-dispatcher-3] WARN  com.i2i.Client - Location: TURKEY
16:50:20 [AkkaRemoteClient-akka.actor.default-dispatcher-3] ERROR com.i2i.Client - Service: SMS
16:50:20 [AkkaRemoteClient-akka.actor.default-dispatcher-3] FATAL com.i2i.Client - Amount: 1
16:50:21 [AkkaRemoteClient-akka.actor.default-dispatcher-3] INFO  com.i2i.Client - MSISDN: 535
16:50:21 [AkkaRemoteClient-akka.actor.default-dispatcher-3] WARN  com.i2i.Client - Location: EUROPE
16:50:21 [AkkaRemoteClient-akka.actor.default-dispatcher-3] ERROR com.i2i.Client - Service: VOICE
16:50:21 [AkkaRemoteClient-akka.actor.default-dispatcher-3] FATAL com.i2i.Client - Amount: 640
16:50:22 [AkkaRemoteClient-akka.actor.default-dispatcher-3] INFO  com.i2i.Client - MSISDN: 535
16:50:22 [AkkaRemoteClient-akka.actor.default-dispatcher-3] WARN  com.i2i.Client - Location: TURKEY
16:50:22 [AkkaRemoteClient-akka.actor.default-dispatcher-3] ERROR com.i2i.Client - Service: VOICE
16:50:22 [AkkaRemoteClient-akka.actor.default-dispatcher-3] FATAL com.i2i.Client - Amount: 681
16:50:23 [AkkaRemoteClient-akka.actor.default-dispatcher-3] INFO  com.i2i.Client - MSISDN: 535
16:50:23 [AkkaRemoteClient-akka.actor.default-dispatcher-3] WARN  com.i2i.Client - Location: TURKEY
16:50:23 [AkkaRemoteClient-akka.actor.default-dispatcher-3] ERROR com.i2i.Client - Service: VOICE
16:50:23 [AkkaRemoteClient-akka.actor.default-dispatcher-3] FATAL com.i2i.Client - Amount: 884
16:50:24 [AkkaRemoteClient-akka.actor.default-dispatcher-3] INFO  com.i2i.Client - MSISDN: 535
16:50:24 [AkkaRemoteClient-akka.actor.default-dispatcher-3] WARN  com.i2i.Client - Location: TURKEY
16:50:24 [AkkaRemoteClient-akka.actor.default-dispatcher-3] ERROR com.i2i.Client - Service: DATA
16:50:24 [AkkaRemoteClient-akka.actor.default-dispatcher-3] FATAL com.i2i.Client - Amount: 63407335
16:50:25 [AkkaRemoteClient-akka.actor.default-dispatcher-3] INFO  com.i2i.Client - MSISDN: 535
16:50:25 [AkkaRemoteClient-akka.actor.default-dispatcher-3] WARN  com.i2i.Client - Location: OTHER
16:50:25 [AkkaRemoteClient-akka.actor.default-dispatcher-3] ERROR com.i2i.Client - Service: DATA
16:50:25 [AkkaRemoteClient-akka.actor.default-dispatcher-3] FATAL com.i2i.Client - Amount: 983760907
16:50:25 [AkkaRemoteClient-akka.actor.default-dispatcher-3] INFO  com.i2i.Client - MSISDN: 535
16:50:25 [AkkaRemoteClient-akka.actor.default-dispatcher-3] WARN  com.i2i.Client - Location: NORTHERNCYPRUS
16:50:25 [AkkaRemoteClient-akka.actor.default-dispatcher-3] ERROR com.i2i.Client - Service: SMS
16:50:25 [AkkaRemoteClient-akka.actor.default-dispatcher-3] FATAL com.i2i.Client - Amount: 1
16:50:28 [AkkaRemoteClient-akka.actor.default-dispatcher-3] INFO  com.i2i.Client - MSISDN: 535
16:50:28 [AkkaRemoteClient-akka.actor.default-dispatcher-3] WARN  com.i2i.Client - Location: TURKEY
16:50:28 [AkkaRemoteClient-akka.actor.default-dispatcher-3] ERROR com.i2i.Client - Service: SMS
16:50:28 [AkkaRemoteClient-akka.actor.default-dispatcher-3] FATAL com.i2i.Client - Amount: 1
16:50:28 [AkkaRemoteClient-akka.actor.default-dispatcher-3] INFO  com.i2i.Client - MSISDN: 535
16:50:28 [AkkaRemoteClient-akka.actor.default-dispatcher-3] WARN  com.i2i.Client - Location: NORTHAMERICA
16:50:28 [AkkaRemoteClient-akka.actor.default-dispatcher-3] ERROR com.i2i.Client - Service: DATA
16:50:28 [AkkaRemoteClient-akka.actor.default-dispatcher-3] FATAL com.i2i.Client - Amount: 609113653
16:50:31 [AkkaRemoteClient-akka.actor.default-dispatcher-3] INFO  com.i2i.Client - MSISDN: 535
16:50:31 [AkkaRemoteClient-akka.actor.default-dispatcher-3] WARN  com.i2i.Client - Location: TURKEY
16:50:31 [AkkaRemoteClient-akka.actor.default-dispatcher-3] ERROR com.i2i.Client - Service: VOICE
16:50:31 [AkkaRemoteClient-akka.actor.default-dispatcher-3] FATAL com.i2i.Client - Amount: 2106
16:50:31 [AkkaRemoteClient-akka.actor.default-dispatcher-3] INFO  com.i2i.Client - MSISDN: 535
16:50:31 [AkkaRemoteClient-akka.actor.default-dispatcher-3] WARN  com.i2i.Client - Location: NORTHERNCYPRUS
16:50:31 [AkkaRemoteClient-akka.actor.default-dispatcher-3] ERROR com.i2i.Client - Service: VOICE
16:50:31 [AkkaRemoteClient-akka.actor.default-dispatcher-3] FATAL com.i2i.Client - Amount: 1431
16:50:31 [AkkaRemoteClient-akka.actor.default-dispatcher-3] INFO  com.i2i.Client - MSISDN: 535
16:50:31 [AkkaRemoteClient-akka.actor.default-dispatcher-3] WARN  com.i2i.Client - Location: TURKEY
16:50:31 [AkkaRemoteClient-akka.actor.default-dispatcher-3] ERROR com.i2i.Client - Service: DATA
16:50:31 [AkkaRemoteClient-akka.actor.default-dispatcher-3] FATAL com.i2i.Client - Amount: 311032683
16:50:32 [AkkaRemoteClient-akka.actor.default-dispatcher-3] INFO  com.i2i.Client - MSISDN: 535
16:50:32 [AkkaRemoteClient-akka.actor.default-dispatcher-3] WARN  com.i2i.Client - Location: TURKEY
16:50:32 [AkkaRemoteClient-akka.actor.default-dispatcher-3] ERROR com.i2i.Client - Service: SMS
16:50:32 [AkkaRemoteClient-akka.actor.default-dispatcher-3] FATAL com.i2i.Client - Amount: 1
16:50:32 [AkkaRemoteClient-akka.actor.default-dispatcher-3] INFO  com.i2i.Client - MSISDN: 535
16:50:32 [AkkaRemoteClient-akka.actor.default-dispatcher-3] WARN  com.i2i.Client - Location: TURKEY
16:50:32 [AkkaRemoteClient-akka.actor.default-dispatcher-3] ERROR com.i2i.Client - Service: SMS
16:50:32 [AkkaRemoteClient-akka.actor.default-dispatcher-3] FATAL com.i2i.Client - Amount: 1
16:50:33 [AkkaRemoteClient-akka.actor.default-dispatcher-3] INFO  com.i2i.Client - MSISDN: 535
16:50:33 [AkkaRemoteClient-akka.actor.default-dispatcher-3] WARN  com.i2i.Client - Location: MIDDLEEAST
16:50:33 [AkkaRemoteClient-akka.actor.default-dispatcher-3] ERROR com.i2i.Client - Service: SMS
16:50:33 [AkkaRemoteClient-akka.actor.default-dispatcher-3] FATAL com.i2i.Client - Amount: 1
16:50:34 [AkkaRemoteClient-akka.actor.default-dispatcher-3] INFO  com.i2i.Client - MSISDN: 535
16:50:34 [AkkaRemoteClient-akka.actor.default-dispatcher-3] WARN  com.i2i.Client - Location: NORTHERNCYPRUS
16:50:34 [AkkaRemoteClient-akka.actor.default-dispatcher-3] ERROR com.i2i.Client - Service: DATA
16:50:34 [AkkaRemoteClient-akka.actor.default-dispatcher-3] FATAL com.i2i.Client - Amount: 971647834
16:50:34 [AkkaRemoteClient-akka.actor.default-dispatcher-3] INFO  com.i2i.Client - MSISDN: 535
16:50:34 [AkkaRemoteClient-akka.actor.default-dispatcher-3] WARN  com.i2i.Client - Location: EUROPE
16:50:34 [AkkaRemoteClient-akka.actor.default-dispatcher-3] ERROR com.i2i.Client - Service: SMS
16:50:34 [AkkaRemoteClient-akka.actor.default-dispatcher-3] FATAL com.i2i.Client - Amount: 1
16:50:34 [AkkaRemoteClient-akka.actor.default-dispatcher-3] INFO  com.i2i.Client - MSISDN: 535
16:50:34 [AkkaRemoteClient-akka.actor.default-dispatcher-3] WARN  com.i2i.Client - Location: EUROPE
16:50:34 [AkkaRemoteClient-akka.actor.default-dispatcher-3] ERROR com.i2i.Client - Service: DATA
16:50:34 [AkkaRemoteClient-akka.actor.default-dispatcher-3] FATAL com.i2i.Client - Amount: 850832551
16:50:35 [AkkaRemoteClient-akka.actor.default-dispatcher-3] INFO  com.i2i.Client - MSISDN: 535
16:50:35 [AkkaRemoteClient-akka.actor.default-dispatcher-3] WARN  com.i2i.Client - Location: EUROPE
16:50:35 [AkkaRemoteClient-akka.actor.default-dispatcher-3] ERROR com.i2i.Client - Service: DATA
16:50:35 [AkkaRemoteClient-akka.actor.default-dispatcher-3] FATAL com.i2i.Client - Amount: 419037715
16:50:35 [AkkaRemoteClient-akka.actor.default-dispatcher-3] INFO  com.i2i.Client - MSISDN: 535
16:50:35 [AkkaRemoteClient-akka.actor.default-dispatcher-3] WARN  com.i2i.Client - Location: TURKEY
16:50:35 [AkkaRemoteClient-akka.actor.default-dispatcher-3] ERROR com.i2i.Client - Service: SMS
16:50:35 [AkkaRemoteClient-akka.actor.default-dispatcher-3] FATAL com.i2i.Client - Amount: 1
16:50:35 [AkkaRemoteClient-akka.actor.default-dispatcher-3] INFO  com.i2i.Client - MSISDN: 535
16:50:35 [AkkaRemoteClient-akka.actor.default-dispatcher-3] WARN  com.i2i.Client - Location: TURKEY
16:50:35 [AkkaRemoteClient-akka.actor.default-dispatcher-3] ERROR com.i2i.Client - Service: DATA
16:50:35 [AkkaRemoteClient-akka.actor.default-dispatcher-3] FATAL com.i2i.Client - Amount: 1261245634
16:50:36 [AkkaRemoteClient-akka.actor.default-dispatcher-3] INFO  com.i2i.Client - MSISDN: 535
16:50:36 [AkkaRemoteClient-akka.actor.default-dispatcher-3] WARN  com.i2i.Client - Location: MIDDLEEAST
16:50:36 [AkkaRemoteClient-akka.actor.default-dispatcher-3] ERROR com.i2i.Client - Service: VOICE
16:50:36 [AkkaRemoteClient-akka.actor.default-dispatcher-3] FATAL com.i2i.Client - Amount: 1317
16:50:37 [AkkaRemoteClient-akka.actor.default-dispatcher-3] INFO  com.i2i.Client - MSISDN: 535
16:50:37 [AkkaRemoteClient-akka.actor.default-dispatcher-3] WARN  com.i2i.Client - Location: NORTHERNCYPRUS
16:50:37 [AkkaRemoteClient-akka.actor.default-dispatcher-3] ERROR com.i2i.Client - Service: DATA
16:50:37 [AkkaRemoteClient-akka.actor.default-dispatcher-3] FATAL com.i2i.Client - Amount: 610775186
16:50:38 [AkkaRemoteClient-akka.actor.default-dispatcher-3] INFO  com.i2i.Client - MSISDN: 535
16:50:38 [AkkaRemoteClient-akka.actor.default-dispatcher-3] WARN  com.i2i.Client - Location: NORTHAMERICA
16:50:38 [AkkaRemoteClient-akka.actor.default-dispatcher-3] ERROR com.i2i.Client - Service: SMS
16:50:38 [AkkaRemoteClient-akka.actor.default-dispatcher-3] FATAL com.i2i.Client - Amount: 1
16:50:39 [AkkaRemoteClient-akka.actor.default-dispatcher-3] INFO  com.i2i.Client - MSISDN: 535
16:50:39 [AkkaRemoteClient-akka.actor.default-dispatcher-3] WARN  com.i2i.Client - Location: TURKEY
16:50:39 [AkkaRemoteClient-akka.actor.default-dispatcher-3] ERROR com.i2i.Client - Service: DATA
16:50:39 [AkkaRemoteClient-akka.actor.default-dispatcher-3] FATAL com.i2i.Client - Amount: 341465730
16:50:39 [AkkaRemoteClient-akka.actor.default-dispatcher-3] INFO  com.i2i.Client - MSISDN: 535
16:50:39 [AkkaRemoteClient-akka.actor.default-dispatcher-3] WARN  com.i2i.Client - Location: TURKEY
16:50:39 [AkkaRemoteClient-akka.actor.default-dispatcher-3] ERROR com.i2i.Client - Service: DATA
16:50:39 [AkkaRemoteClient-akka.actor.default-dispatcher-3] FATAL com.i2i.Client - Amount: 250437496
16:50:39 [AkkaRemoteClient-akka.actor.default-dispatcher-3] INFO  com.i2i.Client - MSISDN: 535
16:50:39 [AkkaRemoteClient-akka.actor.default-dispatcher-3] WARN  com.i2i.Client - Location: TURKEY
16:50:39 [AkkaRemoteClient-akka.actor.default-dispatcher-3] ERROR com.i2i.Client - Service: VOICE
16:50:39 [AkkaRemoteClient-akka.actor.default-dispatcher-3] FATAL com.i2i.Client - Amount: 1698
16:50:40 [AkkaRemoteClient-akka.actor.default-dispatcher-3] INFO  com.i2i.Client - MSISDN: 535
16:50:40 [AkkaRemoteClient-akka.actor.default-dispatcher-3] WARN  com.i2i.Client - Location: TURKEY
16:50:40 [AkkaRemoteClient-akka.actor.default-dispatcher-3] ERROR com.i2i.Client - Service: VOICE
16:50:40 [AkkaRemoteClient-akka.actor.default-dispatcher-3] FATAL com.i2i.Client - Amount: 412
16:50:42 [AkkaRemoteClient-akka.actor.default-dispatcher-3] INFO  com.i2i.Client - MSISDN: 535
16:50:42 [AkkaRemoteClient-akka.actor.default-dispatcher-3] WARN  com.i2i.Client - Location: TURKEY
16:50:42 [AkkaRemoteClient-akka.actor.default-dispatcher-3] ERROR com.i2i.Client - Service: SMS
16:50:42 [AkkaRemoteClient-akka.actor.default-dispatcher-3] FATAL com.i2i.Client - Amount: 1
16:50:42 [AkkaRemoteClient-akka.actor.default-dispatcher-3] INFO  com.i2i.Client - MSISDN: 535
16:50:42 [AkkaRemoteClient-akka.actor.default-dispatcher-3] WARN  com.i2i.Client - Location: TURKEY
16:50:42 [AkkaRemoteClient-akka.actor.default-dispatcher-3] ERROR com.i2i.Client - Service: VOICE
16:50:42 [AkkaRemoteClient-akka.actor.default-dispatcher-3] FATAL com.i2i.Client - Amount: 315
16:50:42 [AkkaRemoteClient-akka.actor.default-dispatcher-3] INFO  com.i2i.Client - MSISDN: 535
16:50:42 [AkkaRemoteClient-akka.actor.default-dispatcher-3] WARN  com.i2i.Client - Location: TURKEY
16:50:42 [AkkaRemoteClient-akka.actor.default-dispatcher-3] ERROR com.i2i.Client - Service: VOICE
16:50:42 [AkkaRemoteClient-akka.actor.default-dispatcher-3] FATAL com.i2i.Client - Amount: 1071
16:50:43 [AkkaRemoteClient-akka.actor.default-dispatcher-3] INFO  com.i2i.Client - MSISDN: 535
16:50:43 [AkkaRemoteClient-akka.actor.default-dispatcher-3] WARN  com.i2i.Client - Location: NORTHAMERICA
16:50:43 [AkkaRemoteClient-akka.actor.default-dispatcher-3] ERROR com.i2i.Client - Service: DATA
16:50:43 [AkkaRemoteClient-akka.actor.default-dispatcher-3] FATAL com.i2i.Client - Amount: 706864648
16:50:43 [AkkaRemoteClient-akka.actor.default-dispatcher-3] INFO  com.i2i.Client - MSISDN: 535
16:50:43 [AkkaRemoteClient-akka.actor.default-dispatcher-3] WARN  com.i2i.Client - Location: TURKEY
16:50:43 [AkkaRemoteClient-akka.actor.default-dispatcher-3] ERROR com.i2i.Client - Service: DATA
16:50:43 [AkkaRemoteClient-akka.actor.default-dispatcher-3] FATAL com.i2i.Client - Amount: 714958096
16:50:44 [AkkaRemoteClient-akka.actor.default-dispatcher-3] INFO  com.i2i.Client - MSISDN: 535
16:50:44 [AkkaRemoteClient-akka.actor.default-dispatcher-3] WARN  com.i2i.Client - Location: TURKEY
16:50:44 [AkkaRemoteClient-akka.actor.default-dispatcher-3] ERROR com.i2i.Client - Service: SMS
16:50:44 [AkkaRemoteClient-akka.actor.default-dispatcher-3] FATAL com.i2i.Client - Amount: 1
16:50:46 [AkkaRemoteClient-akka.actor.default-dispatcher-3] INFO  com.i2i.Client - MSISDN: 535
16:50:46 [AkkaRemoteClient-akka.actor.default-dispatcher-3] WARN  com.i2i.Client - Location: TURKEY
16:50:46 [AkkaRemoteClient-akka.actor.default-dispatcher-3] ERROR com.i2i.Client - Service: VOICE
16:50:46 [AkkaRemoteClient-akka.actor.default-dispatcher-3] FATAL com.i2i.Client - Amount: 698
16:50:46 [AkkaRemoteClient-akka.actor.default-dispatcher-3] INFO  com.i2i.Client - MSISDN: 535
16:50:46 [AkkaRemoteClient-akka.actor.default-dispatcher-3] WARN  com.i2i.Client - Location: TURKEY
16:50:46 [AkkaRemoteClient-akka.actor.default-dispatcher-3] ERROR com.i2i.Client - Service: VOICE
16:50:46 [AkkaRemoteClient-akka.actor.default-dispatcher-3] FATAL com.i2i.Client - Amount: 3549
16:50:47 [AkkaRemoteClient-akka.actor.default-dispatcher-3] INFO  com.i2i.Client - MSISDN: 535
16:50:47 [AkkaRemoteClient-akka.actor.default-dispatcher-3] WARN  com.i2i.Client - Location: TURKEY
16:50:47 [AkkaRemoteClient-akka.actor.default-dispatcher-3] ERROR com.i2i.Client - Service: SMS
16:50:47 [AkkaRemoteClient-akka.actor.default-dispatcher-3] FATAL com.i2i.Client - Amount: 1
16:50:47 [AkkaRemoteClient-akka.actor.default-dispatcher-3] INFO  com.i2i.Client - MSISDN: 535
16:50:47 [AkkaRemoteClient-akka.actor.default-dispatcher-3] WARN  com.i2i.Client - Location: TURKEY
16:50:47 [AkkaRemoteClient-akka.actor.default-dispatcher-3] ERROR com.i2i.Client - Service: SMS
16:50:47 [AkkaRemoteClient-akka.actor.default-dispatcher-3] FATAL com.i2i.Client - Amount: 1
16:50:48 [AkkaRemoteClient-akka.actor.default-dispatcher-3] INFO  com.i2i.Client - MSISDN: 535
16:50:48 [AkkaRemoteClient-akka.actor.default-dispatcher-3] WARN  com.i2i.Client - Location: TURKEY
16:50:48 [AkkaRemoteClient-akka.actor.default-dispatcher-3] ERROR com.i2i.Client - Service: DATA
16:50:48 [AkkaRemoteClient-akka.actor.default-dispatcher-3] FATAL com.i2i.Client - Amount: 112904605
16:50:48 [AkkaRemoteClient-akka.actor.default-dispatcher-3] INFO  com.i2i.Client - MSISDN: 535
16:50:48 [AkkaRemoteClient-akka.actor.default-dispatcher-3] WARN  com.i2i.Client - Location: TURKEY
16:50:48 [AkkaRemoteClient-akka.actor.default-dispatcher-3] ERROR com.i2i.Client - Service: SMS
16:50:48 [AkkaRemoteClient-akka.actor.default-dispatcher-3] FATAL com.i2i.Client - Amount: 1
16:50:48 [AkkaRemoteClient-akka.actor.default-dispatcher-3] INFO  com.i2i.Client - MSISDN: 535
16:50:48 [AkkaRemoteClient-akka.actor.default-dispatcher-3] WARN  com.i2i.Client - Location: TURKEY
16:50:48 [AkkaRemoteClient-akka.actor.default-dispatcher-3] ERROR com.i2i.Client - Service: SMS
16:50:48 [AkkaRemoteClient-akka.actor.default-dispatcher-3] FATAL com.i2i.Client - Amount: 1
16:50:49 [AkkaRemoteClient-akka.actor.default-dispatcher-3] INFO  com.i2i.Client - MSISDN: 535
16:50:49 [AkkaRemoteClient-akka.actor.default-dispatcher-3] WARN  com.i2i.Client - Location: TURKEY
16:50:49 [AkkaRemoteClient-akka.actor.default-dispatcher-3] ERROR com.i2i.Client - Service: VOICE
16:50:49 [AkkaRemoteClient-akka.actor.default-dispatcher-3] FATAL com.i2i.Client - Amount: 1465
16:50:49 [AkkaRemoteClient-akka.actor.default-dispatcher-3] INFO  com.i2i.Client - MSISDN: 535
16:50:49 [AkkaRemoteClient-akka.actor.default-dispatcher-3] WARN  com.i2i.Client - Location: TURKEY
16:50:49 [AkkaRemoteClient-akka.actor.default-dispatcher-3] ERROR com.i2i.Client - Service: SMS
16:50:49 [AkkaRemoteClient-akka.actor.default-dispatcher-3] FATAL com.i2i.Client - Amount: 1
16:50:50 [AkkaRemoteClient-akka.actor.default-dispatcher-3] INFO  com.i2i.Client - MSISDN: 535
16:50:50 [AkkaRemoteClient-akka.actor.default-dispatcher-3] WARN  com.i2i.Client - Location: TURKEY
16:50:50 [AkkaRemoteClient-akka.actor.default-dispatcher-3] ERROR com.i2i.Client - Service: DATA
16:50:50 [AkkaRemoteClient-akka.actor.default-dispatcher-3] FATAL com.i2i.Client - Amount: 1000482976
16:50:51 [AkkaRemoteClient-akka.actor.default-dispatcher-3] INFO  com.i2i.Client - MSISDN: 535
16:50:51 [AkkaRemoteClient-akka.actor.default-dispatcher-3] WARN  com.i2i.Client - Location: TURKEY
16:50:51 [AkkaRemoteClient-akka.actor.default-dispatcher-3] ERROR com.i2i.Client - Service: VOICE
16:50:51 [AkkaRemoteClient-akka.actor.default-dispatcher-3] FATAL com.i2i.Client - Amount: 2211
16:50:51 [AkkaRemoteClient-akka.actor.default-dispatcher-3] INFO  com.i2i.Client - MSISDN: 535
16:50:51 [AkkaRemoteClient-akka.actor.default-dispatcher-3] WARN  com.i2i.Client - Location: TURKEY
16:50:51 [AkkaRemoteClient-akka.actor.default-dispatcher-3] ERROR com.i2i.Client - Service: SMS
16:50:51 [AkkaRemoteClient-akka.actor.default-dispatcher-3] FATAL com.i2i.Client - Amount: 1
16:50:53 [AkkaRemoteClient-akka.actor.default-dispatcher-3] INFO  com.i2i.Client - MSISDN: 535
16:50:53 [AkkaRemoteClient-akka.actor.default-dispatcher-3] WARN  com.i2i.Client - Location: RUSSIA
16:50:53 [AkkaRemoteClient-akka.actor.default-dispatcher-3] ERROR com.i2i.Client - Service: VOICE
16:50:53 [AkkaRemoteClient-akka.actor.default-dispatcher-3] FATAL com.i2i.Client - Amount: 453
16:50:53 [AkkaRemoteClient-akka.actor.default-dispatcher-3] INFO  com.i2i.Client - MSISDN: 535
16:50:53 [AkkaRemoteClient-akka.actor.default-dispatcher-3] WARN  com.i2i.Client - Location: TURKEY
16:50:53 [AkkaRemoteClient-akka.actor.default-dispatcher-3] ERROR com.i2i.Client - Service: SMS
16:50:53 [AkkaRemoteClient-akka.actor.default-dispatcher-3] FATAL com.i2i.Client - Amount: 1
16:50:53 [AkkaRemoteClient-akka.actor.default-dispatcher-3] INFO  com.i2i.Client - MSISDN: 535
16:50:53 [AkkaRemoteClient-akka.actor.default-dispatcher-3] WARN  com.i2i.Client - Location: TURKEY
16:50:53 [AkkaRemoteClient-akka.actor.default-dispatcher-3] ERROR com.i2i.Client - Service: SMS
16:50:53 [AkkaRemoteClient-akka.actor.default-dispatcher-3] FATAL com.i2i.Client - Amount: 1
16:50:54 [AkkaRemoteClient-akka.actor.default-dispatcher-3] INFO  com.i2i.Client - MSISDN: 535
16:50:54 [AkkaRemoteClient-akka.actor.default-dispatcher-3] WARN  com.i2i.Client - Location: TURKEY
16:50:54 [AkkaRemoteClient-akka.actor.default-dispatcher-3] ERROR com.i2i.Client - Service: SMS
16:50:54 [AkkaRemoteClient-akka.actor.default-dispatcher-3] FATAL com.i2i.Client - Amount: 1
16:50:56 [AkkaRemoteClient-akka.actor.default-dispatcher-3] INFO  com.i2i.Client - MSISDN: 535
16:50:56 [AkkaRemoteClient-akka.actor.default-dispatcher-3] WARN  com.i2i.Client - Location: NORTHERNCYPRUS
16:50:56 [AkkaRemoteClient-akka.actor.default-dispatcher-3] ERROR com.i2i.Client - Service: VOICE
16:50:56 [AkkaRemoteClient-akka.actor.default-dispatcher-3] FATAL com.i2i.Client - Amount: 937
16:50:56 [AkkaRemoteClient-akka.actor.default-dispatcher-3] INFO  com.i2i.Client - MSISDN: 535
16:50:56 [AkkaRemoteClient-akka.actor.default-dispatcher-3] WARN  com.i2i.Client - Location: TURKEY
16:50:56 [AkkaRemoteClient-akka.actor.default-dispatcher-3] ERROR com.i2i.Client - Service: SMS
16:50:56 [AkkaRemoteClient-akka.actor.default-dispatcher-3] FATAL com.i2i.Client - Amount: 1
16:50:57 [AkkaRemoteClient-akka.actor.default-dispatcher-3] INFO  com.i2i.Client - MSISDN: 535
16:50:57 [AkkaRemoteClient-akka.actor.default-dispatcher-3] WARN  com.i2i.Client - Location: TURKEY
16:50:57 [AkkaRemoteClient-akka.actor.default-dispatcher-3] ERROR com.i2i.Client - Service: DATA
16:50:57 [AkkaRemoteClient-akka.actor.default-dispatcher-3] FATAL com.i2i.Client - Amount: 737105853
16:50:57 [AkkaRemoteClient-akka.actor.default-dispatcher-3] INFO  com.i2i.Client - MSISDN: 535
16:50:57 [AkkaRemoteClient-akka.actor.default-dispatcher-3] WARN  com.i2i.Client - Location: TURKEY
16:50:57 [AkkaRemoteClient-akka.actor.default-dispatcher-3] ERROR com.i2i.Client - Service: VOICE
16:50:57 [AkkaRemoteClient-akka.actor.default-dispatcher-3] FATAL com.i2i.Client - Amount: 2738
16:50:58 [AkkaRemoteClient-akka.actor.default-dispatcher-3] INFO  com.i2i.Client - MSISDN: 535
16:50:58 [AkkaRemoteClient-akka.actor.default-dispatcher-3] WARN  com.i2i.Client - Location: MIDDLEEAST
16:50:58 [AkkaRemoteClient-akka.actor.default-dispatcher-3] ERROR com.i2i.Client - Service: SMS
16:50:58 [AkkaRemoteClient-akka.actor.default-dispatcher-3] FATAL com.i2i.Client - Amount: 1
16:50:58 [AkkaRemoteClient-akka.actor.default-dispatcher-3] INFO  com.i2i.Client - MSISDN: 535
16:50:58 [AkkaRemoteClient-akka.actor.default-dispatcher-3] WARN  com.i2i.Client - Location: TURKEY
16:50:58 [AkkaRemoteClient-akka.actor.default-dispatcher-3] ERROR com.i2i.Client - Service: VOICE
16:50:58 [AkkaRemoteClient-akka.actor.default-dispatcher-3] FATAL com.i2i.Client - Amount: 1150
16:50:59 [AkkaRemoteClient-akka.actor.default-dispatcher-3] INFO  com.i2i.Client - MSISDN: 535
16:50:59 [AkkaRemoteClient-akka.actor.default-dispatcher-3] WARN  com.i2i.Client - Location: OTHER
16:50:59 [AkkaRemoteClient-akka.actor.default-dispatcher-3] ERROR com.i2i.Client - Service: DATA
16:50:59 [AkkaRemoteClient-akka.actor.default-dispatcher-3] FATAL com.i2i.Client - Amount: 933714634
16:50:59 [AkkaRemoteClient-akka.actor.default-dispatcher-3] INFO  com.i2i.Client - MSISDN: 535
16:50:59 [AkkaRemoteClient-akka.actor.default-dispatcher-3] WARN  com.i2i.Client - Location: OTHER
16:50:59 [AkkaRemoteClient-akka.actor.default-dispatcher-3] ERROR com.i2i.Client - Service: DATA
16:50:59 [AkkaRemoteClient-akka.actor.default-dispatcher-3] FATAL com.i2i.Client - Amount: 1039849310
16:50:59 [AkkaRemoteClient-akka.actor.default-dispatcher-3] INFO  com.i2i.Client - MSISDN: 535
16:50:59 [AkkaRemoteClient-akka.actor.default-dispatcher-3] WARN  com.i2i.Client - Location: OTHER
16:50:59 [AkkaRemoteClient-akka.actor.default-dispatcher-3] ERROR com.i2i.Client - Service: SMS
16:50:59 [AkkaRemoteClient-akka.actor.default-dispatcher-3] FATAL com.i2i.Client - Amount: 1
