15:08:07 [AkkaRemoteClient-akka.actor.default-dispatcher-4] INFO  com.i2i.Client - MSISDN: 542
15:08:07 [AkkaRemoteClient-akka.actor.default-dispatcher-4] WARN  com.i2i.Client - Location: TURKEY
15:08:07 [AkkaRemoteClient-akka.actor.default-dispatcher-4] ERROR com.i2i.Client - Service: SMS
15:08:07 [AkkaRemoteClient-akka.actor.default-dispatcher-4] FATAL com.i2i.Client - Amount: 1
15:08:07 [AkkaRemoteClient-akka.actor.default-dispatcher-4] INFO  com.i2i.Client - MSISDN: 542
15:08:07 [AkkaRemoteClient-akka.actor.default-dispatcher-4] WARN  com.i2i.Client - Location: MIDDLEEAST
15:08:07 [AkkaRemoteClient-akka.actor.default-dispatcher-4] ERROR com.i2i.Client - Service: VOICE
15:08:07 [AkkaRemoteClient-akka.actor.default-dispatcher-4] FATAL com.i2i.Client - Amount: 1116
15:08:08 [AkkaRemoteClient-akka.actor.default-dispatcher-4] INFO  com.i2i.Client - MSISDN: 542
15:08:08 [AkkaRemoteClient-akka.actor.default-dispatcher-4] WARN  com.i2i.Client - Location: TURKEY
15:08:08 [AkkaRemoteClient-akka.actor.default-dispatcher-4] ERROR com.i2i.Client - Service: DATA
15:08:08 [AkkaRemoteClient-akka.actor.default-dispatcher-4] FATAL com.i2i.Client - Amount: 1158607989
15:08:12 [AkkaRemoteClient-akka.actor.default-dispatcher-4] INFO  com.i2i.Client - MSISDN: 542
15:08:12 [AkkaRemoteClient-akka.actor.default-dispatcher-4] WARN  com.i2i.Client - Location: TURKEY
15:08:12 [AkkaRemoteClient-akka.actor.default-dispatcher-4] ERROR com.i2i.Client - Service: SMS
15:08:12 [AkkaRemoteClient-akka.actor.default-dispatcher-4] FATAL com.i2i.Client - Amount: 1
15:08:12 [AkkaRemoteClient-akka.actor.default-dispatcher-4] INFO  com.i2i.Client - MSISDN: 542
15:08:12 [AkkaRemoteClient-akka.actor.default-dispatcher-4] WARN  com.i2i.Client - Location: NORTHAMERICA
15:08:12 [AkkaRemoteClient-akka.actor.default-dispatcher-4] ERROR com.i2i.Client - Service: SMS
15:08:12 [AkkaRemoteClient-akka.actor.default-dispatcher-4] FATAL com.i2i.Client - Amount: 1
15:08:13 [AkkaRemoteClient-akka.actor.default-dispatcher-4] INFO  com.i2i.Client - MSISDN: 542
15:08:13 [AkkaRemoteClient-akka.actor.default-dispatcher-4] WARN  com.i2i.Client - Location: MIDDLEEAST
15:08:13 [AkkaRemoteClient-akka.actor.default-dispatcher-4] ERROR com.i2i.Client - Service: VOICE
15:08:13 [AkkaRemoteClient-akka.actor.default-dispatcher-4] FATAL com.i2i.Client - Amount: 3269
15:08:15 [AkkaRemoteClient-akka.actor.default-dispatcher-4] INFO  com.i2i.Client - MSISDN: 542
15:08:15 [AkkaRemoteClient-akka.actor.default-dispatcher-4] WARN  com.i2i.Client - Location: TURKEY
15:08:15 [AkkaRemoteClient-akka.actor.default-dispatcher-4] ERROR com.i2i.Client - Service: DATA
15:08:15 [AkkaRemoteClient-akka.actor.default-dispatcher-4] FATAL com.i2i.Client - Amount: 1228198825
15:08:16 [AkkaRemoteClient-akka.actor.default-dispatcher-4] INFO  com.i2i.Client - MSISDN: 542
15:08:16 [AkkaRemoteClient-akka.actor.default-dispatcher-4] WARN  com.i2i.Client - Location: RUSSIA
15:08:16 [AkkaRemoteClient-akka.actor.default-dispatcher-4] ERROR com.i2i.Client - Service: DATA
15:08:16 [AkkaRemoteClient-akka.actor.default-dispatcher-4] FATAL com.i2i.Client - Amount: 1019206036
15:08:17 [AkkaRemoteClient-akka.actor.default-dispatcher-4] INFO  com.i2i.Client - MSISDN: 542
15:08:17 [AkkaRemoteClient-akka.actor.default-dispatcher-4] WARN  com.i2i.Client - Location: NORTHAMERICA
15:08:17 [AkkaRemoteClient-akka.actor.default-dispatcher-4] ERROR com.i2i.Client - Service: DATA
15:08:17 [AkkaRemoteClient-akka.actor.default-dispatcher-4] FATAL com.i2i.Client - Amount: 1173605442
15:08:18 [AkkaRemoteClient-akka.actor.default-dispatcher-4] INFO  com.i2i.Client - MSISDN: 542
15:08:18 [AkkaRemoteClient-akka.actor.default-dispatcher-4] WARN  com.i2i.Client - Location: MIDDLEEAST
15:08:18 [AkkaRemoteClient-akka.actor.default-dispatcher-4] ERROR com.i2i.Client - Service: SMS
15:08:18 [AkkaRemoteClient-akka.actor.default-dispatcher-4] FATAL com.i2i.Client - Amount: 1
