16:52:33 [AkkaRemoteClient-akka.actor.default-dispatcher-4] INFO  com.i2i.Client - MSISDN: 535
16:52:33 [AkkaRemoteClient-akka.actor.default-dispatcher-4] WARN  com.i2i.Client - Location: TURKEY
16:52:33 [AkkaRemoteClient-akka.actor.default-dispatcher-4] ERROR com.i2i.Client - Service: VOICE
16:52:33 [AkkaRemoteClient-akka.actor.default-dispatcher-4] FATAL com.i2i.Client - Amount: 770
16:52:38 [AkkaRemoteClient-akka.actor.default-dispatcher-4] INFO  com.i2i.Client - MSISDN: 535
16:52:38 [AkkaRemoteClient-akka.actor.default-dispatcher-4] WARN  com.i2i.Client - Location: TURKEY
16:52:38 [AkkaRemoteClient-akka.actor.default-dispatcher-4] ERROR com.i2i.Client - Service: SMS
16:52:38 [AkkaRemoteClient-akka.actor.default-dispatcher-4] FATAL com.i2i.Client - Amount: 1
16:52:40 [AkkaRemoteClient-akka.actor.default-dispatcher-4] INFO  com.i2i.Client - MSISDN: 535
16:52:40 [AkkaRemoteClient-akka.actor.default-dispatcher-4] WARN  com.i2i.Client - Location: RUSSIA
16:52:40 [AkkaRemoteClient-akka.actor.default-dispatcher-4] ERROR com.i2i.Client - Service: DATA
16:52:40 [AkkaRemoteClient-akka.actor.default-dispatcher-4] FATAL com.i2i.Client - Amount: 765545567
16:52:40 [AkkaRemoteClient-akka.actor.default-dispatcher-4] INFO  com.i2i.Client - MSISDN: 535
16:52:40 [AkkaRemoteClient-akka.actor.default-dispatcher-4] WARN  com.i2i.Client - Location: EUROPE
16:52:40 [AkkaRemoteClient-akka.actor.default-dispatcher-4] ERROR com.i2i.Client - Service: VOICE
16:52:40 [AkkaRemoteClient-akka.actor.default-dispatcher-4] FATAL com.i2i.Client - Amount: 988
16:52:41 [AkkaRemoteClient-akka.actor.default-dispatcher-4] INFO  com.i2i.Client - MSISDN: 535
16:52:41 [AkkaRemoteClient-akka.actor.default-dispatcher-4] WARN  com.i2i.Client - Location: TURKEY
16:52:41 [AkkaRemoteClient-akka.actor.default-dispatcher-4] ERROR com.i2i.Client - Service: SMS
16:52:41 [AkkaRemoteClient-akka.actor.default-dispatcher-4] FATAL com.i2i.Client - Amount: 1
16:52:41 [AkkaRemoteClient-akka.actor.default-dispatcher-4] INFO  com.i2i.Client - MSISDN: 535
16:52:41 [AkkaRemoteClient-akka.actor.default-dispatcher-4] WARN  com.i2i.Client - Location: TURKEY
16:52:41 [AkkaRemoteClient-akka.actor.default-dispatcher-4] ERROR com.i2i.Client - Service: VOICE
16:52:41 [AkkaRemoteClient-akka.actor.default-dispatcher-4] FATAL com.i2i.Client - Amount: 1247
16:52:43 [AkkaRemoteClient-akka.actor.default-dispatcher-4] INFO  com.i2i.Client - MSISDN: 535
16:52:43 [AkkaRemoteClient-akka.actor.default-dispatcher-4] WARN  com.i2i.Client - Location: TURKEY
16:52:43 [AkkaRemoteClient-akka.actor.default-dispatcher-4] ERROR com.i2i.Client - Service: VOICE
16:52:43 [AkkaRemoteClient-akka.actor.default-dispatcher-4] FATAL com.i2i.Client - Amount: 2033
16:52:43 [AkkaRemoteClient-akka.actor.default-dispatcher-4] INFO  com.i2i.Client - MSISDN: 535
16:52:43 [AkkaRemoteClient-akka.actor.default-dispatcher-4] WARN  com.i2i.Client - Location: TURKEY
16:52:43 [AkkaRemoteClient-akka.actor.default-dispatcher-4] ERROR com.i2i.Client - Service: VOICE
16:52:43 [AkkaRemoteClient-akka.actor.default-dispatcher-4] FATAL com.i2i.Client - Amount: 432
16:52:49 [AkkaRemoteClient-akka.actor.default-dispatcher-4] INFO  com.i2i.Client - MSISDN: 535
16:52:49 [AkkaRemoteClient-akka.actor.default-dispatcher-4] WARN  com.i2i.Client - Location: OTHER
16:52:49 [AkkaRemoteClient-akka.actor.default-dispatcher-4] ERROR com.i2i.Client - Service: SMS
16:52:49 [AkkaRemoteClient-akka.actor.default-dispatcher-4] FATAL com.i2i.Client - Amount: 1
16:52:50 [AkkaRemoteClient-akka.actor.default-dispatcher-4] INFO  com.i2i.Client - MSISDN: 535
16:52:50 [AkkaRemoteClient-akka.actor.default-dispatcher-4] WARN  com.i2i.Client - Location: TURKEY
16:52:50 [AkkaRemoteClient-akka.actor.default-dispatcher-4] ERROR com.i2i.Client - Service: VOICE
16:52:50 [AkkaRemoteClient-akka.actor.default-dispatcher-4] FATAL com.i2i.Client - Amount: 1511
16:52:50 [AkkaRemoteClient-akka.actor.default-dispatcher-4] INFO  com.i2i.Client - MSISDN: 535
16:52:50 [AkkaRemoteClient-akka.actor.default-dispatcher-4] WARN  com.i2i.Client - Location: OTHER
16:52:50 [AkkaRemoteClient-akka.actor.default-dispatcher-4] ERROR com.i2i.Client - Service: SMS
16:52:50 [AkkaRemoteClient-akka.actor.default-dispatcher-4] FATAL com.i2i.Client - Amount: 1
16:52:53 [AkkaRemoteClient-akka.actor.default-dispatcher-4] INFO  com.i2i.Client - MSISDN: 535
16:52:53 [AkkaRemoteClient-akka.actor.default-dispatcher-4] WARN  com.i2i.Client - Location: TURKEY
16:52:53 [AkkaRemoteClient-akka.actor.default-dispatcher-4] ERROR com.i2i.Client - Service: VOICE
16:52:53 [AkkaRemoteClient-akka.actor.default-dispatcher-4] FATAL com.i2i.Client - Amount: 2766
16:52:54 [AkkaRemoteClient-akka.actor.default-dispatcher-4] INFO  com.i2i.Client - MSISDN: 535
16:52:54 [AkkaRemoteClient-akka.actor.default-dispatcher-4] WARN  com.i2i.Client - Location: NORTHERNCYPRUS
16:52:54 [AkkaRemoteClient-akka.actor.default-dispatcher-4] ERROR com.i2i.Client - Service: VOICE
16:52:54 [AkkaRemoteClient-akka.actor.default-dispatcher-4] FATAL com.i2i.Client - Amount: 3030
16:52:54 [AkkaRemoteClient-akka.actor.default-dispatcher-4] INFO  com.i2i.Client - MSISDN: 535
16:52:54 [AkkaRemoteClient-akka.actor.default-dispatcher-4] WARN  com.i2i.Client - Location: TURKEY
16:52:54 [AkkaRemoteClient-akka.actor.default-dispatcher-4] ERROR com.i2i.Client - Service: VOICE
16:52:54 [AkkaRemoteClient-akka.actor.default-dispatcher-4] FATAL com.i2i.Client - Amount: 3361
16:52:55 [AkkaRemoteClient-akka.actor.default-dispatcher-4] INFO  com.i2i.Client - MSISDN: 535
16:52:55 [AkkaRemoteClient-akka.actor.default-dispatcher-4] WARN  com.i2i.Client - Location: TURKEY
16:52:55 [AkkaRemoteClient-akka.actor.default-dispatcher-4] ERROR com.i2i.Client - Service: DATA
16:52:55 [AkkaRemoteClient-akka.actor.default-dispatcher-4] FATAL com.i2i.Client - Amount: 1195096808
