18:12:56 [AkkaRemoteClient-akka.actor.default-dispatcher-4] INFO  com.i2i.Client - MSISDN: 5513852248
18:12:56 [AkkaRemoteClient-akka.actor.default-dispatcher-4] WARN  com.i2i.Client - Location: TURKEY
18:12:56 [AkkaRemoteClient-akka.actor.default-dispatcher-4] ERROR com.i2i.Client - Service: DATA
18:12:56 [AkkaRemoteClient-akka.actor.default-dispatcher-4] FATAL com.i2i.Client - Amount: 1101302141
18:12:59 [AkkaRemoteClient-akka.actor.default-dispatcher-4] INFO  com.i2i.Client - MSISDN: 3
18:12:59 [AkkaRemoteClient-akka.actor.default-dispatcher-4] WARN  com.i2i.Client - Location: TURKEY
18:12:59 [AkkaRemoteClient-akka.actor.default-dispatcher-4] ERROR com.i2i.Client - Service: SMS
18:12:59 [AkkaRemoteClient-akka.actor.default-dispatcher-4] FATAL com.i2i.Client - Amount: 1
18:13:00 [AkkaRemoteClient-akka.actor.default-dispatcher-4] INFO  com.i2i.Client - MSISDN: 3
18:13:00 [AkkaRemoteClient-akka.actor.default-dispatcher-4] WARN  com.i2i.Client - Location: EUROPE
18:13:00 [AkkaRemoteClient-akka.actor.default-dispatcher-4] ERROR com.i2i.Client - Service: SMS
18:13:00 [AkkaRemoteClient-akka.actor.default-dispatcher-4] FATAL com.i2i.Client - Amount: 1
18:13:00 [AkkaRemoteClient-akka.actor.default-dispatcher-4] INFO  com.i2i.Client - MSISDN: 5
18:13:00 [AkkaRemoteClient-akka.actor.default-dispatcher-4] WARN  com.i2i.Client - Location: TURKEY
18:13:00 [AkkaRemoteClient-akka.actor.default-dispatcher-4] ERROR com.i2i.Client - Service: SMS
18:13:00 [AkkaRemoteClient-akka.actor.default-dispatcher-4] FATAL com.i2i.Client - Amount: 1
18:13:01 [AkkaRemoteClient-akka.actor.default-dispatcher-4] INFO  com.i2i.Client - MSISDN: 7
18:13:01 [AkkaRemoteClient-akka.actor.default-dispatcher-4] WARN  com.i2i.Client - Location: TURKEY
18:13:01 [AkkaRemoteClient-akka.actor.default-dispatcher-4] ERROR com.i2i.Client - Service: SMS
18:13:01 [AkkaRemoteClient-akka.actor.default-dispatcher-4] FATAL com.i2i.Client - Amount: 1
18:13:01 [AkkaRemoteClient-akka.actor.default-dispatcher-4] INFO  com.i2i.Client - MSISDN: 2
18:13:01 [AkkaRemoteClient-akka.actor.default-dispatcher-4] WARN  com.i2i.Client - Location: TURKEY
18:13:01 [AkkaRemoteClient-akka.actor.default-dispatcher-4] ERROR com.i2i.Client - Service: SMS
18:13:01 [AkkaRemoteClient-akka.actor.default-dispatcher-4] FATAL com.i2i.Client - Amount: 1
18:13:05 [AkkaRemoteClient-akka.actor.default-dispatcher-4] INFO  com.i2i.Client - MSISDN: 5513852249
18:13:05 [AkkaRemoteClient-akka.actor.default-dispatcher-4] WARN  com.i2i.Client - Location: TURKEY
18:13:05 [AkkaRemoteClient-akka.actor.default-dispatcher-4] ERROR com.i2i.Client - Service: SMS
18:13:05 [AkkaRemoteClient-akka.actor.default-dispatcher-4] FATAL com.i2i.Client - Amount: 1
18:13:05 [AkkaRemoteClient-akka.actor.default-dispatcher-4] INFO  com.i2i.Client - MSISDN: 2
18:13:05 [AkkaRemoteClient-akka.actor.default-dispatcher-4] WARN  com.i2i.Client - Location: TURKEY
18:13:05 [AkkaRemoteClient-akka.actor.default-dispatcher-4] ERROR com.i2i.Client - Service: SMS
18:13:05 [AkkaRemoteClient-akka.actor.default-dispatcher-4] FATAL com.i2i.Client - Amount: 1
18:13:06 [AkkaRemoteClient-akka.actor.default-dispatcher-4] INFO  com.i2i.Client - MSISDN: 6
18:13:06 [AkkaRemoteClient-akka.actor.default-dispatcher-4] WARN  com.i2i.Client - Location: RUSSIA
18:13:06 [AkkaRemoteClient-akka.actor.default-dispatcher-4] ERROR com.i2i.Client - Service: SMS
18:13:06 [AkkaRemoteClient-akka.actor.default-dispatcher-4] FATAL com.i2i.Client - Amount: 1
18:13:07 [AkkaRemoteClient-akka.actor.default-dispatcher-4] INFO  com.i2i.Client - MSISDN: 10
18:13:07 [AkkaRemoteClient-akka.actor.default-dispatcher-4] WARN  com.i2i.Client - Location: TURKEY
18:13:07 [AkkaRemoteClient-akka.actor.default-dispatcher-4] ERROR com.i2i.Client - Service: VOICE
18:13:07 [AkkaRemoteClient-akka.actor.default-dispatcher-4] FATAL com.i2i.Client - Amount: 3499
18:13:08 [AkkaRemoteClient-akka.actor.default-dispatcher-4] INFO  com.i2i.Client - MSISDN: 5513852248
18:13:08 [AkkaRemoteClient-akka.actor.default-dispatcher-4] WARN  com.i2i.Client - Location: TURKEY
18:13:08 [AkkaRemoteClient-akka.actor.default-dispatcher-4] ERROR com.i2i.Client - Service: SMS
18:13:08 [AkkaRemoteClient-akka.actor.default-dispatcher-4] FATAL com.i2i.Client - Amount: 1
18:13:08 [AkkaRemoteClient-akka.actor.default-dispatcher-4] INFO  com.i2i.Client - MSISDN: 8
18:13:08 [AkkaRemoteClient-akka.actor.default-dispatcher-4] WARN  com.i2i.Client - Location: OTHER
18:13:08 [AkkaRemoteClient-akka.actor.default-dispatcher-4] ERROR com.i2i.Client - Service: SMS
18:13:08 [AkkaRemoteClient-akka.actor.default-dispatcher-4] FATAL com.i2i.Client - Amount: 1
18:13:12 [AkkaRemoteClient-akka.actor.default-dispatcher-4] INFO  com.i2i.Client - MSISDN: 6
18:13:12 [AkkaRemoteClient-akka.actor.default-dispatcher-4] WARN  com.i2i.Client - Location: TURKEY
18:13:12 [AkkaRemoteClient-akka.actor.default-dispatcher-4] ERROR com.i2i.Client - Service: VOICE
18:13:12 [AkkaRemoteClient-akka.actor.default-dispatcher-4] FATAL com.i2i.Client - Amount: 793
18:13:13 [AkkaRemoteClient-akka.actor.default-dispatcher-4] INFO  com.i2i.Client - MSISDN: 8
18:13:13 [AkkaRemoteClient-akka.actor.default-dispatcher-4] WARN  com.i2i.Client - Location: TURKEY
18:13:13 [AkkaRemoteClient-akka.actor.default-dispatcher-4] ERROR com.i2i.Client - Service: DATA
18:13:13 [AkkaRemoteClient-akka.actor.default-dispatcher-4] FATAL com.i2i.Client - Amount: 69069475
18:13:13 [AkkaRemoteClient-akka.actor.default-dispatcher-4] INFO  com.i2i.Client - MSISDN: 1
18:13:13 [AkkaRemoteClient-akka.actor.default-dispatcher-4] WARN  com.i2i.Client - Location: TURKEY
18:13:13 [AkkaRemoteClient-akka.actor.default-dispatcher-4] ERROR com.i2i.Client - Service: SMS
18:13:13 [AkkaRemoteClient-akka.actor.default-dispatcher-4] FATAL com.i2i.Client - Amount: 1
18:13:14 [AkkaRemoteClient-akka.actor.default-dispatcher-4] INFO  com.i2i.Client - MSISDN: 10
18:13:14 [AkkaRemoteClient-akka.actor.default-dispatcher-4] WARN  com.i2i.Client - Location: TURKEY
18:13:14 [AkkaRemoteClient-akka.actor.default-dispatcher-4] ERROR com.i2i.Client - Service: SMS
18:13:14 [AkkaRemoteClient-akka.actor.default-dispatcher-4] FATAL com.i2i.Client - Amount: 1
18:13:14 [AkkaRemoteClient-akka.actor.default-dispatcher-4] INFO  com.i2i.Client - MSISDN: 3
18:13:14 [AkkaRemoteClient-akka.actor.default-dispatcher-4] WARN  com.i2i.Client - Location: RUSSIA
18:13:14 [AkkaRemoteClient-akka.actor.default-dispatcher-4] ERROR com.i2i.Client - Service: VOICE
18:13:14 [AkkaRemoteClient-akka.actor.default-dispatcher-4] FATAL com.i2i.Client - Amount: 1598
18:13:15 [AkkaRemoteClient-akka.actor.default-dispatcher-4] INFO  com.i2i.Client - MSISDN: 11
18:13:15 [AkkaRemoteClient-akka.actor.default-dispatcher-4] WARN  com.i2i.Client - Location: OTHER
18:13:15 [AkkaRemoteClient-akka.actor.default-dispatcher-4] ERROR com.i2i.Client - Service: DATA
18:13:15 [AkkaRemoteClient-akka.actor.default-dispatcher-4] FATAL com.i2i.Client - Amount: 867134813
18:13:15 [AkkaRemoteClient-akka.actor.default-dispatcher-4] INFO  com.i2i.Client - MSISDN: 5
18:13:15 [AkkaRemoteClient-akka.actor.default-dispatcher-4] WARN  com.i2i.Client - Location: TURKEY
18:13:15 [AkkaRemoteClient-akka.actor.default-dispatcher-4] ERROR com.i2i.Client - Service: VOICE
18:13:15 [AkkaRemoteClient-akka.actor.default-dispatcher-4] FATAL com.i2i.Client - Amount: 2578
18:13:15 [AkkaRemoteClient-akka.actor.default-dispatcher-4] INFO  com.i2i.Client - MSISDN: 5513852248
18:13:15 [AkkaRemoteClient-akka.actor.default-dispatcher-4] WARN  com.i2i.Client - Location: TURKEY
18:13:15 [AkkaRemoteClient-akka.actor.default-dispatcher-4] ERROR com.i2i.Client - Service: DATA
18:13:15 [AkkaRemoteClient-akka.actor.default-dispatcher-4] FATAL com.i2i.Client - Amount: 1194068610
18:13:15 [AkkaRemoteClient-akka.actor.default-dispatcher-4] INFO  com.i2i.Client - MSISDN: 7
18:13:15 [AkkaRemoteClient-akka.actor.default-dispatcher-4] WARN  com.i2i.Client - Location: TURKEY
18:13:15 [AkkaRemoteClient-akka.actor.default-dispatcher-4] ERROR com.i2i.Client - Service: VOICE
18:13:15 [AkkaRemoteClient-akka.actor.default-dispatcher-4] FATAL com.i2i.Client - Amount: 1664
18:13:16 [AkkaRemoteClient-akka.actor.default-dispatcher-4] INFO  com.i2i.Client - MSISDN: 5
18:13:16 [AkkaRemoteClient-akka.actor.default-dispatcher-4] WARN  com.i2i.Client - Location: NORTHERNCYPRUS
18:13:16 [AkkaRemoteClient-akka.actor.default-dispatcher-4] ERROR com.i2i.Client - Service: DATA
18:13:16 [AkkaRemoteClient-akka.actor.default-dispatcher-4] FATAL com.i2i.Client - Amount: 961746593
18:13:16 [AkkaRemoteClient-akka.actor.default-dispatcher-4] INFO  com.i2i.Client - MSISDN: 8
18:13:16 [AkkaRemoteClient-akka.actor.default-dispatcher-4] WARN  com.i2i.Client - Location: TURKEY
18:13:16 [AkkaRemoteClient-akka.actor.default-dispatcher-4] ERROR com.i2i.Client - Service: SMS
18:13:16 [AkkaRemoteClient-akka.actor.default-dispatcher-4] FATAL com.i2i.Client - Amount: 1
18:13:16 [AkkaRemoteClient-akka.actor.default-dispatcher-4] INFO  com.i2i.Client - MSISDN: 5
18:13:16 [AkkaRemoteClient-akka.actor.default-dispatcher-4] WARN  com.i2i.Client - Location: TURKEY
18:13:16 [AkkaRemoteClient-akka.actor.default-dispatcher-4] ERROR com.i2i.Client - Service: VOICE
18:13:16 [AkkaRemoteClient-akka.actor.default-dispatcher-4] FATAL com.i2i.Client - Amount: 3351
18:13:18 [AkkaRemoteClient-akka.actor.default-dispatcher-4] INFO  com.i2i.Client - MSISDN: 10
18:13:18 [AkkaRemoteClient-akka.actor.default-dispatcher-4] WARN  com.i2i.Client - Location: TURKEY
18:13:18 [AkkaRemoteClient-akka.actor.default-dispatcher-4] ERROR com.i2i.Client - Service: SMS
18:13:18 [AkkaRemoteClient-akka.actor.default-dispatcher-4] FATAL com.i2i.Client - Amount: 1
18:13:19 [AkkaRemoteClient-akka.actor.default-dispatcher-4] INFO  com.i2i.Client - MSISDN: 1
18:13:19 [AkkaRemoteClient-akka.actor.default-dispatcher-4] WARN  com.i2i.Client - Location: OTHER
18:13:19 [AkkaRemoteClient-akka.actor.default-dispatcher-4] ERROR com.i2i.Client - Service: VOICE
18:13:19 [AkkaRemoteClient-akka.actor.default-dispatcher-4] FATAL com.i2i.Client - Amount: 2652
18:13:20 [AkkaRemoteClient-akka.actor.default-dispatcher-4] INFO  com.i2i.Client - MSISDN: 11
18:13:20 [AkkaRemoteClient-akka.actor.default-dispatcher-4] WARN  com.i2i.Client - Location: TURKEY
18:13:20 [AkkaRemoteClient-akka.actor.default-dispatcher-4] ERROR com.i2i.Client - Service: SMS
18:13:20 [AkkaRemoteClient-akka.actor.default-dispatcher-4] FATAL com.i2i.Client - Amount: 1
18:13:21 [AkkaRemoteClient-akka.actor.default-dispatcher-4] INFO  com.i2i.Client - MSISDN: 7
18:13:21 [AkkaRemoteClient-akka.actor.default-dispatcher-4] WARN  com.i2i.Client - Location: TURKEY
18:13:21 [AkkaRemoteClient-akka.actor.default-dispatcher-4] ERROR com.i2i.Client - Service: VOICE
18:13:21 [AkkaRemoteClient-akka.actor.default-dispatcher-4] FATAL com.i2i.Client - Amount: 127
18:13:21 [AkkaRemoteClient-akka.actor.default-dispatcher-4] INFO  com.i2i.Client - MSISDN: 5513852249
18:13:21 [AkkaRemoteClient-akka.actor.default-dispatcher-4] WARN  com.i2i.Client - Location: RUSSIA
18:13:21 [AkkaRemoteClient-akka.actor.default-dispatcher-4] ERROR com.i2i.Client - Service: DATA
18:13:21 [AkkaRemoteClient-akka.actor.default-dispatcher-4] FATAL com.i2i.Client - Amount: 340112198
18:13:22 [AkkaRemoteClient-akka.actor.default-dispatcher-4] INFO  com.i2i.Client - MSISDN: 5
18:13:22 [AkkaRemoteClient-akka.actor.default-dispatcher-4] WARN  com.i2i.Client - Location: EUROPE
18:13:22 [AkkaRemoteClient-akka.actor.default-dispatcher-4] ERROR com.i2i.Client - Service: DATA
18:13:22 [AkkaRemoteClient-akka.actor.default-dispatcher-4] FATAL com.i2i.Client - Amount: 812759723
18:13:23 [AkkaRemoteClient-akka.actor.default-dispatcher-4] INFO  com.i2i.Client - MSISDN: 5513852248
18:13:23 [AkkaRemoteClient-akka.actor.default-dispatcher-4] WARN  com.i2i.Client - Location: TURKEY
18:13:23 [AkkaRemoteClient-akka.actor.default-dispatcher-4] ERROR com.i2i.Client - Service: DATA
18:13:23 [AkkaRemoteClient-akka.actor.default-dispatcher-4] FATAL com.i2i.Client - Amount: 220232194
18:13:24 [AkkaRemoteClient-akka.actor.default-dispatcher-4] INFO  com.i2i.Client - MSISDN: 11
18:13:24 [AkkaRemoteClient-akka.actor.default-dispatcher-4] WARN  com.i2i.Client - Location: EUROPE
18:13:24 [AkkaRemoteClient-akka.actor.default-dispatcher-4] ERROR com.i2i.Client - Service: DATA
18:13:24 [AkkaRemoteClient-akka.actor.default-dispatcher-4] FATAL com.i2i.Client - Amount: 1263695059
18:13:25 [AkkaRemoteClient-akka.actor.default-dispatcher-4] INFO  com.i2i.Client - MSISDN: 4
18:13:25 [AkkaRemoteClient-akka.actor.default-dispatcher-4] WARN  com.i2i.Client - Location: NORTHERNCYPRUS
18:13:25 [AkkaRemoteClient-akka.actor.default-dispatcher-4] ERROR com.i2i.Client - Service: VOICE
18:13:25 [AkkaRemoteClient-akka.actor.default-dispatcher-4] FATAL com.i2i.Client - Amount: 1855
18:13:26 [AkkaRemoteClient-akka.actor.default-dispatcher-4] INFO  com.i2i.Client - MSISDN: 5513852248
18:13:26 [AkkaRemoteClient-akka.actor.default-dispatcher-4] WARN  com.i2i.Client - Location: TURKEY
18:13:26 [AkkaRemoteClient-akka.actor.default-dispatcher-4] ERROR com.i2i.Client - Service: SMS
18:13:26 [AkkaRemoteClient-akka.actor.default-dispatcher-4] FATAL com.i2i.Client - Amount: 1
18:13:27 [AkkaRemoteClient-akka.actor.default-dispatcher-4] INFO  com.i2i.Client - MSISDN: 11
18:13:27 [AkkaRemoteClient-akka.actor.default-dispatcher-4] WARN  com.i2i.Client - Location: NORTHERNCYPRUS
18:13:27 [AkkaRemoteClient-akka.actor.default-dispatcher-4] ERROR com.i2i.Client - Service: DATA
18:13:27 [AkkaRemoteClient-akka.actor.default-dispatcher-4] FATAL com.i2i.Client - Amount: 1228520876
18:13:27 [AkkaRemoteClient-akka.actor.default-dispatcher-4] INFO  com.i2i.Client - MSISDN: 2
18:13:27 [AkkaRemoteClient-akka.actor.default-dispatcher-4] WARN  com.i2i.Client - Location: TURKEY
18:13:27 [AkkaRemoteClient-akka.actor.default-dispatcher-4] ERROR com.i2i.Client - Service: DATA
18:13:27 [AkkaRemoteClient-akka.actor.default-dispatcher-4] FATAL com.i2i.Client - Amount: 1049867331
18:13:27 [AkkaRemoteClient-akka.actor.default-dispatcher-4] INFO  com.i2i.Client - MSISDN: 10
18:13:27 [AkkaRemoteClient-akka.actor.default-dispatcher-4] WARN  com.i2i.Client - Location: OTHER
18:13:27 [AkkaRemoteClient-akka.actor.default-dispatcher-4] ERROR com.i2i.Client - Service: VOICE
18:13:27 [AkkaRemoteClient-akka.actor.default-dispatcher-4] FATAL com.i2i.Client - Amount: 853
18:13:29 [AkkaRemoteClient-akka.actor.default-dispatcher-4] INFO  com.i2i.Client - MSISDN: 2
18:13:29 [AkkaRemoteClient-akka.actor.default-dispatcher-4] WARN  com.i2i.Client - Location: RUSSIA
18:13:29 [AkkaRemoteClient-akka.actor.default-dispatcher-4] ERROR com.i2i.Client - Service: DATA
18:13:29 [AkkaRemoteClient-akka.actor.default-dispatcher-4] FATAL com.i2i.Client - Amount: 802094404
18:13:30 [AkkaRemoteClient-akka.actor.default-dispatcher-4] INFO  com.i2i.Client - MSISDN: 1
18:13:30 [AkkaRemoteClient-akka.actor.default-dispatcher-4] WARN  com.i2i.Client - Location: MIDDLEEAST
18:13:30 [AkkaRemoteClient-akka.actor.default-dispatcher-4] ERROR com.i2i.Client - Service: DATA
18:13:30 [AkkaRemoteClient-akka.actor.default-dispatcher-4] FATAL com.i2i.Client - Amount: 991874113
18:13:30 [AkkaRemoteClient-akka.actor.default-dispatcher-4] INFO  com.i2i.Client - MSISDN: 1
18:13:30 [AkkaRemoteClient-akka.actor.default-dispatcher-4] WARN  com.i2i.Client - Location: TURKEY
18:13:30 [AkkaRemoteClient-akka.actor.default-dispatcher-4] ERROR com.i2i.Client - Service: DATA
18:13:30 [AkkaRemoteClient-akka.actor.default-dispatcher-4] FATAL com.i2i.Client - Amount: 1021545965
