19:03:20 [AkkaRemoteClient-akka.actor.default-dispatcher-3] INFO  com.i2i.Client - MSISDN: 5513852249x11
19:03:20 [AkkaRemoteClient-akka.actor.default-dispatcher-3] WARN  com.i2i.Client - Location: TURKEY
19:03:20 [AkkaRemoteClient-akka.actor.default-dispatcher-3] ERROR com.i2i.Client - Service: DATA
19:03:20 [AkkaRemoteClient-akka.actor.default-dispatcher-3] FATAL com.i2i.Client - Amount: 276600126
19:03:21 [AkkaRemoteClient-akka.actor.default-dispatcher-3] INFO  com.i2i.Client - MSISDN: 2x8
19:03:21 [AkkaRemoteClient-akka.actor.default-dispatcher-3] WARN  com.i2i.Client - Location: MIDDLEEAST
19:03:21 [AkkaRemoteClient-akka.actor.default-dispatcher-3] ERROR com.i2i.Client - Service: VOICE
19:03:21 [AkkaRemoteClient-akka.actor.default-dispatcher-3] FATAL com.i2i.Client - Amount: 3239
19:03:21 [AkkaRemoteClient-akka.actor.default-dispatcher-3] INFO  com.i2i.Client - MSISDN: 2x5513852249
19:03:21 [AkkaRemoteClient-akka.actor.default-dispatcher-3] WARN  com.i2i.Client - Location: TURKEY
19:03:21 [AkkaRemoteClient-akka.actor.default-dispatcher-3] ERROR com.i2i.Client - Service: VOICE
19:03:21 [AkkaRemoteClient-akka.actor.default-dispatcher-3] FATAL com.i2i.Client - Amount: 1621
19:03:22 [AkkaRemoteClient-akka.actor.default-dispatcher-3] INFO  com.i2i.Client - MSISDN: 5x2
19:03:22 [AkkaRemoteClient-akka.actor.default-dispatcher-3] WARN  com.i2i.Client - Location: TURKEY
19:03:22 [AkkaRemoteClient-akka.actor.default-dispatcher-3] ERROR com.i2i.Client - Service: DATA
19:03:22 [AkkaRemoteClient-akka.actor.default-dispatcher-3] FATAL com.i2i.Client - Amount: 784670065
19:03:23 [AkkaRemoteClient-akka.actor.default-dispatcher-3] INFO  com.i2i.Client - MSISDN: 5513852249x8
19:03:23 [AkkaRemoteClient-akka.actor.default-dispatcher-3] WARN  com.i2i.Client - Location: TURKEY
19:03:23 [AkkaRemoteClient-akka.actor.default-dispatcher-3] ERROR com.i2i.Client - Service: SMS
19:03:23 [AkkaRemoteClient-akka.actor.default-dispatcher-3] FATAL com.i2i.Client - Amount: 1
19:03:23 [AkkaRemoteClient-akka.actor.default-dispatcher-3] INFO  com.i2i.Client - MSISDN: 1x5513852249
19:03:23 [AkkaRemoteClient-akka.actor.default-dispatcher-3] WARN  com.i2i.Client - Location: TURKEY
19:03:23 [AkkaRemoteClient-akka.actor.default-dispatcher-3] ERROR com.i2i.Client - Service: VOICE
19:03:23 [AkkaRemoteClient-akka.actor.default-dispatcher-3] FATAL com.i2i.Client - Amount: 53
19:03:24 [AkkaRemoteClient-akka.actor.default-dispatcher-3] INFO  com.i2i.Client - MSISDN: 7x7
19:03:24 [AkkaRemoteClient-akka.actor.default-dispatcher-3] WARN  com.i2i.Client - Location: NORTHAMERICA
19:03:24 [AkkaRemoteClient-akka.actor.default-dispatcher-3] ERROR com.i2i.Client - Service: DATA
19:03:24 [AkkaRemoteClient-akka.actor.default-dispatcher-3] FATAL com.i2i.Client - Amount: 409744352
19:03:24 [AkkaRemoteClient-akka.actor.default-dispatcher-3] INFO  com.i2i.Client - MSISDN: 4x3
19:03:24 [AkkaRemoteClient-akka.actor.default-dispatcher-3] WARN  com.i2i.Client - Location: OTHER
19:03:24 [AkkaRemoteClient-akka.actor.default-dispatcher-3] ERROR com.i2i.Client - Service: DATA
19:03:24 [AkkaRemoteClient-akka.actor.default-dispatcher-3] FATAL com.i2i.Client - Amount: 410205061
19:03:25 [AkkaRemoteClient-akka.actor.default-dispatcher-3] INFO  com.i2i.Client - MSISDN: 1x7
19:03:25 [AkkaRemoteClient-akka.actor.default-dispatcher-3] WARN  com.i2i.Client - Location: TURKEY
19:03:25 [AkkaRemoteClient-akka.actor.default-dispatcher-3] ERROR com.i2i.Client - Service: VOICE
19:03:25 [AkkaRemoteClient-akka.actor.default-dispatcher-3] FATAL com.i2i.Client - Amount: 405
19:03:25 [AkkaRemoteClient-akka.actor.default-dispatcher-3] INFO  com.i2i.Client - MSISDN: 1x5
19:03:25 [AkkaRemoteClient-akka.actor.default-dispatcher-3] WARN  com.i2i.Client - Location: TURKEY
19:03:25 [AkkaRemoteClient-akka.actor.default-dispatcher-3] ERROR com.i2i.Client - Service: SMS
19:03:25 [AkkaRemoteClient-akka.actor.default-dispatcher-3] FATAL com.i2i.Client - Amount: 1
19:03:26 [AkkaRemoteClient-akka.actor.default-dispatcher-3] INFO  com.i2i.Client - MSISDN: 4x11
19:03:26 [AkkaRemoteClient-akka.actor.default-dispatcher-3] WARN  com.i2i.Client - Location: TURKEY
19:03:26 [AkkaRemoteClient-akka.actor.default-dispatcher-3] ERROR com.i2i.Client - Service: SMS
19:03:26 [AkkaRemoteClient-akka.actor.default-dispatcher-3] FATAL com.i2i.Client - Amount: 1
19:03:27 [AkkaRemoteClient-akka.actor.default-dispatcher-3] INFO  com.i2i.Client - MSISDN: 7x7
19:03:27 [AkkaRemoteClient-akka.actor.default-dispatcher-3] WARN  com.i2i.Client - Location: TURKEY
19:03:27 [AkkaRemoteClient-akka.actor.default-dispatcher-3] ERROR com.i2i.Client - Service: SMS
19:03:27 [AkkaRemoteClient-akka.actor.default-dispatcher-3] FATAL com.i2i.Client - Amount: 1
19:03:28 [AkkaRemoteClient-akka.actor.default-dispatcher-3] INFO  com.i2i.Client - MSISDN: 3x4
19:03:28 [AkkaRemoteClient-akka.actor.default-dispatcher-3] WARN  com.i2i.Client - Location: TURKEY
19:03:28 [AkkaRemoteClient-akka.actor.default-dispatcher-3] ERROR com.i2i.Client - Service: VOICE
19:03:28 [AkkaRemoteClient-akka.actor.default-dispatcher-3] FATAL com.i2i.Client - Amount: 2257
19:03:30 [AkkaRemoteClient-akka.actor.default-dispatcher-3] INFO  com.i2i.Client - MSISDN: 5x1
19:03:30 [AkkaRemoteClient-akka.actor.default-dispatcher-3] WARN  com.i2i.Client - Location: TURKEY
19:03:30 [AkkaRemoteClient-akka.actor.default-dispatcher-3] ERROR com.i2i.Client - Service: DATA
19:03:30 [AkkaRemoteClient-akka.actor.default-dispatcher-3] FATAL com.i2i.Client - Amount: 575929140
19:03:31 [AkkaRemoteClient-akka.actor.default-dispatcher-3] INFO  com.i2i.Client - MSISDN: 5x11
19:03:31 [AkkaRemoteClient-akka.actor.default-dispatcher-3] WARN  com.i2i.Client - Location: OTHER
19:03:31 [AkkaRemoteClient-akka.actor.default-dispatcher-3] ERROR com.i2i.Client - Service: VOICE
19:03:31 [AkkaRemoteClient-akka.actor.default-dispatcher-3] FATAL com.i2i.Client - Amount: 1961
19:03:35 [AkkaRemoteClient-akka.actor.default-dispatcher-3] INFO  com.i2i.Client - MSISDN: 2x5513852249
19:03:35 [AkkaRemoteClient-akka.actor.default-dispatcher-3] WARN  com.i2i.Client - Location: OTHER
19:03:35 [AkkaRemoteClient-akka.actor.default-dispatcher-3] ERROR com.i2i.Client - Service: DATA
19:03:35 [AkkaRemoteClient-akka.actor.default-dispatcher-3] FATAL com.i2i.Client - Amount: 787020171
19:03:38 [AkkaRemoteClient-akka.actor.default-dispatcher-3] INFO  com.i2i.Client - MSISDN: 5x3
19:03:38 [AkkaRemoteClient-akka.actor.default-dispatcher-3] WARN  com.i2i.Client - Location: NORTHAMERICA
19:03:38 [AkkaRemoteClient-akka.actor.default-dispatcher-3] ERROR com.i2i.Client - Service: VOICE
19:03:38 [AkkaRemoteClient-akka.actor.default-dispatcher-3] FATAL com.i2i.Client - Amount: 3192
19:03:38 [AkkaRemoteClient-akka.actor.default-dispatcher-3] INFO  com.i2i.Client - MSISDN: 2x5
19:03:38 [AkkaRemoteClient-akka.actor.default-dispatcher-3] WARN  com.i2i.Client - Location: RUSSIA
19:03:38 [AkkaRemoteClient-akka.actor.default-dispatcher-3] ERROR com.i2i.Client - Service: SMS
19:03:38 [AkkaRemoteClient-akka.actor.default-dispatcher-3] FATAL com.i2i.Client - Amount: 1
19:03:39 [AkkaRemoteClient-akka.actor.default-dispatcher-3] INFO  com.i2i.Client - MSISDN: 3x6
19:03:39 [AkkaRemoteClient-akka.actor.default-dispatcher-3] WARN  com.i2i.Client - Location: NORTHERNCYPRUS
19:03:39 [AkkaRemoteClient-akka.actor.default-dispatcher-3] ERROR com.i2i.Client - Service: DATA
19:03:39 [AkkaRemoteClient-akka.actor.default-dispatcher-3] FATAL com.i2i.Client - Amount: 83964453
19:03:40 [AkkaRemoteClient-akka.actor.default-dispatcher-3] INFO  com.i2i.Client - MSISDN: 1x11
19:03:40 [AkkaRemoteClient-akka.actor.default-dispatcher-3] WARN  com.i2i.Client - Location: EUROPE
19:03:40 [AkkaRemoteClient-akka.actor.default-dispatcher-3] ERROR com.i2i.Client - Service: DATA
19:03:40 [AkkaRemoteClient-akka.actor.default-dispatcher-3] FATAL com.i2i.Client - Amount: 842019638
19:03:43 [AkkaRemoteClient-akka.actor.default-dispatcher-3] INFO  com.i2i.Client - MSISDN: 11x11
19:03:43 [AkkaRemoteClient-akka.actor.default-dispatcher-3] WARN  com.i2i.Client - Location: TURKEY
19:03:43 [AkkaRemoteClient-akka.actor.default-dispatcher-3] ERROR com.i2i.Client - Service: SMS
19:03:43 [AkkaRemoteClient-akka.actor.default-dispatcher-3] FATAL com.i2i.Client - Amount: 1
19:03:45 [AkkaRemoteClient-akka.actor.default-dispatcher-3] INFO  com.i2i.Client - MSISDN: 8x4
19:03:45 [AkkaRemoteClient-akka.actor.default-dispatcher-3] WARN  com.i2i.Client - Location: OTHER
19:03:45 [AkkaRemoteClient-akka.actor.default-dispatcher-3] ERROR com.i2i.Client - Service: VOICE
19:03:45 [AkkaRemoteClient-akka.actor.default-dispatcher-3] FATAL com.i2i.Client - Amount: 1180
19:03:47 [AkkaRemoteClient-akka.actor.default-dispatcher-3] INFO  com.i2i.Client - MSISDN: 11x6
19:03:47 [AkkaRemoteClient-akka.actor.default-dispatcher-3] WARN  com.i2i.Client - Location: TURKEY
19:03:47 [AkkaRemoteClient-akka.actor.default-dispatcher-3] ERROR com.i2i.Client - Service: VOICE
19:03:47 [AkkaRemoteClient-akka.actor.default-dispatcher-3] FATAL com.i2i.Client - Amount: 1229
19:03:48 [AkkaRemoteClient-akka.actor.default-dispatcher-3] INFO  com.i2i.Client - MSISDN: 4x8
19:03:48 [AkkaRemoteClient-akka.actor.default-dispatcher-3] WARN  com.i2i.Client - Location: RUSSIA
19:03:48 [AkkaRemoteClient-akka.actor.default-dispatcher-3] ERROR com.i2i.Client - Service: VOICE
19:03:48 [AkkaRemoteClient-akka.actor.default-dispatcher-3] FATAL com.i2i.Client - Amount: 650
19:03:48 [AkkaRemoteClient-akka.actor.default-dispatcher-3] INFO  com.i2i.Client - MSISDN: 4x2
19:03:48 [AkkaRemoteClient-akka.actor.default-dispatcher-3] WARN  com.i2i.Client - Location: TURKEY
19:03:48 [AkkaRemoteClient-akka.actor.default-dispatcher-3] ERROR com.i2i.Client - Service: SMS
19:03:48 [AkkaRemoteClient-akka.actor.default-dispatcher-3] FATAL com.i2i.Client - Amount: 1
19:03:49 [AkkaRemoteClient-akka.actor.default-dispatcher-3] INFO  com.i2i.Client - MSISDN: 1x8
19:03:49 [AkkaRemoteClient-akka.actor.default-dispatcher-3] WARN  com.i2i.Client - Location: TURKEY
19:03:49 [AkkaRemoteClient-akka.actor.default-dispatcher-3] ERROR com.i2i.Client - Service: DATA
19:03:49 [AkkaRemoteClient-akka.actor.default-dispatcher-3] FATAL com.i2i.Client - Amount: 26411705
19:03:49 [AkkaRemoteClient-akka.actor.default-dispatcher-3] INFO  com.i2i.Client - MSISDN: 4x1
19:03:49 [AkkaRemoteClient-akka.actor.default-dispatcher-3] WARN  com.i2i.Client - Location: EUROPE
19:03:49 [AkkaRemoteClient-akka.actor.default-dispatcher-3] ERROR com.i2i.Client - Service: VOICE
19:03:49 [AkkaRemoteClient-akka.actor.default-dispatcher-3] FATAL com.i2i.Client - Amount: 1278
19:03:49 [AkkaRemoteClient-akka.actor.default-dispatcher-3] INFO  com.i2i.Client - MSISDN: 3x3
19:03:49 [AkkaRemoteClient-akka.actor.default-dispatcher-3] WARN  com.i2i.Client - Location: OTHER
19:03:49 [AkkaRemoteClient-akka.actor.default-dispatcher-3] ERROR com.i2i.Client - Service: VOICE
19:03:49 [AkkaRemoteClient-akka.actor.default-dispatcher-3] FATAL com.i2i.Client - Amount: 1132
19:03:51 [AkkaRemoteClient-akka.actor.default-dispatcher-3] INFO  com.i2i.Client - MSISDN: 10x10
19:03:51 [AkkaRemoteClient-akka.actor.default-dispatcher-3] WARN  com.i2i.Client - Location: TURKEY
19:03:51 [AkkaRemoteClient-akka.actor.default-dispatcher-3] ERROR com.i2i.Client - Service: VOICE
19:03:51 [AkkaRemoteClient-akka.actor.default-dispatcher-3] FATAL com.i2i.Client - Amount: 1040
19:03:52 [AkkaRemoteClient-akka.actor.default-dispatcher-3] INFO  com.i2i.Client - MSISDN: 6x6
19:03:52 [AkkaRemoteClient-akka.actor.default-dispatcher-3] WARN  com.i2i.Client - Location: TURKEY
19:03:52 [AkkaRemoteClient-akka.actor.default-dispatcher-3] ERROR com.i2i.Client - Service: VOICE
19:03:52 [AkkaRemoteClient-akka.actor.default-dispatcher-3] FATAL com.i2i.Client - Amount: 3386
19:03:52 [AkkaRemoteClient-akka.actor.default-dispatcher-3] INFO  com.i2i.Client - MSISDN: 5513852248x1
19:03:52 [AkkaRemoteClient-akka.actor.default-dispatcher-3] WARN  com.i2i.Client - Location: MIDDLEEAST
19:03:52 [AkkaRemoteClient-akka.actor.default-dispatcher-3] ERROR com.i2i.Client - Service: SMS
19:03:52 [AkkaRemoteClient-akka.actor.default-dispatcher-3] FATAL com.i2i.Client - Amount: 1
19:03:54 [AkkaRemoteClient-akka.actor.default-dispatcher-3] INFO  com.i2i.Client - MSISDN: 10x2
19:03:54 [AkkaRemoteClient-akka.actor.default-dispatcher-3] WARN  com.i2i.Client - Location: TURKEY
19:03:54 [AkkaRemoteClient-akka.actor.default-dispatcher-3] ERROR com.i2i.Client - Service: VOICE
19:03:54 [AkkaRemoteClient-akka.actor.default-dispatcher-3] FATAL com.i2i.Client - Amount: 455
19:03:54 [AkkaRemoteClient-akka.actor.default-dispatcher-3] INFO  com.i2i.Client - MSISDN: 1x5
19:03:54 [AkkaRemoteClient-akka.actor.default-dispatcher-3] WARN  com.i2i.Client - Location: TURKEY
19:03:54 [AkkaRemoteClient-akka.actor.default-dispatcher-3] ERROR com.i2i.Client - Service: DATA
19:03:54 [AkkaRemoteClient-akka.actor.default-dispatcher-3] FATAL com.i2i.Client - Amount: 647046973
19:03:54 [AkkaRemoteClient-akka.actor.default-dispatcher-3] INFO  com.i2i.Client - MSISDN: 5513852248x10
19:03:54 [AkkaRemoteClient-akka.actor.default-dispatcher-3] WARN  com.i2i.Client - Location: TURKEY
19:03:54 [AkkaRemoteClient-akka.actor.default-dispatcher-3] ERROR com.i2i.Client - Service: DATA
19:03:54 [AkkaRemoteClient-akka.actor.default-dispatcher-3] FATAL com.i2i.Client - Amount: 942467069
19:03:55 [AkkaRemoteClient-akka.actor.default-dispatcher-3] INFO  com.i2i.Client - MSISDN: 5x5513852249
19:03:55 [AkkaRemoteClient-akka.actor.default-dispatcher-3] WARN  com.i2i.Client - Location: EUROPE
19:03:55 [AkkaRemoteClient-akka.actor.default-dispatcher-3] ERROR com.i2i.Client - Service: DATA
19:03:55 [AkkaRemoteClient-akka.actor.default-dispatcher-3] FATAL com.i2i.Client - Amount: 662644999
19:03:55 [AkkaRemoteClient-akka.actor.default-dispatcher-3] INFO  com.i2i.Client - MSISDN: 6x1
19:03:55 [AkkaRemoteClient-akka.actor.default-dispatcher-3] WARN  com.i2i.Client - Location: TURKEY
19:03:55 [AkkaRemoteClient-akka.actor.default-dispatcher-3] ERROR com.i2i.Client - Service: SMS
19:03:55 [AkkaRemoteClient-akka.actor.default-dispatcher-3] FATAL com.i2i.Client - Amount: 1
19:03:55 [AkkaRemoteClient-akka.actor.default-dispatcher-3] INFO  com.i2i.Client - MSISDN: 3x11
19:03:55 [AkkaRemoteClient-akka.actor.default-dispatcher-3] WARN  com.i2i.Client - Location: EUROPE
19:03:55 [AkkaRemoteClient-akka.actor.default-dispatcher-3] ERROR com.i2i.Client - Service: DATA
19:03:55 [AkkaRemoteClient-akka.actor.default-dispatcher-3] FATAL com.i2i.Client - Amount: 826995116
19:03:56 [AkkaRemoteClient-akka.actor.default-dispatcher-3] INFO  com.i2i.Client - MSISDN: 5x3
19:03:56 [AkkaRemoteClient-akka.actor.default-dispatcher-3] WARN  com.i2i.Client - Location: TURKEY
19:03:56 [AkkaRemoteClient-akka.actor.default-dispatcher-3] ERROR com.i2i.Client - Service: DATA
19:03:56 [AkkaRemoteClient-akka.actor.default-dispatcher-3] FATAL com.i2i.Client - Amount: 1298249420
19:03:57 [AkkaRemoteClient-akka.actor.default-dispatcher-3] INFO  com.i2i.Client - MSISDN: 3x11
19:03:57 [AkkaRemoteClient-akka.actor.default-dispatcher-3] WARN  com.i2i.Client - Location: TURKEY
19:03:57 [AkkaRemoteClient-akka.actor.default-dispatcher-3] ERROR com.i2i.Client - Service: SMS
19:03:57 [AkkaRemoteClient-akka.actor.default-dispatcher-3] FATAL com.i2i.Client - Amount: 1
19:03:58 [AkkaRemoteClient-akka.actor.default-dispatcher-3] INFO  com.i2i.Client - MSISDN: 11x5513852249
19:03:58 [AkkaRemoteClient-akka.actor.default-dispatcher-3] WARN  com.i2i.Client - Location: TURKEY
19:03:58 [AkkaRemoteClient-akka.actor.default-dispatcher-3] ERROR com.i2i.Client - Service: VOICE
19:03:58 [AkkaRemoteClient-akka.actor.default-dispatcher-3] FATAL com.i2i.Client - Amount: 1672
19:03:58 [AkkaRemoteClient-akka.actor.default-dispatcher-3] INFO  com.i2i.Client - MSISDN: 3x7
19:03:58 [AkkaRemoteClient-akka.actor.default-dispatcher-3] WARN  com.i2i.Client - Location: TURKEY
19:03:58 [AkkaRemoteClient-akka.actor.default-dispatcher-3] ERROR com.i2i.Client - Service: SMS
19:03:58 [AkkaRemoteClient-akka.actor.default-dispatcher-3] FATAL com.i2i.Client - Amount: 1
19:03:58 [AkkaRemoteClient-akka.actor.default-dispatcher-3] INFO  com.i2i.Client - MSISDN: 5x4
19:03:58 [AkkaRemoteClient-akka.actor.default-dispatcher-3] WARN  com.i2i.Client - Location: TURKEY
19:03:58 [AkkaRemoteClient-akka.actor.default-dispatcher-3] ERROR com.i2i.Client - Service: DATA
19:03:58 [AkkaRemoteClient-akka.actor.default-dispatcher-3] FATAL com.i2i.Client - Amount: 500093038
19:03:59 [AkkaRemoteClient-akka.actor.default-dispatcher-3] INFO  com.i2i.Client - MSISDN: 5513852249x1
19:03:59 [AkkaRemoteClient-akka.actor.default-dispatcher-3] WARN  com.i2i.Client - Location: TURKEY
19:03:59 [AkkaRemoteClient-akka.actor.default-dispatcher-3] ERROR com.i2i.Client - Service: SMS
19:03:59 [AkkaRemoteClient-akka.actor.default-dispatcher-3] FATAL com.i2i.Client - Amount: 1
19:03:59 [AkkaRemoteClient-akka.actor.default-dispatcher-3] INFO  com.i2i.Client - MSISDN: 5513852248x2
19:03:59 [AkkaRemoteClient-akka.actor.default-dispatcher-3] WARN  com.i2i.Client - Location: TURKEY
19:03:59 [AkkaRemoteClient-akka.actor.default-dispatcher-3] ERROR com.i2i.Client - Service: VOICE
19:03:59 [AkkaRemoteClient-akka.actor.default-dispatcher-3] FATAL com.i2i.Client - Amount: 2710
19:04:00 [AkkaRemoteClient-akka.actor.default-dispatcher-3] INFO  com.i2i.Client - MSISDN: 5513852248x5
19:04:00 [AkkaRemoteClient-akka.actor.default-dispatcher-3] WARN  com.i2i.Client - Location: MIDDLEEAST
19:04:00 [AkkaRemoteClient-akka.actor.default-dispatcher-3] ERROR com.i2i.Client - Service: VOICE
19:04:00 [AkkaRemoteClient-akka.actor.default-dispatcher-3] FATAL com.i2i.Client - Amount: 3482
19:04:01 [AkkaRemoteClient-akka.actor.default-dispatcher-3] INFO  com.i2i.Client - MSISDN: 6x11
19:04:01 [AkkaRemoteClient-akka.actor.default-dispatcher-3] WARN  com.i2i.Client - Location: NORTHAMERICA
19:04:01 [AkkaRemoteClient-akka.actor.default-dispatcher-3] ERROR com.i2i.Client - Service: DATA
19:04:01 [AkkaRemoteClient-akka.actor.default-dispatcher-3] FATAL com.i2i.Client - Amount: 735874305
19:04:02 [AkkaRemoteClient-akka.actor.default-dispatcher-3] INFO  com.i2i.Client - MSISDN: 7x5513852248
19:04:02 [AkkaRemoteClient-akka.actor.default-dispatcher-3] WARN  com.i2i.Client - Location: TURKEY
19:04:02 [AkkaRemoteClient-akka.actor.default-dispatcher-3] ERROR com.i2i.Client - Service: SMS
19:04:02 [AkkaRemoteClient-akka.actor.default-dispatcher-3] FATAL com.i2i.Client - Amount: 1
19:04:05 [AkkaRemoteClient-akka.actor.default-dispatcher-3] INFO  com.i2i.Client - MSISDN: 5x11
19:04:05 [AkkaRemoteClient-akka.actor.default-dispatcher-3] WARN  com.i2i.Client - Location: TURKEY
19:04:05 [AkkaRemoteClient-akka.actor.default-dispatcher-3] ERROR com.i2i.Client - Service: VOICE
19:04:05 [AkkaRemoteClient-akka.actor.default-dispatcher-3] FATAL com.i2i.Client - Amount: 2143
19:04:05 [AkkaRemoteClient-akka.actor.default-dispatcher-3] INFO  com.i2i.Client - MSISDN: 4x3
19:04:05 [AkkaRemoteClient-akka.actor.default-dispatcher-3] WARN  com.i2i.Client - Location: TURKEY
19:04:05 [AkkaRemoteClient-akka.actor.default-dispatcher-3] ERROR com.i2i.Client - Service: DATA
19:04:05 [AkkaRemoteClient-akka.actor.default-dispatcher-3] FATAL com.i2i.Client - Amount: 341173316
19:04:05 [AkkaRemoteClient-akka.actor.default-dispatcher-3] INFO  com.i2i.Client - MSISDN: 6x8
19:04:05 [AkkaRemoteClient-akka.actor.default-dispatcher-3] WARN  com.i2i.Client - Location: TURKEY
19:04:05 [AkkaRemoteClient-akka.actor.default-dispatcher-3] ERROR com.i2i.Client - Service: DATA
19:04:05 [AkkaRemoteClient-akka.actor.default-dispatcher-3] FATAL com.i2i.Client - Amount: 631909392
19:04:06 [AkkaRemoteClient-akka.actor.default-dispatcher-3] INFO  com.i2i.Client - MSISDN: 4x6
19:04:06 [AkkaRemoteClient-akka.actor.default-dispatcher-3] WARN  com.i2i.Client - Location: NORTHAMERICA
19:04:06 [AkkaRemoteClient-akka.actor.default-dispatcher-3] ERROR com.i2i.Client - Service: SMS
19:04:06 [AkkaRemoteClient-akka.actor.default-dispatcher-3] FATAL com.i2i.Client - Amount: 1
19:04:07 [AkkaRemoteClient-akka.actor.default-dispatcher-3] INFO  com.i2i.Client - MSISDN: 3x5
19:04:07 [AkkaRemoteClient-akka.actor.default-dispatcher-3] WARN  com.i2i.Client - Location: TURKEY
19:04:07 [AkkaRemoteClient-akka.actor.default-dispatcher-3] ERROR com.i2i.Client - Service: VOICE
19:04:07 [AkkaRemoteClient-akka.actor.default-dispatcher-3] FATAL com.i2i.Client - Amount: 1125
19:04:07 [AkkaRemoteClient-akka.actor.default-dispatcher-3] INFO  com.i2i.Client - MSISDN: 6x2
19:04:07 [AkkaRemoteClient-akka.actor.default-dispatcher-3] WARN  com.i2i.Client - Location: TURKEY
19:04:07 [AkkaRemoteClient-akka.actor.default-dispatcher-3] ERROR com.i2i.Client - Service: SMS
19:04:07 [AkkaRemoteClient-akka.actor.default-dispatcher-3] FATAL com.i2i.Client - Amount: 1
19:04:08 [AkkaRemoteClient-akka.actor.default-dispatcher-3] INFO  com.i2i.Client - MSISDN: 5513852249x8
19:04:08 [AkkaRemoteClient-akka.actor.default-dispatcher-3] WARN  com.i2i.Client - Location: TURKEY
19:04:08 [AkkaRemoteClient-akka.actor.default-dispatcher-3] ERROR com.i2i.Client - Service: SMS
19:04:08 [AkkaRemoteClient-akka.actor.default-dispatcher-3] FATAL com.i2i.Client - Amount: 1
19:04:08 [AkkaRemoteClient-akka.actor.default-dispatcher-3] INFO  com.i2i.Client - MSISDN: 4x5513852248
19:04:08 [AkkaRemoteClient-akka.actor.default-dispatcher-3] WARN  com.i2i.Client - Location: TURKEY
19:04:08 [AkkaRemoteClient-akka.actor.default-dispatcher-3] ERROR com.i2i.Client - Service: VOICE
19:04:08 [AkkaRemoteClient-akka.actor.default-dispatcher-3] FATAL com.i2i.Client - Amount: 3094
19:04:09 [AkkaRemoteClient-akka.actor.default-dispatcher-3] INFO  com.i2i.Client - MSISDN: 7x5
19:04:09 [AkkaRemoteClient-akka.actor.default-dispatcher-3] WARN  com.i2i.Client - Location: TURKEY
19:04:09 [AkkaRemoteClient-akka.actor.default-dispatcher-3] ERROR com.i2i.Client - Service: VOICE
19:04:09 [AkkaRemoteClient-akka.actor.default-dispatcher-3] FATAL com.i2i.Client - Amount: 363
19:04:10 [AkkaRemoteClient-akka.actor.default-dispatcher-3] INFO  com.i2i.Client - MSISDN: 5x11
19:04:10 [AkkaRemoteClient-akka.actor.default-dispatcher-3] WARN  com.i2i.Client - Location: NORTHAMERICA
19:04:10 [AkkaRemoteClient-akka.actor.default-dispatcher-3] ERROR com.i2i.Client - Service: SMS
19:04:10 [AkkaRemoteClient-akka.actor.default-dispatcher-3] FATAL com.i2i.Client - Amount: 1
19:04:11 [AkkaRemoteClient-akka.actor.default-dispatcher-3] INFO  com.i2i.Client - MSISDN: 4x2
19:04:11 [AkkaRemoteClient-akka.actor.default-dispatcher-3] WARN  com.i2i.Client - Location: TURKEY
19:04:11 [AkkaRemoteClient-akka.actor.default-dispatcher-3] ERROR com.i2i.Client - Service: DATA
19:04:11 [AkkaRemoteClient-akka.actor.default-dispatcher-3] FATAL com.i2i.Client - Amount: 874678013
19:04:13 [AkkaRemoteClient-akka.actor.default-dispatcher-3] INFO  com.i2i.Client - MSISDN: 4x2
19:04:13 [AkkaRemoteClient-akka.actor.default-dispatcher-3] WARN  com.i2i.Client - Location: MIDDLEEAST
19:04:13 [AkkaRemoteClient-akka.actor.default-dispatcher-3] ERROR com.i2i.Client - Service: SMS
19:04:13 [AkkaRemoteClient-akka.actor.default-dispatcher-3] FATAL com.i2i.Client - Amount: 1
19:04:13 [AkkaRemoteClient-akka.actor.default-dispatcher-3] INFO  com.i2i.Client - MSISDN: 6x8
19:04:13 [AkkaRemoteClient-akka.actor.default-dispatcher-3] WARN  com.i2i.Client - Location: EUROPE
19:04:13 [AkkaRemoteClient-akka.actor.default-dispatcher-3] ERROR com.i2i.Client - Service: VOICE
19:04:13 [AkkaRemoteClient-akka.actor.default-dispatcher-3] FATAL com.i2i.Client - Amount: 2843
19:04:14 [AkkaRemoteClient-akka.actor.default-dispatcher-3] INFO  com.i2i.Client - MSISDN: 3x10
19:04:14 [AkkaRemoteClient-akka.actor.default-dispatcher-3] WARN  com.i2i.Client - Location: TURKEY
19:04:14 [AkkaRemoteClient-akka.actor.default-dispatcher-3] ERROR com.i2i.Client - Service: SMS
19:04:14 [AkkaRemoteClient-akka.actor.default-dispatcher-3] FATAL com.i2i.Client - Amount: 1
19:04:15 [AkkaRemoteClient-akka.actor.default-dispatcher-3] INFO  com.i2i.Client - MSISDN: 4x2
19:04:15 [AkkaRemoteClient-akka.actor.default-dispatcher-3] WARN  com.i2i.Client - Location: TURKEY
19:04:15 [AkkaRemoteClient-akka.actor.default-dispatcher-3] ERROR com.i2i.Client - Service: DATA
19:04:15 [AkkaRemoteClient-akka.actor.default-dispatcher-3] FATAL com.i2i.Client - Amount: 768067255
19:04:16 [AkkaRemoteClient-akka.actor.default-dispatcher-3] INFO  com.i2i.Client - MSISDN: 5513852248x8
19:04:16 [AkkaRemoteClient-akka.actor.default-dispatcher-3] WARN  com.i2i.Client - Location: RUSSIA
19:04:16 [AkkaRemoteClient-akka.actor.default-dispatcher-3] ERROR com.i2i.Client - Service: DATA
19:04:16 [AkkaRemoteClient-akka.actor.default-dispatcher-3] FATAL com.i2i.Client - Amount: 354594639
19:04:16 [AkkaRemoteClient-akka.actor.default-dispatcher-3] INFO  com.i2i.Client - MSISDN: 3x10
19:04:16 [AkkaRemoteClient-akka.actor.default-dispatcher-3] WARN  com.i2i.Client - Location: MIDDLEEAST
19:04:16 [AkkaRemoteClient-akka.actor.default-dispatcher-3] ERROR com.i2i.Client - Service: DATA
19:04:16 [AkkaRemoteClient-akka.actor.default-dispatcher-3] FATAL com.i2i.Client - Amount: 197624606
19:04:17 [AkkaRemoteClient-akka.actor.default-dispatcher-3] INFO  com.i2i.Client - MSISDN: 10x4
19:04:17 [AkkaRemoteClient-akka.actor.default-dispatcher-3] WARN  com.i2i.Client - Location: RUSSIA
19:04:17 [AkkaRemoteClient-akka.actor.default-dispatcher-3] ERROR com.i2i.Client - Service: DATA
19:04:17 [AkkaRemoteClient-akka.actor.default-dispatcher-3] FATAL com.i2i.Client - Amount: 325781121
