15:31:17 [AkkaRemoteClient-akka.actor.default-dispatcher-2] INFO  com.i2i.Client - MSISDN: 05398849442
15:31:17 [AkkaRemoteClient-akka.actor.default-dispatcher-2] WARN  com.i2i.Client - Location: OTHER
15:31:17 [AkkaRemoteClient-akka.actor.default-dispatcher-2] ERROR com.i2i.Client - Service: VOICE
15:31:17 [AkkaRemoteClient-akka.actor.default-dispatcher-2] FATAL com.i2i.Client - Amount: 2262
15:31:17 [AkkaRemoteClient-akka.actor.default-dispatcher-2] INFO  com.i2i.Client - MSISDN: 05398849442
15:31:17 [AkkaRemoteClient-akka.actor.default-dispatcher-2] WARN  com.i2i.Client - Location: NORTHERNCYPRUS
15:31:17 [AkkaRemoteClient-akka.actor.default-dispatcher-2] ERROR com.i2i.Client - Service: SMS
15:31:17 [AkkaRemoteClient-akka.actor.default-dispatcher-2] FATAL com.i2i.Client - Amount: 1
15:31:17 [AkkaRemoteClient-akka.actor.default-dispatcher-2] INFO  com.i2i.Client - MSISDN: 05398849442
15:31:17 [AkkaRemoteClient-akka.actor.default-dispatcher-2] WARN  com.i2i.Client - Location: TURKEY
15:31:17 [AkkaRemoteClient-akka.actor.default-dispatcher-2] ERROR com.i2i.Client - Service: DATA
15:31:17 [AkkaRemoteClient-akka.actor.default-dispatcher-2] FATAL com.i2i.Client - Amount: 617555642
15:31:22 [AkkaRemoteClient-akka.actor.default-dispatcher-2] INFO  com.i2i.Client - MSISDN: 05398849442
15:31:22 [AkkaRemoteClient-akka.actor.default-dispatcher-2] WARN  com.i2i.Client - Location: TURKEY
15:31:22 [AkkaRemoteClient-akka.actor.default-dispatcher-2] ERROR com.i2i.Client - Service: SMS
15:31:22 [AkkaRemoteClient-akka.actor.default-dispatcher-2] FATAL com.i2i.Client - Amount: 1
15:31:24 [AkkaRemoteClient-akka.actor.default-dispatcher-2] INFO  com.i2i.Client - MSISDN: 05398849442
15:31:24 [AkkaRemoteClient-akka.actor.default-dispatcher-2] WARN  com.i2i.Client - Location: TURKEY
15:31:24 [AkkaRemoteClient-akka.actor.default-dispatcher-2] ERROR com.i2i.Client - Service: DATA
15:31:24 [AkkaRemoteClient-akka.actor.default-dispatcher-2] FATAL com.i2i.Client - Amount: 684709577
15:31:26 [AkkaRemoteClient-akka.actor.default-dispatcher-2] INFO  com.i2i.Client - MSISDN: 05398849442
15:31:26 [AkkaRemoteClient-akka.actor.default-dispatcher-2] WARN  com.i2i.Client - Location: TURKEY
15:31:26 [AkkaRemoteClient-akka.actor.default-dispatcher-2] ERROR com.i2i.Client - Service: DATA
15:31:26 [AkkaRemoteClient-akka.actor.default-dispatcher-2] FATAL com.i2i.Client - Amount: 610572834
15:31:27 [AkkaRemoteClient-akka.actor.default-dispatcher-2] INFO  com.i2i.Client - MSISDN: 05398849442
15:31:27 [AkkaRemoteClient-akka.actor.default-dispatcher-2] WARN  com.i2i.Client - Location: TURKEY
15:31:27 [AkkaRemoteClient-akka.actor.default-dispatcher-2] ERROR com.i2i.Client - Service: VOICE
15:31:27 [AkkaRemoteClient-akka.actor.default-dispatcher-2] FATAL com.i2i.Client - Amount: 2028
15:31:27 [AkkaRemoteClient-akka.actor.default-dispatcher-2] INFO  com.i2i.Client - MSISDN: 05398849442
15:31:27 [AkkaRemoteClient-akka.actor.default-dispatcher-2] WARN  com.i2i.Client - Location: TURKEY
15:31:27 [AkkaRemoteClient-akka.actor.default-dispatcher-2] ERROR com.i2i.Client - Service: SMS
15:31:27 [AkkaRemoteClient-akka.actor.default-dispatcher-2] FATAL com.i2i.Client - Amount: 1
15:31:28 [AkkaRemoteClient-akka.actor.default-dispatcher-2] INFO  com.i2i.Client - MSISDN: 05398849442
15:31:28 [AkkaRemoteClient-akka.actor.default-dispatcher-2] WARN  com.i2i.Client - Location: TURKEY
15:31:28 [AkkaRemoteClient-akka.actor.default-dispatcher-2] ERROR com.i2i.Client - Service: DATA
15:31:28 [AkkaRemoteClient-akka.actor.default-dispatcher-2] FATAL com.i2i.Client - Amount: 227629727
15:31:28 [AkkaRemoteClient-akka.actor.default-dispatcher-2] INFO  com.i2i.Client - MSISDN: 05398849442
15:31:28 [AkkaRemoteClient-akka.actor.default-dispatcher-2] WARN  com.i2i.Client - Location: TURKEY
15:31:28 [AkkaRemoteClient-akka.actor.default-dispatcher-2] ERROR com.i2i.Client - Service: SMS
15:31:28 [AkkaRemoteClient-akka.actor.default-dispatcher-2] FATAL com.i2i.Client - Amount: 1
15:31:29 [AkkaRemoteClient-akka.actor.default-dispatcher-2] INFO  com.i2i.Client - MSISDN: 05398849442
15:31:29 [AkkaRemoteClient-akka.actor.default-dispatcher-2] WARN  com.i2i.Client - Location: OTHER
15:31:29 [AkkaRemoteClient-akka.actor.default-dispatcher-2] ERROR com.i2i.Client - Service: SMS
15:31:29 [AkkaRemoteClient-akka.actor.default-dispatcher-2] FATAL com.i2i.Client - Amount: 1
15:31:30 [AkkaRemoteClient-akka.actor.default-dispatcher-2] INFO  com.i2i.Client - MSISDN: 05398849442
15:31:30 [AkkaRemoteClient-akka.actor.default-dispatcher-2] WARN  com.i2i.Client - Location: TURKEY
15:31:30 [AkkaRemoteClient-akka.actor.default-dispatcher-2] ERROR com.i2i.Client - Service: DATA
15:31:30 [AkkaRemoteClient-akka.actor.default-dispatcher-2] FATAL com.i2i.Client - Amount: 875615373
